#
# There is insufficient memory for the Java Runtime Environment to continue.
# Native memory allocation (malloc) failed to allocate 282416 bytes for Chunk::new
# Possible reasons:
#   The system is out of physical RAM or swap space
#   In 32 bit mode, the process size limit was hit
# Possible solutions:
#   Reduce memory load on the system
#   Increase physical memory or swap space
#   Check if swap backing store is full
#   Use 64 bit Java on a 64 bit OS
#   Decrease Java heap size (-Xmx/-Xms)
#   Decrease number of Java threads
#   Decrease Java thread stack sizes (-Xss)
#   Set larger code cache with -XX:ReservedCodeCacheSize=
# This output file may be truncated or incomplete.
#
#  Out of Memory Error (allocation.cpp:390), pid=14188, tid=0x0000000000004314
#
# JRE version: OpenJDK Runtime Environment (8.0_152-b01) (build 1.8.0_152-release-1248-b01)
# Java VM: OpenJDK 64-Bit Server VM (25.152-b01 mixed mode windows-amd64 compressed oops)
# Failed to write core dump. Minidumps are not enabled by default on client versions of Windows
#

---------------  T H R E A D  ---------------

Current thread (0x00000000161da000):  JavaThread "C2 CompilerThread2" daemon [_thread_in_native, id=17172, stack(0x0000000018ab0000,0x0000000018bb0000)]

Stack: [0x0000000018ab0000,0x0000000018bb0000]
[error occurred during error reporting (printing stack bounds), id 0xc0000005]

Native frames: (J=compiled Java code, j=interpreted, Vv=VM code, C=native code)


Current CompileTask:
C2:  12340 3287 %     4       sun.security.provider.SHA::implCompress @ 12 (491 bytes)


---------------  P R O C E S S  ---------------

Java Threads: ( => current thread )
  0x000000001c309000 JavaThread "Build operations Thread 8" [_thread_blocked, id=6224, stack(0x0000000022550000,0x0000000022650000)]
  0x000000001c309800 JavaThread "Build operations Thread 7" [_thread_blocked, id=12528, stack(0x0000000022450000,0x0000000022550000)]
  0x000000001c30b000 JavaThread "Build operations Thread 6" [_thread_blocked, id=2248, stack(0x0000000022350000,0x0000000022450000)]
  0x000000001c306800 JavaThread "Build operations Thread 5" [_thread_blocked, id=14508, stack(0x0000000022250000,0x0000000022350000)]
  0x000000001a644800 JavaThread "Build operations Thread 4" [_thread_blocked, id=8660, stack(0x0000000022150000,0x0000000022250000)]
  0x000000001a643000 JavaThread "Build operations Thread 3" [_thread_blocked, id=16392, stack(0x0000000022050000,0x0000000022150000)]
  0x000000001a647800 JavaThread "Build operations Thread 2" [_thread_blocked, id=11224, stack(0x0000000021f50000,0x0000000022050000)]
  0x000000001a643800 JavaThread "Build operations" [_thread_blocked, id=18088, stack(0x0000000021e50000,0x0000000021f50000)]
  0x000000001a646000 JavaThread "Cache worker for Artifact transforms cache (C:\Users\Hp\.gradle\caches\transforms-1)" [_thread_blocked, id=15188, stack(0x0000000021d50000,0x0000000021e50000)]
  0x000000001a642000 JavaThread "Cache worker for cache directory md-rule (C:\Users\Hp\.gradle\caches\4.10.1\md-rule)" [_thread_blocked, id=17108, stack(0x0000000021c50000,0x0000000021d50000)]
  0x000000001a649000 JavaThread "Cache worker for cache directory md-supplier (C:\Users\Hp\.gradle\caches\4.10.1\md-supplier)" [_thread_blocked, id=1532, stack(0x0000000021b50000,0x0000000021c50000)]
  0x000000001a645000 JavaThread "Cache worker for journal cache (C:\Users\Hp\.gradle\caches\journal-1)" [_thread_blocked, id=10584, stack(0x000000001dca0000,0x000000001dda0000)]
  0x000000001a4dd000 JavaThread "Cache worker for file hash cache (G:\AndroidStudioProjects\Traffic\TrafficLive\.gradle\4.10.1\fileHashes)" [_thread_blocked, id=10600, stack(0x000000001cbd0000,0x000000001ccd0000)]
  0x00000000182e7800 JavaThread "File lock request listener" [_thread_in_native, id=4520, stack(0x000000001cad0000,0x000000001cbd0000)]
  0x000000001a0d6000 JavaThread "Cache worker for file hash cache (C:\Users\Hp\.gradle\caches\4.10.1\fileHashes)" [_thread_blocked, id=14288, stack(0x000000001c9d0000,0x000000001cad0000)]
  0x0000000019424800 JavaThread "Stdin handler" [_thread_blocked, id=652, stack(0x000000001b400000,0x000000001b500000)]
  0x0000000019421000 JavaThread "Asynchronous log dispatcher for DefaultDaemonConnection: socket connection from /127.0.0.1:58654 to /127.0.0.1:58655" [_thread_blocked, id=18396, stack(0x000000001b300000,0x000000001b400000)]
  0x000000001926c000 JavaThread "Daemon worker" [_thread_in_Java, id=12676, stack(0x000000001b200000,0x000000001b300000)]
  0x0000000019266800 JavaThread "Cancel handler" [_thread_blocked, id=7708, stack(0x000000001b100000,0x000000001b200000)]
  0x000000001824c000 JavaThread "Handler for socket connection from /127.0.0.1:58654 to /127.0.0.1:58655" [_thread_in_native, id=17164, stack(0x000000001b000000,0x000000001b100000)]
  0x000000001a08a000 JavaThread "Daemon" [_thread_blocked, id=1124, stack(0x000000001af00000,0x000000001b000000)]
  0x000000001a078800 JavaThread "Daemon periodic checks" [_thread_blocked, id=5476, stack(0x000000001ae00000,0x000000001af00000)]
  0x000000001a078000 JavaThread "Incoming local TCP Connector on port 58654" [_thread_in_native, id=13832, stack(0x000000001abc0000,0x000000001acc0000)]
  0x0000000018182800 JavaThread "Service Thread" daemon [_thread_blocked, id=5008, stack(0x0000000018cb0000,0x0000000018db0000)]
  0x00000000161de000 JavaThread "C1 CompilerThread3" daemon [_thread_blocked, id=14488, stack(0x0000000018bb0000,0x0000000018cb0000)]
=>0x00000000161da000 JavaThread "C2 CompilerThread2" daemon [_thread_in_native, id=17172, stack(0x0000000018ab0000,0x0000000018bb0000)]
  0x00000000180f2800 JavaThread "C2 CompilerThread1" daemon [_thread_in_native, id=17032, stack(0x00000000189b0000,0x0000000018ab0000)]
  0x00000000180ef800 JavaThread "C2 CompilerThread0" daemon [_thread_in_native, id=17472, stack(0x00000000188b0000,0x00000000189b0000)]
  0x00000000180ea800 JavaThread "Attach Listener" daemon [_thread_blocked, id=11844, stack(0x00000000187b0000,0x00000000188b0000)]
  0x00000000180f6000 JavaThread "Signal Dispatcher" daemon [_thread_blocked, id=13816, stack(0x00000000186b0000,0x00000000187b0000)]
  0x00000000180e1800 JavaThread "Finalizer" daemon [_thread_blocked, id=17700, stack(0x00000000184c0000,0x00000000185c0000)]
  0x00000000161cc000 JavaThread "Reference Handler" daemon [_thread_blocked, id=16872, stack(0x0000000017fc0000,0x00000000180c0000)]
  0x00000000009ce000 JavaThread "main" [_thread_blocked, id=2636, stack(0x0000000002210000,0x0000000002310000)]

Other Threads:
  0x00000000161c5800 VMThread [stack: 0x0000000017ec0000,0x0000000017fc0000] [id=16984]
  0x0000000018183000 WatcherThread [stack: 0x0000000018db0000,0x0000000018eb0000] [id=2744]

VM state:not at safepoint (normal execution)

VM Mutex/Monitor currently owned by a thread: None

Heap:
 PSYoungGen      total 110592K, used 28941K [0x00000000e0000000, 0x00000000e9f00000, 0x0000000100000000)
  eden space 99328K, 29% used [0x00000000e0000000,0x00000000e1c435e0,0x00000000e6100000)
  from space 11264K, 0% used [0x00000000e6100000,0x00000000e6100000,0x00000000e6c00000)
  to   space 11264K, 0% used [0x00000000e9400000,0x00000000e9400000,0x00000000e9f00000)
 ParOldGen       total 55808K, used 15788K [0x00000000a0000000, 0x00000000a3680000, 0x00000000e0000000)
  object space 55808K, 28% used [0x00000000a0000000,0x00000000a0f6b330,0x00000000a3680000)
 Metaspace       used 38340K, capacity 38846K, committed 39040K, reserved 1083392K
  class space    used 5254K, capacity 5441K, committed 5504K, reserved 1048576K

Card table byte_map: [0x00000000117d0000,0x0000000011ae0000] byte_map_base: 0x00000000112d0000

Marking Bits: (ParMarkBitMap*) 0x000000006cf25aa0
 Begin Bits: [0x00000000124e0000, 0x0000000013ce0000)
 End Bits:   [0x0000000013ce0000, 0x00000000154e0000)

Polling page: 0x00000000009a0000

CodeCache: size=245760Kb used=10680Kb max_used=10841Kb free=235079Kb
 bounds [0x0000000002410000, 0x0000000002ec0000, 0x0000000011410000]
 total_blobs=3787 nmethods=3065 adapters=635
 compilation: enabled

Compilation events (10 events):
Event: 12.304 Thread 0x00000000161de000 nmethod 3301 0x00000000028a4c10 code [0x00000000028a4d60, 0x00000000028a4f90]
Event: 12.304 Thread 0x00000000161de000 3302       3       java.math.BigInteger::intArrayCmpToLen (55 bytes)
Event: 12.305 Thread 0x00000000161de000 nmethod 3302 0x0000000002eaccd0 code [0x0000000002eace40, 0x0000000002ead130]
Event: 12.305 Thread 0x00000000161de000 3303 %     3       java.math.BigInteger::multiplyToLen @ 135 (216 bytes)
Event: 12.305 Thread 0x00000000161de000 nmethod 3303% 0x0000000002754550 code [0x0000000002754700, 0x0000000002754db0]
Event: 12.305 Thread 0x00000000161de000 3304       3       java.math.BigInteger::montgomerySquare (49 bytes)
Event: 12.306 Thread 0x00000000180f2800 nmethod 3296 0x00000000028a4850 code [0x00000000028a49a0, 0x00000000028a4ab8]
Event: 12.306 Thread 0x00000000180f2800 3293       4       java.math.BigInteger::mulAdd (19 bytes)
Event: 12.306 Thread 0x00000000161de000 nmethod 3304 0x0000000002810e90 code [0x0000000002811060, 0x00000000028116d8]
Event: 12.306 Thread 0x00000000161de000 3305       3       java.math.BigInteger::multiplyToLen (216 bytes)

GC Heap History (10 events):
Event: 6.813 GC heap before
{Heap before GC invocations=7 (full 1):
 PSYoungGen      total 38400K, used 33280K [0x00000000e0000000, 0x00000000e5600000, 0x0000000100000000)
  eden space 33280K, 100% used [0x00000000e0000000,0x00000000e2080000,0x00000000e2080000)
  from space 5120K, 0% used [0x00000000e2080000,0x00000000e2080000,0x00000000e2580000)
  to   space 10752K, 0% used [0x00000000e4b80000,0x00000000e4b80000,0x00000000e5600000)
 ParOldGen       total 55808K, used 8705K [0x00000000a0000000, 0x00000000a3680000, 0x00000000e0000000)
  object space 55808K, 15% used [0x00000000a0000000,0x00000000a08806c8,0x00000000a3680000)
 Metaspace       used 24154K, capacity 24578K, committed 24832K, reserved 1071104K
  class space    used 3321K, capacity 3484K, committed 3584K, reserved 1048576K
Event: 6.817 GC heap after
Heap after GC invocations=7 (full 1):
 PSYoungGen      total 61952K, used 3939K [0x00000000e0000000, 0x00000000e4f80000, 0x0000000100000000)
  eden space 57856K, 0% used [0x00000000e0000000,0x00000000e0000000,0x00000000e3880000)
  from space 4096K, 96% used [0x00000000e4b80000,0x00000000e4f58c80,0x00000000e4f80000)
  to   space 10752K, 0% used [0x00000000e3a80000,0x00000000e3a80000,0x00000000e4500000)
 ParOldGen       total 55808K, used 8713K [0x00000000a0000000, 0x00000000a3680000, 0x00000000e0000000)
  object space 55808K, 15% used [0x00000000a0000000,0x00000000a08826c8,0x00000000a3680000)
 Metaspace       used 24154K, capacity 24578K, committed 24832K, reserved 1071104K
  class space    used 3321K, capacity 3484K, committed 3584K, reserved 1048576K
}
Event: 7.282 GC heap before
{Heap before GC invocations=8 (full 1):
 PSYoungGen      total 61952K, used 61795K [0x00000000e0000000, 0x00000000e4f80000, 0x0000000100000000)
  eden space 57856K, 100% used [0x00000000e0000000,0x00000000e3880000,0x00000000e3880000)
  from space 4096K, 96% used [0x00000000e4b80000,0x00000000e4f58c80,0x00000000e4f80000)
  to   space 10752K, 0% used [0x00000000e3a80000,0x00000000e3a80000,0x00000000e4500000)
 ParOldGen       total 55808K, used 8713K [0x00000000a0000000, 0x00000000a3680000, 0x00000000e0000000)
  object space 55808K, 15% used [0x00000000a0000000,0x00000000a08826c8,0x00000000a3680000)
 Metaspace       used 28207K, capacity 28594K, committed 28672K, reserved 1073152K
  class space    used 3916K, capacity 4074K, committed 4096K, reserved 1048576K
Event: 7.288 GC heap after
Heap after GC invocations=8 (full 1):
 PSYoungGen      total 70656K, used 7151K [0x00000000e0000000, 0x00000000e7680000, 0x0000000100000000)
  eden space 59904K, 0% used [0x00000000e0000000,0x00000000e0000000,0x00000000e3a80000)
  from space 10752K, 66% used [0x00000000e3a80000,0x00000000e417bd28,0x00000000e4500000)
  to   space 10752K, 0% used [0x00000000e6c00000,0x00000000e6c00000,0x00000000e7680000)
 ParOldGen       total 55808K, used 8721K [0x00000000a0000000, 0x00000000a3680000, 0x00000000e0000000)
  object space 55808K, 15% used [0x00000000a0000000,0x00000000a08846c8,0x00000000a3680000)
 Metaspace       used 28207K, capacity 28594K, committed 28672K, reserved 1073152K
  class space    used 3916K, capacity 4074K, committed 4096K, reserved 1048576K
}
Event: 11.061 GC heap before
{Heap before GC invocations=9 (full 1):
 PSYoungGen      total 70656K, used 67055K [0x00000000e0000000, 0x00000000e7680000, 0x0000000100000000)
  eden space 59904K, 100% used [0x00000000e0000000,0x00000000e3a80000,0x00000000e3a80000)
  from space 10752K, 66% used [0x00000000e3a80000,0x00000000e417bd28,0x00000000e4500000)
  to   space 10752K, 0% used [0x00000000e6c00000,0x00000000e6c00000,0x00000000e7680000)
 ParOldGen       total 55808K, used 8721K [0x00000000a0000000, 0x00000000a3680000, 0x00000000e0000000)
  object space 55808K, 15% used [0x00000000a0000000,0x00000000a08846c8,0x00000000a3680000)
 Metaspace       used 31133K, capacity 31576K, committed 31744K, reserved 1077248K
  class space    used 4365K, capacity 4577K, committed 4608K, reserved 1048576K
Event: 11.067 GC heap after
Heap after GC invocations=9 (full 1):
 PSYoungGen      total 110080K, used 9539K [0x00000000e0000000, 0x00000000e7800000, 0x0000000100000000)
  eden space 99328K, 0% used [0x00000000e0000000,0x00000000e0000000,0x00000000e6100000)
  from space 10752K, 88% used [0x00000000e6c00000,0x00000000e7550f78,0x00000000e7680000)
  to   space 11264K, 0% used [0x00000000e6100000,0x00000000e6100000,0x00000000e6c00000)
 ParOldGen       total 55808K, used 8729K [0x00000000a0000000, 0x00000000a3680000, 0x00000000e0000000)
  object space 55808K, 15% used [0x00000000a0000000,0x00000000a08866c8,0x00000000a3680000)
 Metaspace       used 31133K, capacity 31576K, committed 31744K, reserved 1077248K
  class space    used 4365K, capacity 4577K, committed 4608K, reserved 1048576K
}
Event: 11.613 GC heap before
{Heap before GC invocations=10 (full 1):
 PSYoungGen      total 110080K, used 29403K [0x00000000e0000000, 0x00000000e7800000, 0x0000000100000000)
  eden space 99328K, 19% used [0x00000000e0000000,0x00000000e1365d28,0x00000000e6100000)
  from space 10752K, 88% used [0x00000000e6c00000,0x00000000e7550f78,0x00000000e7680000)
  to   space 11264K, 0% used [0x00000000e6100000,0x00000000e6100000,0x00000000e6c00000)
 ParOldGen       total 55808K, used 8729K [0x00000000a0000000, 0x00000000a3680000, 0x00000000e0000000)
  object space 55808K, 15% used [0x00000000a0000000,0x00000000a08866c8,0x00000000a3680000)
 Metaspace       used 34902K, capacity 35348K, committed 35416K, reserved 1079296K
  class space    used 4851K, capacity 5068K, committed 5120K, reserved 1048576K
Event: 11.620 GC heap after
Heap after GC invocations=10 (full 1):
 PSYoungGen      total 110592K, used 7613K [0x00000000e0000000, 0x00000000e9f00000, 0x0000000100000000)
  eden space 99328K, 0% used [0x00000000e0000000,0x00000000e0000000,0x00000000e6100000)
  from space 11264K, 67% used [0x00000000e6100000,0x00000000e686f720,0x00000000e6c00000)
  to   space 11264K, 0% used [0x00000000e9400000,0x00000000e9400000,0x00000000e9f00000)
 ParOldGen       total 55808K, used 10481K [0x00000000a0000000, 0x00000000a3680000, 0x00000000e0000000)
  object space 55808K, 18% used [0x00000000a0000000,0x00000000a0a3c718,0x00000000a3680000)
 Metaspace       used 34902K, capacity 35348K, committed 35416K, reserved 1079296K
  class space    used 4851K, capacity 5068K, committed 5120K, reserved 1048576K
}
Event: 11.620 GC heap before
{Heap before GC invocations=11 (full 2):
 PSYoungGen      total 110592K, used 7613K [0x00000000e0000000, 0x00000000e9f00000, 0x0000000100000000)
  eden space 99328K, 0% used [0x00000000e0000000,0x00000000e0000000,0x00000000e6100000)
  from space 11264K, 67% used [0x00000000e6100000,0x00000000e686f720,0x00000000e6c00000)
  to   space 11264K, 0% used [0x00000000e9400000,0x00000000e9400000,0x00000000e9f00000)
 ParOldGen       total 55808K, used 10481K [0x00000000a0000000, 0x00000000a3680000, 0x00000000e0000000)
  object space 55808K, 18% used [0x00000000a0000000,0x00000000a0a3c718,0x00000000a3680000)
 Metaspace       used 34902K, capacity 35348K, committed 35416K, reserved 1079296K
  class space    used 4851K, capacity 5068K, committed 5120K, reserved 1048576K
Event: 11.670 GC heap after
Heap after GC invocations=11 (full 2):
 PSYoungGen      total 110592K, used 0K [0x00000000e0000000, 0x00000000e9f00000, 0x0000000100000000)
  eden space 99328K, 0% used [0x00000000e0000000,0x00000000e0000000,0x00000000e6100000)
  from space 11264K, 0% used [0x00000000e6100000,0x00000000e6100000,0x00000000e6c00000)
  to   space 11264K, 0% used [0x00000000e9400000,0x00000000e9400000,0x00000000e9f00000)
 ParOldGen       total 55808K, used 15788K [0x00000000a0000000, 0x00000000a3680000, 0x00000000e0000000)
  object space 55808K, 28% used [0x00000000a0000000,0x00000000a0f6b330,0x00000000a3680000)
 Metaspace       used 34902K, capacity 35348K, committed 35416K, reserved 1079296K
  class space    used 4851K, capacity 5068K, committed 5120K, reserved 1048576K
}

Deoptimization events (10 events):
Event: 11.136 Thread 0x000000001926c000 Uncommon trap: reason=class_check action=maybe_recompile pc=0x0000000002c6985c method=java.io.BufferedInputStream.read1([BII)I @ 39
Event: 11.136 Thread 0x000000001926c000 Uncommon trap: reason=class_check action=maybe_recompile pc=0x0000000002c6985c method=java.io.BufferedInputStream.read1([BII)I @ 39
Event: 11.136 Thread 0x000000001926c000 Uncommon trap: reason=class_check action=maybe_recompile pc=0x0000000002c6985c method=java.io.BufferedInputStream.read1([BII)I @ 39
Event: 11.149 Thread 0x000000001926c000 Uncommon trap: reason=unstable_if action=reinterpret pc=0x0000000002dfa010 method=java.util.regex.Pattern.has(I)Z @ 6
Event: 11.335 Thread 0x000000001926c000 Uncommon trap: reason=predicate action=maybe_recompile pc=0x0000000002c8a088 method=java.util.Arrays.binarySearch0([Ljava/lang/Object;IILjava/lang/Object;Ljava/util/Comparator;)I @ 28
Event: 11.376 Thread 0x000000001926c000 Uncommon trap: reason=unstable_if action=reinterpret pc=0x000000000299ae58 method=sun.misc.MetaIndex.mayContain(Ljava/lang/String;)Z @ 38
Event: 12.109 Thread 0x000000001926c000 Uncommon trap: reason=unstable_if action=reinterpret pc=0x0000000002da8480 method=java.util.jar.Attributes$Name.isDigit(C)Z @ 3
Event: 12.116 Thread 0x000000001926c000 Uncommon trap: reason=unstable_if action=reinterpret pc=0x00000000028abe70 method=java.lang.ThreadLocal.get()Ljava/lang/Object; @ 11
Event: 12.221 Thread 0x000000001926c000 Uncommon trap: reason=unstable_if action=reinterpret pc=0x0000000002c22a24 method=java.util.HashMap.putVal(ILjava/lang/Object;Ljava/lang/Object;ZZ)Ljava/lang/Object; @ 236
Event: 12.278 Thread 0x000000001926c000 Uncommon trap: reason=unstable_if action=reinterpret pc=0x00000000025292fc method=java.lang.CharacterDataLatin1.isWhitespace(I)Z @ 14

Classes redefined (0 events):
No events

Internal exceptions (10 events):
Event: 10.847 Thread 0x000000001926c000 Exception <a 'java/lang/ClassNotFoundException': org/gradle/api/DefaultTaskCustomizer> (0x00000000e36a4a60) thrown at [D:\src\AOSP-openjdk-cygwin\jdk8u\hotspot\src\share\vm\classfile\systemDictionary.cpp, line 210]
Event: 10.848 Thread 0x000000001926c000 Exception <a 'java/lang/ClassNotFoundException': org/gradle/api/internal/ConventionTaskCustomizer> (0x00000000e36e33e8) thrown at [D:\src\AOSP-openjdk-cygwin\jdk8u\hotspot\src\share\vm\classfile\systemDictionary.cpp, line 210]
Event: 10.849 Thread 0x000000001926c000 Exception <a 'java/lang/ClassNotFoundException': org/gradle/api/tasks/DeleteCustomizer> (0x00000000e371f0d0) thrown at [D:\src\AOSP-openjdk-cygwin\jdk8u\hotspot\src\share\vm\classfile\systemDictionary.cpp, line 210]
Event: 10.851 Thread 0x000000001926c000 Exception <a 'java/lang/ClassNotFoundException': org/gradle/api/tasks/Delete_DecoratedCustomizer> (0x00000000e37692e8) thrown at [D:\src\AOSP-openjdk-cygwin\jdk8u\hotspot\src\share\vm\classfile\systemDictionary.cpp, line 210]
Event: 10.970 Thread 0x000000001926c000 Exception <a 'java/lang/ClassNotFoundException': build_9piu0y6owg70lxhi1q1zqbq4zBeanInfo> (0x00000000e389c798) thrown at [D:\src\AOSP-openjdk-cygwin\jdk8u\hotspot\src\share\vm\classfile\systemDictionary.cpp, line 210]
Event: 10.970 Thread 0x000000001926c000 Exception <a 'java/lang/ClassNotFoundException': build_9piu0y6owg70lxhi1q1zqbq4zCustomizer> (0x00000000e38a7480) thrown at [D:\src\AOSP-openjdk-cygwin\jdk8u\hotspot\src\share\vm\classfile\systemDictionary.cpp, line 210]
Event: 10.973 Thread 0x000000001926c000 Exception <a 'java/lang/ClassNotFoundException': org/gradle/api/internal/plugins/DefaultObjectConfigurationActionBeanInfo> (0x00000000e3925b58) thrown at [D:\src\AOSP-openjdk-cygwin\jdk8u\hotspot\src\share\vm\classfile\systemDictionary.cpp, line 210]
Event: 10.973 Thread 0x000000001926c000 Exception <a 'java/lang/ClassNotFoundException': org/gradle/api/internal/plugins/DefaultObjectConfigurationActionCustomizer> (0x00000000e39622a0) thrown at [D:\src\AOSP-openjdk-cygwin\jdk8u\hotspot\src\share\vm\classfile\systemDictionary.cpp, line 210]
Event: 11.900 Thread 0x000000001926c000 Exception <a 'sun/nio/fs/WindowsException'> (0x00000000e09230e0) thrown at [D:\src\AOSP-openjdk-cygwin\jdk8u\hotspot\src\share\vm\prims\jni.cpp, line 709]
Event: 12.116 Thread 0x000000001926c000 Implicit null exception at 0x00000000028ab928 to 0x00000000028abe59

Events (10 events):
Event: 12.286 loading class sun/security/provider/DSA$SHA1withDSA done
Event: 12.286 loading class java/security/interfaces/DSAParams
Event: 12.286 loading class java/security/interfaces/DSAParams done
Event: 12.286 loading class java/security/spec/DSAParameterSpec
Event: 12.287 loading class java/security/spec/AlgorithmParameterSpec
Event: 12.287 loading class java/security/spec/AlgorithmParameterSpec done
Event: 12.287 loading class java/security/spec/DSAParameterSpec done
Event: 12.289 loading class java/math/SignedMutableBigInteger
Event: 12.289 loading class java/math/SignedMutableBigInteger done
Event: 12.306 loading class sun/security/provider/certpath/X509CertPath


Dynamic libraries:
0x00007ff611ea0000 - 0x00007ff611ed1000 	C:\Program Files\Android\Android Studio\jre\bin\java.exe
0x00007ffa5a740000 - 0x00007ffa5a921000 	C:\WINDOWS\SYSTEM32\ntdll.dll
0x00007ffa5a380000 - 0x00007ffa5a431000 	C:\WINDOWS\System32\KERNEL32.DLL
0x00007ffa577c0000 - 0x00007ffa57a33000 	C:\WINDOWS\System32\KERNELBASE.dll
0x00007ffa59b20000 - 0x00007ffa59bc1000 	C:\WINDOWS\System32\ADVAPI32.dll
0x00007ffa583d0000 - 0x00007ffa5846e000 	C:\WINDOWS\System32\msvcrt.dll
0x00007ffa59bd0000 - 0x00007ffa59c2b000 	C:\WINDOWS\System32\sechost.dll
0x00007ffa59c90000 - 0x00007ffa59db4000 	C:\WINDOWS\System32\RPCRT4.dll
0x00007ffa59920000 - 0x00007ffa59ab0000 	C:\WINDOWS\System32\USER32.dll
0x00007ffa577a0000 - 0x00007ffa577c0000 	C:\WINDOWS\System32\win32u.dll
0x00007ffa5a350000 - 0x00007ffa5a378000 	C:\WINDOWS\System32\GDI32.dll
0x00007ffa57600000 - 0x00007ffa57792000 	C:\WINDOWS\System32\gdi32full.dll
0x00007ffa57560000 - 0x00007ffa575ff000 	C:\WINDOWS\System32\msvcp_win.dll
0x00007ffa56d00000 - 0x00007ffa56df8000 	C:\WINDOWS\System32\ucrtbase.dll
0x00007ffa4e3a0000 - 0x00007ffa4e609000 	C:\WINDOWS\WinSxS\amd64_microsoft.windows.common-controls_6595b64144ccf1df_6.0.17134.706_none_fb43a2cb30647007\COMCTL32.dll
0x00007ffa580a0000 - 0x00007ffa583c2000 	C:\WINDOWS\System32\combase.dll
0x00007ffa57a40000 - 0x00007ffa57aba000 	C:\WINDOWS\System32\bcryptPrimitives.dll
0x00007ffa5a320000 - 0x00007ffa5a34d000 	C:\WINDOWS\System32\IMM32.DLL
0x000000006c4d0000 - 0x000000006c5a2000 	C:\Program Files\Android\Android Studio\jre\jre\bin\msvcr100.dll
0x000000006c760000 - 0x000000006cfa1000 	C:\Program Files\Android\Android Studio\jre\jre\bin\server\jvm.dll
0x00007ffa59910000 - 0x00007ffa59918000 	C:\WINDOWS\System32\PSAPI.DLL
0x00007ffa546b0000 - 0x00007ffa546d3000 	C:\WINDOWS\SYSTEM32\WINMM.dll
0x00007ffa45770000 - 0x00007ffa45779000 	C:\WINDOWS\SYSTEM32\WSOCK32.dll
0x00007ffa55350000 - 0x00007ffa5535a000 	C:\WINDOWS\SYSTEM32\VERSION.dll
0x00007ffa59ab0000 - 0x00007ffa59b1c000 	C:\WINDOWS\System32\WS2_32.dll
0x00007ffa53ad0000 - 0x00007ffa53afa000 	C:\WINDOWS\SYSTEM32\WINMMBASE.dll
0x00007ffa56e00000 - 0x00007ffa56e49000 	C:\WINDOWS\System32\cfgmgr32.dll
0x00007ffa54710000 - 0x00007ffa5471f000 	C:\Program Files\Android\Android Studio\jre\jre\bin\verify.dll
0x00007ffa3e9e0000 - 0x00007ffa3ea09000 	C:\Program Files\Android\Android Studio\jre\jre\bin\java.dll
0x00007ffa45210000 - 0x00007ffa45226000 	C:\Program Files\Android\Android Studio\jre\jre\bin\zip.dll
0x00007ffa58470000 - 0x00007ffa598b0000 	C:\WINDOWS\System32\SHELL32.dll
0x00007ffa59ff0000 - 0x00007ffa5a099000 	C:\WINDOWS\System32\shcore.dll
0x00007ffa56e50000 - 0x00007ffa5755d000 	C:\WINDOWS\System32\windows.storage.dll
0x00007ffa5a6b0000 - 0x00007ffa5a701000 	C:\WINDOWS\System32\shlwapi.dll
0x00007ffa56af0000 - 0x00007ffa56b01000 	C:\WINDOWS\System32\kernel.appcore.dll
0x00007ffa56ab0000 - 0x00007ffa56acf000 	C:\WINDOWS\System32\profapi.dll
0x00007ffa56a60000 - 0x00007ffa56aac000 	C:\WINDOWS\System32\powrprof.dll
0x00007ffa56a50000 - 0x00007ffa56a5a000 	C:\WINDOWS\System32\FLTLIB.DLL
0x00007ffa3dd30000 - 0x00007ffa3dd4a000 	C:\Program Files\Android\Android Studio\jre\jre\bin\net.dll
0x00007ffa562d0000 - 0x00007ffa56336000 	C:\WINDOWS\system32\mswsock.dll
0x00007ffa3dd10000 - 0x00007ffa3dd21000 	C:\Program Files\Android\Android Studio\jre\jre\bin\nio.dll
0x00007ffa3d910000 - 0x00007ffa3d92e000 	C:\Users\Hp\.gradle\native\25\windows-amd64\native-platform.dll
0x00007ffa526d0000 - 0x00007ffa526dd000 	C:\Program Files\Android\Android Studio\jre\jre\bin\management.dll
0x00007ffa56480000 - 0x00007ffa56497000 	C:\WINDOWS\SYSTEM32\CRYPTSP.dll
0x00007ffa55e50000 - 0x00007ffa55e83000 	C:\WINDOWS\system32\rsaenh.dll
0x00007ffa565b0000 - 0x00007ffa565d5000 	C:\WINDOWS\SYSTEM32\bcrypt.dll
0x00007ffa56980000 - 0x00007ffa569a8000 	C:\WINDOWS\SYSTEM32\USERENV.dll
0x00007ffa564a0000 - 0x00007ffa564ab000 	C:\WINDOWS\SYSTEM32\CRYPTBASE.dll
0x00007ffa55ff0000 - 0x00007ffa56028000 	C:\WINDOWS\SYSTEM32\IPHLPAPI.DLL
0x00007ffa5a0a0000 - 0x00007ffa5a0a8000 	C:\WINDOWS\System32\NSI.dll
0x00007ffa4da30000 - 0x00007ffa4da46000 	C:\WINDOWS\SYSTEM32\dhcpcsvc6.DLL
0x00007ffa4da10000 - 0x00007ffa4da2a000 	C:\WINDOWS\SYSTEM32\dhcpcsvc.DLL

VM Arguments:
jvm_args: -Xmx1536m -Dfile.encoding=windows-1252 -Duser.country=US -Duser.language=en -Duser.variant 
java_command: org.gradle.launcher.daemon.bootstrap.GradleDaemon 4.10.1
java_class_path (initial): C:\Users\Hp\.gradle\wrapper\dists\gradle-4.10.1-all\455itskqi2qtf0v2sja68alqd\gradle-4.10.1\lib\gradle-launcher-4.10.1.jar
Launcher Type: SUN_STANDARD

Environment Variables:
PATH="C:\ProgramData\Oracle\Java\javapath;C:\Program Files\Java\jdk-9.0.1\bin";C:\Program Files (x86)\Intel\Intel(R) Management Engine Components\iCLS\;C:\Program Files\Intel\Intel(R) Management Engine Components\iCLS\;C:\windows\system32;C:\windows;C:\windows\System32\Wbem;C:\windows\System32\WindowsPowerShell\v1.0\;C:\Program Files (x86)\Intel\Intel(R) Management Engine Components\DAL;C:\Program Files\Intel\Intel(R) Management Engine Components\DAL;C:\Program Files (x86)\Intel\Intel(R) Management Engine Components\IPT;C:\Program Files\Intel\Intel(R) Management Engine Components\IPT;C:\Program Files (x86)\NVIDIA Corporation\PhysX\Common;C:\Program Files\Git\cmd;C:\WINDOWS\system32;C:\WINDOWS;C:\WINDOWS\System32\Wbem;C:\WINDOWS\System32\WindowsPowerShell\v1.0\;C:\WINDOWS\System32\OpenSSH\;"C:\Users\Hp\AppData\Local\Microsoft\WindowsApps;C:\Users\Hp\AppData\Local\Android\Sdk\platform-tools";C:\Users\Hp\AppData\Local\atom\bin;%USERPROFILE%\AppData\Local\Microsoft\WindowsApps;
USERNAME=Hp
OS=Windows_NT
PROCESSOR_IDENTIFIER=Intel64 Family 6 Model 142 Stepping 10, GenuineIntel



---------------  S Y S T E M  ---------------

OS: Windows 10.0 , 64 bit Build 17134 (10.0.17134.706)

CPU:total 8 (initial active 8) (4 cores per cpu, 2 threads per core) family 6 model 142 stepping 10, cmov, cx8, fxsr, mmx, sse, sse2, sse3, ssse3, sse4.1, sse4.2, popcnt, avx, avx2, aes, clmul, erms, 3dnowpref, lzcnt, ht, tsc, tscinvbit, bmi1, bmi2, adx

Memory: 4k page, physical 8301668k(1117780k free), swap 8301668k(4040k free)

vm_info: OpenJDK 64-Bit Server VM (25.152-b01) for windows-amd64 JRE (1.8.0_152-release-1248-b01), built by "builder" with MS VC++ 10.0 (VS2010)

time: Sat May 04 13:50:04 2019
elapsed time: 12 seconds (0d 0h 0m 12s)

