#
# There is insufficient memory for the Java Runtime Environment to continue.
# Native memory allocation (malloc) failed to allocate 32744 bytes for ChunkPool::allocate
# Possible reasons:
#   The system is out of physical RAM or swap space
#   In 32 bit mode, the process size limit was hit
# Possible solutions:
#   Reduce memory load on the system
#   Increase physical memory or swap space
#   Check if swap backing store is full
#   Use 64 bit Java on a 64 bit OS
#   Decrease Java heap size (-Xmx/-Xms)
#   Decrease number of Java threads
#   Decrease Java thread stack sizes (-Xss)
#   Set larger code cache with -XX:ReservedCodeCacheSize=
# This output file may be truncated or incomplete.
#
#  Out of Memory Error (allocation.cpp:273), pid=17396, tid=0x000000000000367c
#
# JRE version: OpenJDK Runtime Environment (8.0_152-b01) (build 1.8.0_152-release-1248-b01)
# Java VM: OpenJDK 64-Bit Server VM (25.152-b01 mixed mode windows-amd64 compressed oops)
# Failed to write core dump. Minidumps are not enabled by default on client versions of Windows
#

---------------  T H R E A D  ---------------

Current thread (0x0000000018ac1800):  JavaThread "C2 CompilerThread1" daemon [_thread_in_native, id=13948, stack(0x0000000019380000,0x0000000019480000)]

Stack: [0x0000000019380000,0x0000000019480000]
[error occurred during error reporting (printing stack bounds), id 0xc0000005]

Native frames: (J=compiled Java code, j=interpreted, Vv=VM code, C=native code)


Current CompileTask:
C2:  11010 8384       4       com.android.utils.XmlUtils::append (540 bytes)


---------------  P R O C E S S  ---------------

Java Threads: ( => current thread )
  0x000000001f185000 JavaThread "stdout" daemon [_thread_in_native, id=7144, stack(0x00000000295b0000,0x00000000296b0000)]
  0x000000001f186800 JavaThread "stderr" daemon [_thread_in_native, id=408, stack(0x00000000294b0000,0x00000000295b0000)]
  0x000000001f180800 JavaThread "stdout" daemon [_thread_in_native, id=15644, stack(0x00000000293b0000,0x00000000294b0000)]
  0x000000001f181000 JavaThread "stderr" daemon [_thread_in_native, id=13836, stack(0x00000000292b0000,0x00000000293b0000)]
  0x000000001f184000 JavaThread "stdout" daemon [_thread_in_native, id=6160, stack(0x00000000291b0000,0x00000000292b0000)]
  0x000000001d0d4000 JavaThread "stderr" daemon [_thread_in_native, id=10940, stack(0x00000000290b0000,0x00000000291b0000)]
  0x000000001d0d3800 JavaThread "stdout" daemon [_thread_in_native, id=2352, stack(0x0000000028fb0000,0x00000000290b0000)]
  0x000000001d0d2800 JavaThread "stderr" daemon [_thread_in_native, id=17608, stack(0x0000000028eb0000,0x0000000028fb0000)]
  0x000000001d0d7000 JavaThread "stdout" daemon [_thread_in_native, id=13188, stack(0x0000000028db0000,0x0000000028eb0000)]
  0x000000001d0d6800 JavaThread "stderr" daemon [_thread_in_native, id=18336, stack(0x0000000028cb0000,0x0000000028db0000)]
  0x000000001d0d2000 JavaThread "stdout" daemon [_thread_in_native, id=13212, stack(0x0000000028bb0000,0x0000000028cb0000)]
  0x000000001d0d5000 JavaThread "stdout" daemon [_thread_in_native, id=12388, stack(0x0000000028ab0000,0x0000000028bb0000)]
  0x000000001d0d8000 JavaThread "stderr" daemon [_thread_in_native, id=6872, stack(0x00000000289b0000,0x0000000028ab0000)]
  0x000000001d0d5800 JavaThread "stderr" daemon [_thread_in_native, id=12100, stack(0x00000000288b0000,0x00000000289b0000)]
  0x000000001d0ca800 JavaThread "pool-2-thread-1" [_thread_blocked, id=16488, stack(0x0000000028670000,0x0000000028770000)]
  0x000000001d0d1000 JavaThread "MarlinRenderer Disposer" daemon [_thread_blocked, id=16660, stack(0x0000000028370000,0x0000000028470000)]
  0x000000001d0cc800 JavaThread "Java2D Disposer" daemon [_thread_blocked, id=18076, stack(0x0000000028240000,0x0000000028340000)]
  0x000000001d0d0800 JavaThread "ForkJoinPool.commonPool-worker-7" daemon [_thread_blocked, id=5028, stack(0x0000000028140000,0x0000000028240000)]
  0x000000001d0cb000 JavaThread "ForkJoinPool.commonPool-worker-6" daemon [_thread_blocked, id=17416, stack(0x0000000028040000,0x0000000028140000)]
  0x000000001d0ce000 JavaThread "ForkJoinPool.commonPool-worker-5" daemon [_thread_blocked, id=18264, stack(0x0000000027f40000,0x0000000028040000)]
  0x000000001d0c9800 JavaThread "ForkJoinPool.commonPool-worker-4" daemon [_thread_blocked, id=10720, stack(0x0000000027e40000,0x0000000027f40000)]
  0x000000001d0cf000 JavaThread "ForkJoinPool.commonPool-worker-3" daemon [_thread_blocked, id=8476, stack(0x0000000027d40000,0x0000000027e40000)]
  0x000000001d0cf800 JavaThread "ForkJoinPool.commonPool-worker-2" daemon [_thread_in_native, id=11032, stack(0x0000000027c40000,0x0000000027d40000)]
  0x000000001d0c9000 JavaThread "ForkJoinPool.commonPool-worker-1" daemon [_thread_blocked, id=17132, stack(0x00000000278f0000,0x00000000279f0000)]
  0x000000001c5a3800 JavaThread "Cache worker for Build Output Cleanup Cache (G:\AndroidStudioProjects\Traffic\TrafficLive\.gradle\buildOutputCleanup)" [_thread_blocked, id=6220, stack(0x00000000275f0000,0x00000000276f0000)]
  0x000000001c5a2800 JavaThread "Cache worker for task history cache (G:\AndroidStudioProjects\Traffic\TrafficLive\.gradle\4.10.1\taskHistory)" [_thread_blocked, id=12716, stack(0x00000000264d0000,0x00000000265d0000)]
  0x000000001c5a2000 JavaThread "Task worker for ':' Thread 7" [_thread_blocked, id=15848, stack(0x00000000263d0000,0x00000000264d0000)]
  0x000000001c5a5000 JavaThread "Task worker for ':' Thread 6" [_thread_blocked, id=6312, stack(0x00000000262d0000,0x00000000263d0000)]
  0x000000001c5a1000 JavaThread "Task worker for ':' Thread 5" [_thread_blocked, id=8924, stack(0x00000000261d0000,0x00000000262d0000)]
  0x000000001c5a0800 JavaThread "Task worker for ':' Thread 4" [_thread_blocked, id=10668, stack(0x0000000025e10000,0x0000000025f10000)]
  0x000000001c599000 JavaThread "Task worker for ':' Thread 3" [_thread_blocked, id=3936, stack(0x0000000025d10000,0x0000000025e10000)]
  0x000000001c59f800 JavaThread "Task worker for ':' Thread 2" [_thread_blocked, id=7372, stack(0x0000000025c10000,0x0000000025d10000)]
  0x000000001c598000 JavaThread "Task worker for ':'" [_thread_blocked, id=9168, stack(0x0000000025b10000,0x0000000025c10000)]
  0x000000001c59f000 JavaThread "Cache worker for file content cache (G:\AndroidStudioProjects\Traffic\TrafficLive\.gradle\4.10.1\fileContent)" [_thread_blocked, id=14496, stack(0x0000000025810000,0x0000000025910000)]
  0x000000001c599800 JavaThread "Cache worker for file content cache (C:\Users\Hp\.gradle\caches\4.10.1\fileContent)" [_thread_blocked, id=16984, stack(0x0000000025710000,0x0000000025810000)]
  0x000000001c59e000 JavaThread "Memory manager" [_thread_blocked, id=16676, stack(0x00000000237f0000,0x00000000238f0000)]
  0x000000001c596800 JavaThread "Build operations Thread 8" [_thread_blocked, id=18004, stack(0x00000000232f0000,0x00000000233f0000)]
  0x000000001c59a800 JavaThread "Build operations Thread 7" [_thread_blocked, id=16608, stack(0x00000000231f0000,0x00000000232f0000)]
  0x000000001c59d800 JavaThread "Build operations Thread 6" [_thread_blocked, id=14788, stack(0x00000000230f0000,0x00000000231f0000)]
  0x000000001c597800 JavaThread "Build operations Thread 5" [_thread_blocked, id=14780, stack(0x0000000022ff0000,0x00000000230f0000)]
  0x000000001c59c800 JavaThread "Build operations Thread 4" [_thread_blocked, id=13632, stack(0x0000000022ef0000,0x0000000022ff0000)]
  0x000000001b03d000 JavaThread "Build operations Thread 3" [_thread_blocked, id=2700, stack(0x0000000022df0000,0x0000000022ef0000)]
  0x000000001b03a000 JavaThread "Build operations Thread 2" [_thread_blocked, id=17912, stack(0x0000000022cf0000,0x0000000022df0000)]
  0x000000001b03c800 JavaThread "Build operations" [_thread_blocked, id=7440, stack(0x0000000022bf0000,0x0000000022cf0000)]
  0x000000001b039800 JavaThread "Cache worker for Artifact transforms cache (C:\Users\Hp\.gradle\caches\transforms-1)" [_thread_blocked, id=1932, stack(0x0000000022af0000,0x0000000022bf0000)]
  0x000000001b03b000 JavaThread "Cache worker for cache directory md-rule (C:\Users\Hp\.gradle\caches\4.10.1\md-rule)" [_thread_blocked, id=16872, stack(0x0000000021290000,0x0000000021390000)]
  0x000000001b03f800 JavaThread "Cache worker for cache directory md-supplier (C:\Users\Hp\.gradle\caches\4.10.1\md-supplier)" [_thread_blocked, id=11812, stack(0x0000000020eb0000,0x0000000020fb0000)]
  0x000000001b040000 JavaThread "Cache worker for journal cache (C:\Users\Hp\.gradle\caches\journal-1)" [_thread_blocked, id=3272, stack(0x000000001e780000,0x000000001e880000)]
  0x000000001c448800 JavaThread "Cache worker for file hash cache (G:\AndroidStudioProjects\Traffic\TrafficLive\.gradle\4.10.1\fileHashes)" [_thread_blocked, id=13112, stack(0x000000001d5a0000,0x000000001d6a0000)]
  0x000000001c210800 JavaThread "File lock request listener" [_thread_in_native, id=5872, stack(0x000000001d4a0000,0x000000001d5a0000)]
  0x000000001c595800 JavaThread "Cache worker for file hash cache (C:\Users\Hp\.gradle\caches\4.10.1\fileHashes)" [_thread_blocked, id=11796, stack(0x000000001d3a0000,0x000000001d4a0000)]
  0x000000001aad9800 JavaThread "Stdin handler" [_thread_blocked, id=2124, stack(0x000000001bdd0000,0x000000001bed0000)]
  0x000000001aacc000 JavaThread "Asynchronous log dispatcher for DefaultDaemonConnection: socket connection from /127.0.0.1:59122 to /127.0.0.1:59123" [_thread_blocked, id=11340, stack(0x000000001bcd0000,0x000000001bdd0000)]
  0x000000001aa18000 JavaThread "Daemon worker" [_thread_blocked, id=16580, stack(0x000000001bbd0000,0x000000001bcd0000)]
  0x000000001aa13000 JavaThread "Cancel handler" [_thread_blocked, id=12740, stack(0x000000001bad0000,0x000000001bbd0000)]
  0x000000001a9fd800 JavaThread "Handler for socket connection from /127.0.0.1:59122 to /127.0.0.1:59123" [_thread_in_native, id=17384, stack(0x000000001b9d0000,0x000000001bad0000)]
  0x000000001993b800 JavaThread "Daemon" [_thread_blocked, id=10076, stack(0x000000001b8d0000,0x000000001b9d0000)]
  0x000000001aa1b800 JavaThread "Daemon periodic checks" [_thread_blocked, id=2224, stack(0x000000001b7d0000,0x000000001b8d0000)]
  0x000000001a9b8800 JavaThread "Incoming local TCP Connector on port 59122" [_thread_in_native, id=3760, stack(0x000000001b590000,0x000000001b690000)]
  0x0000000018b5c000 JavaThread "Service Thread" daemon [_thread_blocked, id=9224, stack(0x0000000019680000,0x0000000019780000)]
  0x0000000018ac6800 JavaThread "C1 CompilerThread3" daemon [_thread_in_vm, id=3100, stack(0x0000000019580000,0x0000000019680000)]
  0x0000000018ac5000 JavaThread "C2 CompilerThread2" daemon [_thread_in_native, id=13496, stack(0x0000000019480000,0x0000000019580000)]
=>0x0000000018ac1800 JavaThread "C2 CompilerThread1" daemon [_thread_in_native, id=13948, stack(0x0000000019380000,0x0000000019480000)]
  0x0000000018abe000 JavaThread "C2 CompilerThread0" daemon [_thread_in_native, id=12848, stack(0x0000000019280000,0x0000000019380000)]
  0x0000000018abd000 JavaThread "Attach Listener" daemon [_thread_blocked, id=15160, stack(0x0000000019180000,0x0000000019280000)]
  0x0000000018aba000 JavaThread "Signal Dispatcher" daemon [_thread_blocked, id=11116, stack(0x0000000019080000,0x0000000019180000)]
  0x0000000018ab0800 JavaThread "Finalizer" daemon [_thread_blocked, id=17580, stack(0x0000000018e90000,0x0000000018f90000)]
  0x0000000002dc5000 JavaThread "Reference Handler" daemon [_thread_blocked, id=17616, stack(0x0000000018990000,0x0000000018a90000)]
  0x0000000002cce000 JavaThread "main" [_thread_blocked, id=2336, stack(0x0000000002b10000,0x0000000002c10000)]

Other Threads:
  0x0000000016b86000 VMThread [stack: 0x0000000018890000,0x0000000018990000] [id=17288]
  0x0000000018b5d000 WatcherThread [stack: 0x0000000019780000,0x0000000019880000] [id=13784]

VM state:not at safepoint (normal execution)

VM Mutex/Monitor currently owned by a thread: None

Heap:
 PSYoungGen      total 147456K, used 91627K [0x00000000e0000000, 0x00000000eae00000, 0x0000000100000000)
  eden space 126976K, 56% used [0x00000000e0000000,0x00000000e457d710,0x00000000e7c00000)
  from space 20480K, 99% used [0x00000000e9300000,0x00000000ea6fd818,0x00000000ea700000)
  to   space 23552K, 0% used [0x00000000e7c00000,0x00000000e7c00000,0x00000000e9300000)
 ParOldGen       total 158720K, used 34861K [0x00000000a0000000, 0x00000000a9b00000, 0x00000000e0000000)
  object space 158720K, 21% used [0x00000000a0000000,0x00000000a220b530,0x00000000a9b00000)
 Metaspace       used 63077K, capacity 64556K, committed 64896K, reserved 1105920K
  class space    used 8400K, capacity 8786K, committed 8832K, reserved 1048576K

Card table byte_map: [0x0000000012190000,0x00000000124a0000] byte_map_base: 0x0000000011c90000

Marking Bits: (ParMarkBitMap*) 0x000000006cf25aa0
 Begin Bits: [0x0000000012ea0000, 0x00000000146a0000)
 End Bits:   [0x00000000146a0000, 0x0000000015ea0000)

Polling page: 0x00000000009f0000

CodeCache: size=245760Kb used=25089Kb max_used=25089Kb free=220670Kb
 bounds [0x0000000002dd0000, 0x0000000004670000, 0x0000000011dd0000]
 total_blobs=8488 nmethods=7580 adapters=821
 compilation: enabled

Compilation events (10 events):
Event: 10.867 Thread 0x0000000018ac6800 nmethod 8589 0x0000000004665dd0 code [0x0000000004665fe0, 0x0000000004666c68]
Event: 10.902 Thread 0x0000000018ac6800 8592       1       java.nio.charset.CharsetDecoder::charset (5 bytes)
Event: 10.903 Thread 0x0000000018ac6800 nmethod 8592 0x0000000004667210 code [0x0000000004667360, 0x0000000004667470]
Event: 10.971 Thread 0x0000000018ac6800 8593       2       java.util.concurrent.locks.LockSupport::parkNanos (29 bytes)
Event: 10.971 Thread 0x0000000018ac6800 nmethod 8593 0x00000000046674d0 code [0x0000000004667640, 0x0000000004667828]
Event: 10.973 Thread 0x0000000018ac6800 8594       2       com.google.common.util.concurrent.SettableFuture::set (6 bytes)
Event: 10.973 Thread 0x0000000018ac6800 nmethod 8594 0x00000000046678d0 code [0x0000000004667a40, 0x0000000004667c28]
Event: 10.974 Thread 0x0000000018ac6800 8595   !   2       java.io.BufferedReader::readLine (304 bytes)
Event: 10.975 Thread 0x0000000018ac6800 nmethod 8595 0x0000000004667cd0 code [0x0000000004667f00, 0x0000000004668da8]
Event: 11.004 Thread 0x0000000018ac6800 8596   !   2       sun.nio.cs.StreamDecoder::readBytes (289 bytes)

GC Heap History (10 events):
Event: 7.253 GC heap before
{Heap before GC invocations=15 (full 2):
 PSYoungGen      total 110080K, used 110079K [0x00000000e0000000, 0x00000000e8280000, 0x0000000100000000)
  eden space 96768K, 100% used [0x00000000e0000000,0x00000000e5e80000,0x00000000e5e80000)
  from space 13312K, 99% used [0x00000000e6d80000,0x00000000e7a7ff58,0x00000000e7a80000)
  to   space 15360K, 0% used [0x00000000e5e80000,0x00000000e5e80000,0x00000000e6d80000)
 ParOldGen       total 104960K, used 17047K [0x00000000a0000000, 0x00000000a6680000, 0x00000000e0000000)
  object space 104960K, 16% used [0x00000000a0000000,0x00000000a10a5d68,0x00000000a6680000)
 Metaspace       used 53055K, capacity 54148K, committed 54400K, reserved 1095680K
  class space    used 7135K, capacity 7441K, committed 7552K, reserved 1048576K
Event: 7.263 GC heap after
Heap after GC invocations=15 (full 2):
 PSYoungGen      total 112128K, used 15328K [0x00000000e0000000, 0x00000000e9300000, 0x0000000100000000)
  eden space 96768K, 0% used [0x00000000e0000000,0x00000000e0000000,0x00000000e5e80000)
  from space 15360K, 99% used [0x00000000e5e80000,0x00000000e6d782f0,0x00000000e6d80000)
  to   space 17408K, 0% used [0x00000000e8200000,0x00000000e8200000,0x00000000e9300000)
 ParOldGen       total 104960K, used 18486K [0x00000000a0000000, 0x00000000a6680000, 0x00000000e0000000)
  object space 104960K, 17% used [0x00000000a0000000,0x00000000a120d9e0,0x00000000a6680000)
 Metaspace       used 53055K, capacity 54148K, committed 54400K, reserved 1095680K
  class space    used 7135K, capacity 7441K, committed 7552K, reserved 1048576K
}
Event: 8.039 GC heap before
{Heap before GC invocations=16 (full 2):
 PSYoungGen      total 112128K, used 89402K [0x00000000e0000000, 0x00000000e9300000, 0x0000000100000000)
  eden space 96768K, 76% used [0x00000000e0000000,0x00000000e48567f8,0x00000000e5e80000)
  from space 15360K, 99% used [0x00000000e5e80000,0x00000000e6d782f0,0x00000000e6d80000)
  to   space 17408K, 0% used [0x00000000e8200000,0x00000000e8200000,0x00000000e9300000)
 ParOldGen       total 104960K, used 18486K [0x00000000a0000000, 0x00000000a6680000, 0x00000000e0000000)
  object space 104960K, 17% used [0x00000000a0000000,0x00000000a120d9e0,0x00000000a6680000)
 Metaspace       used 57509K, capacity 58968K, committed 59008K, reserved 1099776K
  class space    used 7863K, capacity 8280K, committed 8320K, reserved 1048576K
Event: 8.053 GC heap after
Heap after GC invocations=16 (full 2):
 PSYoungGen      total 129536K, used 17392K [0x00000000e0000000, 0x00000000e9b00000, 0x0000000100000000)
  eden space 112128K, 0% used [0x00000000e0000000,0x00000000e0000000,0x00000000e6d80000)
  from space 17408K, 99% used [0x00000000e8200000,0x00000000e92fc080,0x00000000e9300000)
  to   space 20992K, 0% used [0x00000000e6d80000,0x00000000e6d80000,0x00000000e8200000)
 ParOldGen       total 104960K, used 21797K [0x00000000a0000000, 0x00000000a6680000, 0x00000000e0000000)
  object space 104960K, 20% used [0x00000000a0000000,0x00000000a1549730,0x00000000a6680000)
 Metaspace       used 57509K, capacity 58968K, committed 59008K, reserved 1099776K
  class space    used 7863K, capacity 8280K, committed 8320K, reserved 1048576K
}
Event: 8.053 GC heap before
{Heap before GC invocations=17 (full 3):
 PSYoungGen      total 129536K, used 17392K [0x00000000e0000000, 0x00000000e9b00000, 0x0000000100000000)
  eden space 112128K, 0% used [0x00000000e0000000,0x00000000e0000000,0x00000000e6d80000)
  from space 17408K, 99% used [0x00000000e8200000,0x00000000e92fc080,0x00000000e9300000)
  to   space 20992K, 0% used [0x00000000e6d80000,0x00000000e6d80000,0x00000000e8200000)
 ParOldGen       total 104960K, used 21797K [0x00000000a0000000, 0x00000000a6680000, 0x00000000e0000000)
  object space 104960K, 20% used [0x00000000a0000000,0x00000000a1549730,0x00000000a6680000)
 Metaspace       used 57509K, capacity 58968K, committed 59008K, reserved 1099776K
  class space    used 7863K, capacity 8280K, committed 8320K, reserved 1048576K
Event: 8.249 GC heap after
Heap after GC invocations=17 (full 3):
 PSYoungGen      total 129536K, used 0K [0x00000000e0000000, 0x00000000e9b00000, 0x0000000100000000)
  eden space 112128K, 0% used [0x00000000e0000000,0x00000000e0000000,0x00000000e6d80000)
  from space 17408K, 0% used [0x00000000e8200000,0x00000000e8200000,0x00000000e9300000)
  to   space 20992K, 0% used [0x00000000e6d80000,0x00000000e6d80000,0x00000000e8200000)
 ParOldGen       total 158720K, used 34236K [0x00000000a0000000, 0x00000000a9b00000, 0x00000000e0000000)
  object space 158720K, 21% used [0x00000000a0000000,0x00000000a216f388,0x00000000a9b00000)
 Metaspace       used 57509K, capacity 58968K, committed 59008K, reserved 1099776K
  class space    used 7863K, capacity 8280K, committed 8320K, reserved 1048576K
}
Event: 9.525 GC heap before
{Heap before GC invocations=18 (full 3):
 PSYoungGen      total 129536K, used 112128K [0x00000000e0000000, 0x00000000e9b00000, 0x0000000100000000)
  eden space 112128K, 100% used [0x00000000e0000000,0x00000000e6d80000,0x00000000e6d80000)
  from space 17408K, 0% used [0x00000000e8200000,0x00000000e8200000,0x00000000e9300000)
  to   space 20992K, 0% used [0x00000000e6d80000,0x00000000e6d80000,0x00000000e8200000)
 ParOldGen       total 158720K, used 34236K [0x00000000a0000000, 0x00000000a9b00000, 0x00000000e0000000)
  object space 158720K, 21% used [0x00000000a0000000,0x00000000a216f388,0x00000000a9b00000)
 Metaspace       used 59692K, capacity 61170K, committed 61312K, reserved 1101824K
  class space    used 8097K, capacity 8493K, committed 8576K, reserved 1048576K
Event: 9.531 GC heap after
Heap after GC invocations=18 (full 3):
 PSYoungGen      total 133120K, used 7672K [0x00000000e0000000, 0x00000000ea700000, 0x0000000100000000)
  eden space 112128K, 0% used [0x00000000e0000000,0x00000000e0000000,0x00000000e6d80000)
  from space 20992K, 36% used [0x00000000e6d80000,0x00000000e74fe370,0x00000000e8200000)
  to   space 20480K, 0% used [0x00000000e9300000,0x00000000e9300000,0x00000000ea700000)
 ParOldGen       total 158720K, used 34244K [0x00000000a0000000, 0x00000000a9b00000, 0x00000000e0000000)
  object space 158720K, 21% used [0x00000000a0000000,0x00000000a2171388,0x00000000a9b00000)
 Metaspace       used 59692K, capacity 61170K, committed 61312K, reserved 1101824K
  class space    used 8097K, capacity 8493K, committed 8576K, reserved 1048576K
}
Event: 10.353 GC heap before
{Heap before GC invocations=19 (full 3):
 PSYoungGen      total 133120K, used 119800K [0x00000000e0000000, 0x00000000ea700000, 0x0000000100000000)
  eden space 112128K, 100% used [0x00000000e0000000,0x00000000e6d80000,0x00000000e6d80000)
  from space 20992K, 36% used [0x00000000e6d80000,0x00000000e74fe370,0x00000000e8200000)
  to   space 20480K, 0% used [0x00000000e9300000,0x00000000e9300000,0x00000000ea700000)
 ParOldGen       total 158720K, used 34244K [0x00000000a0000000, 0x00000000a9b00000, 0x00000000e0000000)
  object space 158720K, 21% used [0x00000000a0000000,0x00000000a2171388,0x00000000a9b00000)
 Metaspace       used 60487K, capacity 61948K, committed 62080K, reserved 1103872K
  class space    used 8146K, capacity 8558K, committed 8576K, reserved 1048576K
Event: 10.367 GC heap after
Heap after GC invocations=19 (full 3):
 PSYoungGen      total 147456K, used 20470K [0x00000000e0000000, 0x00000000eae00000, 0x0000000100000000)
  eden space 126976K, 0% used [0x00000000e0000000,0x00000000e0000000,0x00000000e7c00000)
  from space 20480K, 99% used [0x00000000e9300000,0x00000000ea6fd818,0x00000000ea700000)
  to   space 23552K, 0% used [0x00000000e7c00000,0x00000000e7c00000,0x00000000e9300000)
 ParOldGen       total 158720K, used 34861K [0x00000000a0000000, 0x00000000a9b00000, 0x00000000e0000000)
  object space 158720K, 21% used [0x00000000a0000000,0x00000000a220b530,0x00000000a9b00000)
 Metaspace       used 60487K, capacity 61948K, committed 62080K, reserved 1103872K
  class space    used 8146K, capacity 8558K, committed 8576K, reserved 1048576K
}

Deoptimization events (10 events):
Event: 10.842 Thread 0x000000001c59f800 Uncommon trap: reason=bimorphic action=maybe_recompile pc=0x00000000040a7598 method=com.sun.org.apache.xerces.internal.dom.ParentNode.checkNormalizationAfterInsert(Lcom/sun/org/apache/xerces/internal/dom/ChildNode;)V @ 23
Event: 10.842 Thread 0x000000001c59f800 Uncommon trap: reason=bimorphic action=maybe_recompile pc=0x00000000040a7598 method=com.sun.org.apache.xerces.internal.dom.ParentNode.checkNormalizationAfterInsert(Lcom/sun/org/apache/xerces/internal/dom/ChildNode;)V @ 23
Event: 10.842 Thread 0x000000001c59f800 Uncommon trap: reason=bimorphic action=maybe_recompile pc=0x00000000040a7598 method=com.sun.org.apache.xerces.internal.dom.ParentNode.checkNormalizationAfterInsert(Lcom/sun/org/apache/xerces/internal/dom/ChildNode;)V @ 23
Event: 10.842 Thread 0x000000001c59f800 Uncommon trap: reason=bimorphic action=maybe_recompile pc=0x00000000040a7598 method=com.sun.org.apache.xerces.internal.dom.ParentNode.checkNormalizationAfterInsert(Lcom/sun/org/apache/xerces/internal/dom/ChildNode;)V @ 23
Event: 10.842 Thread 0x000000001c59f800 Uncommon trap: reason=bimorphic action=maybe_recompile pc=0x000000000358df74 method=com.sun.org.apache.xerces.internal.dom.ParentNode.checkNormalizationAfterInsert(Lcom/sun/org/apache/xerces/internal/dom/ChildNode;)V @ 23
Event: 10.866 Thread 0x000000001c59f800 Uncommon trap: reason=unstable_if action=reinterpret pc=0x000000000332bcf8 method=com.android.utils.XmlUtils.toXmlAttributeValue(Ljava/lang/String;)Ljava/lang/String; @ 33
Event: 10.886 Thread 0x000000001c59f800 Uncommon trap: reason=unstable_if action=reinterpret pc=0x00000000045d3590 method=sun.nio.cs.UTF_8$Encoder.encodeArrayLoop(Ljava/nio/CharBuffer;Ljava/nio/ByteBuffer;)Ljava/nio/charset/CoderResult; @ 175
Event: 10.959 Thread 0x000000001d0d2800 Uncommon trap: reason=unstable_if action=reinterpret pc=0x0000000003db3178 method=java.io.BufferedReader.readLine(Z)Ljava/lang/String; @ 192
Event: 10.960 Thread 0x000000001d0d4000 Uncommon trap: reason=unstable_if action=reinterpret pc=0x0000000003db3178 method=java.io.BufferedReader.readLine(Z)Ljava/lang/String; @ 192
Event: 10.973 Thread 0x000000001d0d6800 Uncommon trap: reason=unstable_if action=reinterpret pc=0x0000000003db3178 method=java.io.BufferedReader.readLine(Z)Ljava/lang/String; @ 192

Classes redefined (0 events):
No events

Internal exceptions (10 events):
Event: 9.068 Thread 0x000000001c59f800 Exception <a 'java/lang/NoSuchMethodError': <clinit>> (0x00000000e4eafbd8) thrown at [D:\src\AOSP-openjdk-cygwin\jdk8u\hotspot\src\share\vm\prims\jni.cpp, line 1613]
Event: 9.069 Thread 0x000000001c59f800 Exception <a 'java/lang/NoSuchMethodError': <clinit>> (0x00000000e4eb9708) thrown at [D:\src\AOSP-openjdk-cygwin\jdk8u\hotspot\src\share\vm\prims\jni.cpp, line 1613]
Event: 9.070 Thread 0x000000001c59f800 Exception <a 'java/lang/NoSuchMethodError': <clinit>> (0x00000000e4f90f90) thrown at [D:\src\AOSP-openjdk-cygwin\jdk8u\hotspot\src\share\vm\prims\jni.cpp, line 1613]
Event: 9.071 Thread 0x000000001c59f800 Exception <a 'java/lang/NoSuchMethodError': <clinit>> (0x00000000e4f9c220) thrown at [D:\src\AOSP-openjdk-cygwin\jdk8u\hotspot\src\share\vm\prims\jni.cpp, line 1613]
Event: 10.281 Thread 0x000000001c59f800 Implicit null exception at 0x0000000004458924 to 0x000000000445a525
Event: 10.331 Thread 0x000000001c59f800 Implicit null exception at 0x0000000004421df4 to 0x00000000044223c8
Event: 10.398 Thread 0x000000001d0ce000 Exception <a 'java/io/FileNotFoundException'> (0x00000000e05b45a8) thrown at [D:\src\AOSP-openjdk-cygwin\jdk8u\hotspot\src\share\vm\prims\jni.cpp, line 709]
Event: 10.421 Thread 0x000000001d0c9000 Exception <a 'java/io/FileNotFoundException'> (0x00000000e05e1ad8) thrown at [D:\src\AOSP-openjdk-cygwin\jdk8u\hotspot\src\share\vm\prims\jni.cpp, line 709]
Event: 10.568 Thread 0x000000001c59f800 Implicit null exception at 0x0000000003754197 to 0x00000000037544f5
Event: 10.590 Thread 0x000000001c59f800 Implicit null exception at 0x00000000045b8dab to 0x00000000045bac61

Events (10 events):
Event: 10.960 Thread 0x000000001d0d4000 Uncommon trap: trap_request=0xffffff65 fr.pc=0x0000000003db3178
Event: 10.960 Executing VM operation: RevokeBias
Event: 10.960 Executing VM operation: RevokeBias done
Event: 10.960 Thread 0x000000001d0d4000 DEOPT PACKING pc=0x0000000003db3178 sp=0x00000000291af2c0
Event: 10.960 Thread 0x000000001d0d4000 DEOPT UNPACKING pc=0x0000000002e1557b sp=0x00000000291af2d0 mode 2
Event: 10.973 Thread 0x000000001d0d6800 Uncommon trap: trap_request=0xffffff65 fr.pc=0x0000000003db3178
Event: 10.973 Executing VM operation: RevokeBias
Event: 10.973 Executing VM operation: RevokeBias done
Event: 10.973 Thread 0x000000001d0d6800 DEOPT PACKING pc=0x0000000003db3178 sp=0x0000000028daf530
Event: 10.973 Thread 0x000000001d0d6800 DEOPT UNPACKING pc=0x0000000002e1557b sp=0x0000000028daf540 mode 2


Dynamic libraries:
0x00007ff611ea0000 - 0x00007ff611ed1000 	C:\Program Files\Android\Android Studio\jre\bin\java.exe
0x00007ffa5a740000 - 0x00007ffa5a921000 	C:\WINDOWS\SYSTEM32\ntdll.dll
0x00007ffa5a380000 - 0x00007ffa5a431000 	C:\WINDOWS\System32\KERNEL32.DLL
0x00007ffa577c0000 - 0x00007ffa57a33000 	C:\WINDOWS\System32\KERNELBASE.dll
0x00007ffa59b20000 - 0x00007ffa59bc1000 	C:\WINDOWS\System32\ADVAPI32.dll
0x00007ffa583d0000 - 0x00007ffa5846e000 	C:\WINDOWS\System32\msvcrt.dll
0x00007ffa59bd0000 - 0x00007ffa59c2b000 	C:\WINDOWS\System32\sechost.dll
0x00007ffa59c90000 - 0x00007ffa59db4000 	C:\WINDOWS\System32\RPCRT4.dll
0x00007ffa59920000 - 0x00007ffa59ab0000 	C:\WINDOWS\System32\USER32.dll
0x00007ffa577a0000 - 0x00007ffa577c0000 	C:\WINDOWS\System32\win32u.dll
0x00007ffa5a350000 - 0x00007ffa5a378000 	C:\WINDOWS\System32\GDI32.dll
0x00007ffa57600000 - 0x00007ffa57792000 	C:\WINDOWS\System32\gdi32full.dll
0x00007ffa57560000 - 0x00007ffa575ff000 	C:\WINDOWS\System32\msvcp_win.dll
0x00007ffa56d00000 - 0x00007ffa56df8000 	C:\WINDOWS\System32\ucrtbase.dll
0x00007ffa4e3a0000 - 0x00007ffa4e609000 	C:\WINDOWS\WinSxS\amd64_microsoft.windows.common-controls_6595b64144ccf1df_6.0.17134.706_none_fb43a2cb30647007\COMCTL32.dll
0x00007ffa580a0000 - 0x00007ffa583c2000 	C:\WINDOWS\System32\combase.dll
0x00007ffa57a40000 - 0x00007ffa57aba000 	C:\WINDOWS\System32\bcryptPrimitives.dll
0x00007ffa5a320000 - 0x00007ffa5a34d000 	C:\WINDOWS\System32\IMM32.DLL
0x000000006c3a0000 - 0x000000006c472000 	C:\Program Files\Android\Android Studio\jre\jre\bin\msvcr100.dll
0x000000006c760000 - 0x000000006cfa1000 	C:\Program Files\Android\Android Studio\jre\jre\bin\server\jvm.dll
0x00007ffa59910000 - 0x00007ffa59918000 	C:\WINDOWS\System32\PSAPI.DLL
0x00007ffa45770000 - 0x00007ffa45779000 	C:\WINDOWS\SYSTEM32\WSOCK32.dll
0x00007ffa546b0000 - 0x00007ffa546d3000 	C:\WINDOWS\SYSTEM32\WINMM.dll
0x00007ffa55350000 - 0x00007ffa5535a000 	C:\WINDOWS\SYSTEM32\VERSION.dll
0x00007ffa59ab0000 - 0x00007ffa59b1c000 	C:\WINDOWS\System32\WS2_32.dll
0x00007ffa53ad0000 - 0x00007ffa53afa000 	C:\WINDOWS\SYSTEM32\WINMMBASE.dll
0x00007ffa56e00000 - 0x00007ffa56e49000 	C:\WINDOWS\System32\cfgmgr32.dll
0x00007ffa552e0000 - 0x00007ffa552ef000 	C:\Program Files\Android\Android Studio\jre\jre\bin\verify.dll
0x00007ffa51760000 - 0x00007ffa51789000 	C:\Program Files\Android\Android Studio\jre\jre\bin\java.dll
0x00007ffa506c0000 - 0x00007ffa506d6000 	C:\Program Files\Android\Android Studio\jre\jre\bin\zip.dll
0x00007ffa58470000 - 0x00007ffa598b0000 	C:\WINDOWS\System32\SHELL32.dll
0x00007ffa59ff0000 - 0x00007ffa5a099000 	C:\WINDOWS\System32\shcore.dll
0x00007ffa56e50000 - 0x00007ffa5755d000 	C:\WINDOWS\System32\windows.storage.dll
0x00007ffa5a6b0000 - 0x00007ffa5a701000 	C:\WINDOWS\System32\shlwapi.dll
0x00007ffa56af0000 - 0x00007ffa56b01000 	C:\WINDOWS\System32\kernel.appcore.dll
0x00007ffa56ab0000 - 0x00007ffa56acf000 	C:\WINDOWS\System32\profapi.dll
0x00007ffa56a60000 - 0x00007ffa56aac000 	C:\WINDOWS\System32\powrprof.dll
0x00007ffa56a50000 - 0x00007ffa56a5a000 	C:\WINDOWS\System32\FLTLIB.DLL
0x00007ffa4ecf0000 - 0x00007ffa4ed0a000 	C:\Program Files\Android\Android Studio\jre\jre\bin\net.dll
0x00007ffa562d0000 - 0x00007ffa56336000 	C:\WINDOWS\system32\mswsock.dll
0x00007ffa4aad0000 - 0x00007ffa4aae1000 	C:\Program Files\Android\Android Studio\jre\jre\bin\nio.dll
0x00007ffa4a780000 - 0x00007ffa4a79e000 	C:\Users\Hp\.gradle\native\25\windows-amd64\native-platform.dll
0x00007ffa52b40000 - 0x00007ffa52b4d000 	C:\Program Files\Android\Android Studio\jre\jre\bin\management.dll
0x00007ffa56480000 - 0x00007ffa56497000 	C:\WINDOWS\SYSTEM32\CRYPTSP.dll
0x00007ffa55e50000 - 0x00007ffa55e83000 	C:\WINDOWS\system32\rsaenh.dll
0x00007ffa565b0000 - 0x00007ffa565d5000 	C:\WINDOWS\SYSTEM32\bcrypt.dll
0x00007ffa56980000 - 0x00007ffa569a8000 	C:\WINDOWS\SYSTEM32\USERENV.dll
0x00007ffa564a0000 - 0x00007ffa564ab000 	C:\WINDOWS\SYSTEM32\CRYPTBASE.dll
0x00007ffa55ff0000 - 0x00007ffa56028000 	C:\WINDOWS\SYSTEM32\IPHLPAPI.DLL
0x00007ffa5a0a0000 - 0x00007ffa5a0a8000 	C:\WINDOWS\System32\NSI.dll
0x00007ffa4da30000 - 0x00007ffa4da46000 	C:\WINDOWS\SYSTEM32\dhcpcsvc6.DLL
0x00007ffa4da10000 - 0x00007ffa4da2a000 	C:\WINDOWS\SYSTEM32\dhcpcsvc.DLL
0x00007ffa3b0e0000 - 0x00007ffa3b277000 	C:\Program Files\Android\Android Studio\jre\jre\bin\awt.dll
0x00007ffa5a440000 - 0x00007ffa5a502000 	C:\WINDOWS\System32\OLEAUT32.dll
0x00007ffa53b00000 - 0x00007ffa540c7000 	C:\WINDOWS\SYSTEM32\d2d1.dll
0x00007ffa548d0000 - 0x00007ffa5495b000 	C:\WINDOWS\SYSTEM32\apphelp.dll
0x00007ffa54f20000 - 0x00007ffa54f49000 	C:\WINDOWS\system32\DWMAPI.DLL
0x00007ffa54b30000 - 0x00007ffa54bc8000 	C:\WINDOWS\system32\uxtheme.dll

VM Arguments:
jvm_args: -Xmx1536m -Dfile.encoding=windows-1252 -Duser.country=US -Duser.language=en -Duser.variant 
java_command: org.gradle.launcher.daemon.bootstrap.GradleDaemon 4.10.1
java_class_path (initial): C:\Users\Hp\.gradle\wrapper\dists\gradle-4.10.1-all\455itskqi2qtf0v2sja68alqd\gradle-4.10.1\lib\gradle-launcher-4.10.1.jar
Launcher Type: SUN_STANDARD

Environment Variables:
PATH="C:\ProgramData\Oracle\Java\javapath;C:\Program Files\Java\jdk-9.0.1\bin";C:\Program Files (x86)\Intel\Intel(R) Management Engine Components\iCLS\;C:\Program Files\Intel\Intel(R) Management Engine Components\iCLS\;C:\windows\system32;C:\windows;C:\windows\System32\Wbem;C:\windows\System32\WindowsPowerShell\v1.0\;C:\Program Files (x86)\Intel\Intel(R) Management Engine Components\DAL;C:\Program Files\Intel\Intel(R) Management Engine Components\DAL;C:\Program Files (x86)\Intel\Intel(R) Management Engine Components\IPT;C:\Program Files\Intel\Intel(R) Management Engine Components\IPT;C:\Program Files (x86)\NVIDIA Corporation\PhysX\Common;C:\Program Files\Git\cmd;C:\WINDOWS\system32;C:\WINDOWS;C:\WINDOWS\System32\Wbem;C:\WINDOWS\System32\WindowsPowerShell\v1.0\;C:\WINDOWS\System32\OpenSSH\;"C:\Users\Hp\AppData\Local\Microsoft\WindowsApps;C:\Users\Hp\AppData\Local\Android\Sdk\platform-tools";C:\Users\Hp\AppData\Local\atom\bin;%USERPROFILE%\AppData\Local\Microsoft\WindowsApps;
USERNAME=Hp
OS=Windows_NT
PROCESSOR_IDENTIFIER=Intel64 Family 6 Model 142 Stepping 10, GenuineIntel



---------------  S Y S T E M  ---------------

OS: Windows 10.0 , 64 bit Build 17134 (10.0.17134.706)

CPU:total 8 (initial active 8) (4 cores per cpu, 2 threads per core) family 6 model 142 stepping 10, cmov, cx8, fxsr, mmx, sse, sse2, sse3, ssse3, sse4.1, sse4.2, popcnt, avx, avx2, aes, clmul, erms, 3dnowpref, lzcnt, ht, tsc, tscinvbit, bmi1, bmi2, adx

Memory: 4k page, physical 8301668k(1247880k free), swap 8301668k(3160k free)

vm_info: OpenJDK 64-Bit Server VM (25.152-b01) for windows-amd64 JRE (1.8.0_152-release-1248-b01), built by "builder" with MS VC++ 10.0 (VS2010)

time: Mon May 06 14:21:54 2019
elapsed time: 11 seconds (0d 0h 0m 11s)

