#
# There is insufficient memory for the Java Runtime Environment to continue.
# Native memory allocation (malloc) failed to allocate 2077936 bytes for Chunk::new
# Possible reasons:
#   The system is out of physical RAM or swap space
#   In 32 bit mode, the process size limit was hit
# Possible solutions:
#   Reduce memory load on the system
#   Increase physical memory or swap space
#   Check if swap backing store is full
#   Use 64 bit Java on a 64 bit OS
#   Decrease Java heap size (-Xmx/-Xms)
#   Decrease number of Java threads
#   Decrease Java thread stack sizes (-Xss)
#   Set larger code cache with -XX:ReservedCodeCacheSize=
# This output file may be truncated or incomplete.
#
#  Out of Memory Error (allocation.cpp:390), pid=10416, tid=0x0000000000001bc8
#
# JRE version: OpenJDK Runtime Environment (8.0_152-b01) (build 1.8.0_152-release-1248-b01)
# Java VM: OpenJDK 64-Bit Server VM (25.152-b01 mixed mode windows-amd64 compressed oops)
# Failed to write core dump. Minidumps are not enabled by default on client versions of Windows
#

---------------  T H R E A D  ---------------

Current thread (0x000000001905f000):  JavaThread "C2 CompilerThread0" daemon [_thread_in_native, id=7112, stack(0x0000000019820000,0x0000000019920000)]

Stack: [0x0000000019820000,0x0000000019920000]
[error occurred during error reporting (printing stack bounds), id 0xc0000005]

Native frames: (J=compiled Java code, j=interpreted, Vv=VM code, C=native code)


Current CompileTask:
C2:   3560 2916       4       groovy.lang.MetaClassImpl$1MOPIter::methodNameAction (479 bytes)


---------------  P R O C E S S  ---------------

Java Threads: ( => current thread )
  0x000000001d684000 JavaThread "Build operations Thread 8" [_thread_blocked, id=9544, stack(0x0000000023750000,0x0000000023850000)]
  0x000000001d67c800 JavaThread "Build operations Thread 7" [_thread_blocked, id=8892, stack(0x0000000023650000,0x0000000023750000)]
  0x000000001d683000 JavaThread "Build operations Thread 6" [_thread_blocked, id=9848, stack(0x0000000023550000,0x0000000023650000)]
  0x000000001d681800 JavaThread "Build operations Thread 5" [_thread_blocked, id=17584, stack(0x0000000023450000,0x0000000023550000)]
  0x000000001d67f800 JavaThread "Build operations Thread 4" [_thread_blocked, id=1584, stack(0x0000000023350000,0x0000000023450000)]
  0x000000001d681000 JavaThread "Build operations Thread 3" [_thread_blocked, id=1316, stack(0x0000000023250000,0x0000000023350000)]
  0x000000001d680000 JavaThread "Build operations Thread 2" [_thread_blocked, id=18120, stack(0x0000000023150000,0x0000000023250000)]
  0x000000001d682800 JavaThread "Build operations" [_thread_blocked, id=12008, stack(0x0000000023050000,0x0000000023150000)]
  0x000000001d67e800 JavaThread "Cache worker for Artifact transforms cache (C:\Users\Hp\.gradle\caches\transforms-1)" [_thread_blocked, id=2924, stack(0x0000000022f50000,0x0000000023050000)]
  0x000000001d050000 JavaThread "Cache worker for cache directory md-rule (C:\Users\Hp\.gradle\caches\4.10.1\md-rule)" [_thread_blocked, id=10300, stack(0x0000000022e50000,0x0000000022f50000)]
  0x000000001d04f800 JavaThread "Cache worker for cache directory md-supplier (C:\Users\Hp\.gradle\caches\4.10.1\md-supplier)" [_thread_blocked, id=12804, stack(0x0000000022800000,0x0000000022900000)]
  0x000000001d052800 JavaThread "Cache worker for journal cache (C:\Users\Hp\.gradle\caches\journal-1)" [_thread_blocked, id=13804, stack(0x000000001ec10000,0x000000001ed10000)]
  0x000000001d03e000 JavaThread "Cache worker for file hash cache (G:\AndroidStudioProjects\Traffic\TrafficLive\.gradle\4.10.1\fileHashes)" [_thread_blocked, id=15760, stack(0x000000001eb10000,0x000000001ec10000)]
  0x000000001c989000 JavaThread "File lock request listener" [_thread_in_native, id=16864, stack(0x000000001da40000,0x000000001db40000)]
  0x000000001b16c000 JavaThread "Cache worker for file hash cache (C:\Users\Hp\.gradle\caches\4.10.1\fileHashes)" [_thread_blocked, id=4164, stack(0x000000001d940000,0x000000001da40000)]
  0x000000001afd9000 JavaThread "Stdin handler" [_thread_blocked, id=11388, stack(0x000000001c370000,0x000000001c470000)]
  0x000000001afd8800 JavaThread "Asynchronous log dispatcher for DefaultDaemonConnection: socket connection from /127.0.0.1:58667 to /127.0.0.1:58668" [_thread_blocked, id=8388, stack(0x000000001c270000,0x000000001c370000)]
  0x000000001af77800 JavaThread "Daemon worker" [_thread_in_vm, id=6288, stack(0x000000001c170000,0x000000001c270000)]
  0x000000001af72800 JavaThread "Cancel handler" [_thread_blocked, id=8908, stack(0x000000001c070000,0x000000001c170000)]
  0x000000001af8c000 JavaThread "Handler for socket connection from /127.0.0.1:58667 to /127.0.0.1:58668" [_thread_in_native, id=15892, stack(0x000000001bf70000,0x000000001c070000)]
  0x000000001ade2800 JavaThread "Daemon" [_thread_blocked, id=8516, stack(0x000000001be70000,0x000000001bf70000)]
  0x0000000019ecb000 JavaThread "Daemon periodic checks" [_thread_blocked, id=14128, stack(0x000000001bd70000,0x000000001be70000)]
  0x000000001adcf000 JavaThread "Incoming local TCP Connector on port 58667" [_thread_in_native, id=17396, stack(0x000000001bb30000,0x000000001bc30000)]
  0x00000000190f1000 JavaThread "Service Thread" daemon [_thread_blocked, id=1516, stack(0x0000000019c20000,0x0000000019d20000)]
  0x000000001716e800 JavaThread "C1 CompilerThread3" daemon [_thread_blocked, id=9540, stack(0x0000000019b20000,0x0000000019c20000)]
  0x000000001716a800 JavaThread "C2 CompilerThread2" daemon [_thread_blocked, id=16536, stack(0x0000000019a20000,0x0000000019b20000)]
  0x0000000019062800 JavaThread "C2 CompilerThread1" daemon [_thread_blocked, id=14192, stack(0x0000000019920000,0x0000000019a20000)]
=>0x000000001905f000 JavaThread "C2 CompilerThread0" daemon [_thread_in_native, id=7112, stack(0x0000000019820000,0x0000000019920000)]
  0x000000001905c000 JavaThread "Attach Listener" daemon [_thread_blocked, id=10056, stack(0x0000000019720000,0x0000000019820000)]
  0x0000000019066000 JavaThread "Signal Dispatcher" daemon [_thread_blocked, id=12340, stack(0x0000000019620000,0x0000000019720000)]
  0x0000000019050800 JavaThread "Finalizer" daemon [_thread_blocked, id=18296, stack(0x0000000019430000,0x0000000019530000)]
  0x0000000003395000 JavaThread "Reference Handler" daemon [_thread_blocked, id=17252, stack(0x0000000018f30000,0x0000000019030000)]
  0x000000000329e000 JavaThread "main" [_thread_blocked, id=10636, stack(0x0000000003100000,0x0000000003200000)]

Other Threads:
  0x0000000017156000 VMThread [stack: 0x0000000018e30000,0x0000000018f30000] [id=15548]
  0x00000000190f1800 WatcherThread [stack: 0x0000000019d20000,0x0000000019e20000] [id=7608]

VM state:not at safepoint (normal execution)

VM Mutex/Monitor currently owned by a thread: None

Heap:
 PSYoungGen      total 72192K, used 1054K [0x00000000e0000000, 0x00000000e6e80000, 0x0000000100000000)
  eden space 61440K, 1% used [0x00000000e0000000,0x00000000e0107878,0x00000000e3c00000)
  from space 10752K, 0% used [0x00000000e6400000,0x00000000e6400000,0x00000000e6e80000)
  to   space 10240K, 0% used [0x00000000e3c00000,0x00000000e3c00000,0x00000000e4600000)
 ParOldGen       total 62976K, used 16755K [0x00000000a0000000, 0x00000000a3d80000, 0x00000000e0000000)
  object space 62976K, 26% used [0x00000000a0000000,0x00000000a105cee0,0x00000000a3d80000)
 Metaspace       used 35054K, capacity 35540K, committed 35672K, reserved 1079296K
  class space    used 4863K, capacity 5068K, committed 5120K, reserved 1048576K

Card table byte_map: [0x0000000012760000,0x0000000012a70000] byte_map_base: 0x0000000012260000

Marking Bits: (ParMarkBitMap*) 0x000000006cf25aa0
 Begin Bits: [0x0000000013470000, 0x0000000014c70000)
 End Bits:   [0x0000000014c70000, 0x0000000016470000)

Polling page: 0x0000000001390000

CodeCache: size=245760Kb used=11357Kb max_used=11385Kb free=234402Kb
 bounds [0x00000000033a0000, 0x0000000003ed0000, 0x00000000123a0000]
 total_blobs=3861 nmethods=3154 adapters=620
 compilation: enabled

Compilation events (10 events):
Event: 3.425 Thread 0x000000001716e800 nmethod 3155 0x0000000003e9bf90 code [0x0000000003e9c100, 0x0000000003e9c408]
Event: 3.425 Thread 0x000000001716e800 3156  s!   3       sun.net.www.protocol.file.Handler::openConnection (269 bytes)
Event: 3.427 Thread 0x000000001716e800 nmethod 3156 0x0000000003ea3e50 code [0x0000000003ea42e0, 0x0000000003ea7208]
Event: 3.427 Thread 0x000000001716a800 3157   !   4       java.security.SecureClassLoader::getProtectionDomain (114 bytes)
Event: 3.463 Thread 0x0000000019062800 nmethod 3148 0x0000000003eae710 code [0x0000000003eae9a0, 0x0000000003eb1550]
Event: 3.463 Thread 0x0000000019062800 3158   !   4       sun.misc.Resource::getBytes (242 bytes)
Event: 3.552 Thread 0x0000000019062800 nmethod 3158 0x0000000003ebd050 code [0x0000000003ebd2a0, 0x0000000003ebea80]
Event: 3.552 Thread 0x0000000019062800 3159       4       java.util.zip.ZipFile$ZipFileInputStream::finalize (5 bytes)
Event: 3.552 Thread 0x0000000019062800 nmethod 3159 0x0000000003eaa310 code [0x0000000003eaa460, 0x0000000003eaa4e8]
Event: 3.553 Thread 0x000000001716a800 nmethod 3157 0x0000000003ebffd0 code [0x0000000003ec03c0, 0x0000000003ec45f8]

GC Heap History (10 events):
Event: 1.957 GC heap before
{Heap before GC invocations=6 (full 1):
 PSYoungGen      total 71680K, used 5088K [0x00000000e0000000, 0x00000000e4b00000, 0x0000000100000000)
  eden space 66560K, 0% used [0x00000000e0000000,0x00000000e0000000,0x00000000e4100000)
  from space 5120K, 99% used [0x00000000e4100000,0x00000000e45f8050,0x00000000e4600000)
  to   space 5120K, 0% used [0x00000000e4600000,0x00000000e4600000,0x00000000e4b00000)
 ParOldGen       total 87552K, used 8792K [0x00000000a0000000, 0x00000000a5580000, 0x00000000e0000000)
  object space 87552K, 10% used [0x00000000a0000000,0x00000000a0896150,0x00000000a5580000)
 Metaspace       used 20845K, capacity 21176K, committed 21248K, reserved 1067008K
  class space    used 2916K, capacity 3060K, committed 3072K, reserved 1048576K
Event: 1.987 GC heap after
Heap after GC invocations=6 (full 1):
 PSYoungGen      total 71680K, used 0K [0x00000000e0000000, 0x00000000e4b00000, 0x0000000100000000)
  eden space 66560K, 0% used [0x00000000e0000000,0x00000000e0000000,0x00000000e4100000)
  from space 5120K, 0% used [0x00000000e4100000,0x00000000e4100000,0x00000000e4600000)
  to   space 5120K, 0% used [0x00000000e4600000,0x00000000e4600000,0x00000000e4b00000)
 ParOldGen       total 62976K, used 8705K [0x00000000a0000000, 0x00000000a3d80000, 0x00000000e0000000)
  object space 62976K, 13% used [0x00000000a0000000,0x00000000a0880608,0x00000000a3d80000)
 Metaspace       used 20845K, capacity 21176K, committed 21248K, reserved 1067008K
  class space    used 2916K, capacity 3060K, committed 3072K, reserved 1048576K
}
Event: 2.561 GC heap before
{Heap before GC invocations=7 (full 1):
 PSYoungGen      total 71680K, used 66560K [0x00000000e0000000, 0x00000000e4b00000, 0x0000000100000000)
  eden space 66560K, 100% used [0x00000000e0000000,0x00000000e4100000,0x00000000e4100000)
  from space 5120K, 0% used [0x00000000e4100000,0x00000000e4100000,0x00000000e4600000)
  to   space 5120K, 0% used [0x00000000e4600000,0x00000000e4600000,0x00000000e4b00000)
 ParOldGen       total 62976K, used 8705K [0x00000000a0000000, 0x00000000a3d80000, 0x00000000e0000000)
  object space 62976K, 13% used [0x00000000a0000000,0x00000000a0880608,0x00000000a3d80000)
 Metaspace       used 26806K, capacity 27174K, committed 27392K, reserved 1073152K
  class space    used 3668K, capacity 3815K, committed 3840K, reserved 1048576K
Event: 2.567 GC heap after
Heap after GC invocations=7 (full 1):
 PSYoungGen      total 66560K, used 5118K [0x00000000e0000000, 0x00000000e7600000, 0x0000000100000000)
  eden space 61440K, 0% used [0x00000000e0000000,0x00000000e0000000,0x00000000e3c00000)
  from space 5120K, 99% used [0x00000000e4600000,0x00000000e4affb20,0x00000000e4b00000)
  to   space 10240K, 0% used [0x00000000e3c00000,0x00000000e3c00000,0x00000000e4600000)
 ParOldGen       total 62976K, used 10897K [0x00000000a0000000, 0x00000000a3d80000, 0x00000000e0000000)
  object space 62976K, 17% used [0x00000000a0000000,0x00000000a0aa47f0,0x00000000a3d80000)
 Metaspace       used 26806K, capacity 27174K, committed 27392K, reserved 1073152K
  class space    used 3668K, capacity 3815K, committed 3840K, reserved 1048576K
}
Event: 2.962 GC heap before
{Heap before GC invocations=8 (full 1):
 PSYoungGen      total 66560K, used 66558K [0x00000000e0000000, 0x00000000e7600000, 0x0000000100000000)
  eden space 61440K, 100% used [0x00000000e0000000,0x00000000e3c00000,0x00000000e3c00000)
  from space 5120K, 99% used [0x00000000e4600000,0x00000000e4affb20,0x00000000e4b00000)
  to   space 10240K, 0% used [0x00000000e3c00000,0x00000000e3c00000,0x00000000e4600000)
 ParOldGen       total 62976K, used 10897K [0x00000000a0000000, 0x00000000a3d80000, 0x00000000e0000000)
  object space 62976K, 17% used [0x00000000a0000000,0x00000000a0aa47f0,0x00000000a3d80000)
 Metaspace       used 29992K, capacity 30386K, committed 30464K, reserved 1075200K
  class space    used 4177K, capacity 4330K, committed 4352K, reserved 1048576K
Event: 2.966 GC heap after
Heap after GC invocations=8 (full 1):
 PSYoungGen      total 71680K, used 8092K [0x00000000e0000000, 0x00000000e6e80000, 0x0000000100000000)
  eden space 61440K, 0% used [0x00000000e0000000,0x00000000e0000000,0x00000000e3c00000)
  from space 10240K, 79% used [0x00000000e3c00000,0x00000000e43e71d0,0x00000000e4600000)
  to   space 10752K, 0% used [0x00000000e6400000,0x00000000e6400000,0x00000000e6e80000)
 ParOldGen       total 62976K, used 10905K [0x00000000a0000000, 0x00000000a3d80000, 0x00000000e0000000)
  object space 62976K, 17% used [0x00000000a0000000,0x00000000a0aa67f0,0x00000000a3d80000)
 Metaspace       used 29992K, capacity 30386K, committed 30464K, reserved 1075200K
  class space    used 4177K, capacity 4330K, committed 4352K, reserved 1048576K
}
Event: 3.480 GC heap before
{Heap before GC invocations=9 (full 1):
 PSYoungGen      total 71680K, used 51608K [0x00000000e0000000, 0x00000000e6e80000, 0x0000000100000000)
  eden space 61440K, 70% used [0x00000000e0000000,0x00000000e2a7f0e8,0x00000000e3c00000)
  from space 10240K, 79% used [0x00000000e3c00000,0x00000000e43e71d0,0x00000000e4600000)
  to   space 10752K, 0% used [0x00000000e6400000,0x00000000e6400000,0x00000000e6e80000)
 ParOldGen       total 62976K, used 10905K [0x00000000a0000000, 0x00000000a3d80000, 0x00000000e0000000)
  object space 62976K, 17% used [0x00000000a0000000,0x00000000a0aa67f0,0x00000000a3d80000)
 Metaspace       used 34903K, capacity 35348K, committed 35416K, reserved 1079296K
  class space    used 4850K, capacity 5068K, committed 5120K, reserved 1048576K
Event: 3.490 GC heap after
Heap after GC invocations=9 (full 1):
 PSYoungGen      total 72192K, used 10300K [0x00000000e0000000, 0x00000000e6e80000, 0x0000000100000000)
  eden space 61440K, 0% used [0x00000000e0000000,0x00000000e0000000,0x00000000e3c00000)
  from space 10752K, 95% used [0x00000000e6400000,0x00000000e6e0f3b8,0x00000000e6e80000)
  to   space 10240K, 0% used [0x00000000e3c00000,0x00000000e3c00000,0x00000000e4600000)
 ParOldGen       total 62976K, used 10913K [0x00000000a0000000, 0x00000000a3d80000, 0x00000000e0000000)
  object space 62976K, 17% used [0x00000000a0000000,0x00000000a0aa87f0,0x00000000a3d80000)
 Metaspace       used 34903K, capacity 35348K, committed 35416K, reserved 1079296K
  class space    used 4850K, capacity 5068K, committed 5120K, reserved 1048576K
}
Event: 3.490 GC heap before
{Heap before GC invocations=10 (full 2):
 PSYoungGen      total 72192K, used 10300K [0x00000000e0000000, 0x00000000e6e80000, 0x0000000100000000)
  eden space 61440K, 0% used [0x00000000e0000000,0x00000000e0000000,0x00000000e3c00000)
  from space 10752K, 95% used [0x00000000e6400000,0x00000000e6e0f3b8,0x00000000e6e80000)
  to   space 10240K, 0% used [0x00000000e3c00000,0x00000000e3c00000,0x00000000e4600000)
 ParOldGen       total 62976K, used 10913K [0x00000000a0000000, 0x00000000a3d80000, 0x00000000e0000000)
  object space 62976K, 17% used [0x00000000a0000000,0x00000000a0aa87f0,0x00000000a3d80000)
 Metaspace       used 34903K, capacity 35348K, committed 35416K, reserved 1079296K
  class space    used 4850K, capacity 5068K, committed 5120K, reserved 1048576K
Event: 3.550 GC heap after
Heap after GC invocations=10 (full 2):
 PSYoungGen      total 72192K, used 0K [0x00000000e0000000, 0x00000000e6e80000, 0x0000000100000000)
  eden space 61440K, 0% used [0x00000000e0000000,0x00000000e0000000,0x00000000e3c00000)
  from space 10752K, 0% used [0x00000000e6400000,0x00000000e6400000,0x00000000e6e80000)
  to   space 10240K, 0% used [0x00000000e3c00000,0x00000000e3c00000,0x00000000e4600000)
 ParOldGen       total 62976K, used 16755K [0x00000000a0000000, 0x00000000a3d80000, 0x00000000e0000000)
  object space 62976K, 26% used [0x00000000a0000000,0x00000000a105cee0,0x00000000a3d80000)
 Metaspace       used 34903K, capacity 35348K, committed 35416K, reserved 1079296K
  class space    used 4850K, capacity 5068K, committed 5120K, reserved 1048576K
}

Deoptimization events (10 events):
Event: 3.237 Thread 0x000000001af77800 Uncommon trap: reason=bimorphic action=maybe_recompile pc=0x0000000003c34a60 method=java.lang.ClassLoader.getPackage(Ljava/lang/String;)Ljava/lang/Package; @ 47
Event: 3.237 Thread 0x000000001af77800 Uncommon trap: reason=bimorphic action=maybe_recompile pc=0x0000000003c34a60 method=java.lang.ClassLoader.getPackage(Ljava/lang/String;)Ljava/lang/Package; @ 47
Event: 3.237 Thread 0x000000001af77800 Uncommon trap: reason=bimorphic action=maybe_recompile pc=0x0000000003c34a60 method=java.lang.ClassLoader.getPackage(Ljava/lang/String;)Ljava/lang/Package; @ 47
Event: 3.240 Thread 0x000000001af77800 Uncommon trap: reason=bimorphic action=maybe_recompile pc=0x0000000003c50da8 method=java.lang.ClassLoader.getPackage(Ljava/lang/String;)Ljava/lang/Package; @ 47
Event: 3.242 Thread 0x000000001af77800 Uncommon trap: reason=bimorphic action=maybe_recompile pc=0x0000000003c0875c method=java.lang.ClassLoader.getPackage(Ljava/lang/String;)Ljava/lang/Package; @ 47
Event: 3.283 Thread 0x000000001af77800 Uncommon trap: reason=class_check action=maybe_recompile pc=0x0000000003caa7dc method=java.io.BufferedInputStream.read1([BII)I @ 39
Event: 3.283 Thread 0x000000001af77800 Uncommon trap: reason=class_check action=maybe_recompile pc=0x0000000003caa7dc method=java.io.BufferedInputStream.read1([BII)I @ 39
Event: 3.283 Thread 0x000000001af77800 Uncommon trap: reason=class_check action=maybe_recompile pc=0x0000000003caa7dc method=java.io.BufferedInputStream.read1([BII)I @ 39
Event: 3.339 Thread 0x000000001af77800 Uncommon trap: reason=predicate action=maybe_recompile pc=0x0000000003df38b8 method=java.util.Arrays.binarySearch0([Ljava/lang/Object;IILjava/lang/Object;Ljava/util/Comparator;)I @ 28
Event: 3.364 Thread 0x000000001af77800 Uncommon trap: reason=unstable_if action=reinterpret pc=0x00000000039c82dc method=sun.misc.MetaIndex.mayContain(Ljava/lang/String;)Z @ 38

Classes redefined (0 events):
No events

Internal exceptions (10 events):
Event: 3.202 Thread 0x000000001af77800 Exception <a 'java/lang/ClassNotFoundException': org/gradle/api/internal/AbstractTaskBeanInfo> (0x00000000e13ad570) thrown at [D:\src\AOSP-openjdk-cygwin\jdk8u\hotspot\src\share\vm\classfile\systemDictionary.cpp, line 210]
Event: 3.202 Thread 0x000000001af77800 Exception <a 'java/lang/ClassNotFoundException': org/gradle/api/internal/AbstractTaskCustomizer> (0x00000000e13db5f0) thrown at [D:\src\AOSP-openjdk-cygwin\jdk8u\hotspot\src\share\vm\classfile\systemDictionary.cpp, line 210]
Event: 3.204 Thread 0x000000001af77800 Exception <a 'java/lang/ClassNotFoundException': org/gradle/api/DefaultTaskCustomizer> (0x00000000e1468f90) thrown at [D:\src\AOSP-openjdk-cygwin\jdk8u\hotspot\src\share\vm\classfile\systemDictionary.cpp, line 210]
Event: 3.205 Thread 0x000000001af77800 Exception <a 'java/lang/ClassNotFoundException': org/gradle/api/internal/ConventionTaskCustomizer> (0x00000000e14a78c0) thrown at [D:\src\AOSP-openjdk-cygwin\jdk8u\hotspot\src\share\vm\classfile\systemDictionary.cpp, line 210]
Event: 3.207 Thread 0x000000001af77800 Exception <a 'java/lang/ClassNotFoundException': org/gradle/api/tasks/DeleteCustomizer> (0x00000000e14e3578) thrown at [D:\src\AOSP-openjdk-cygwin\jdk8u\hotspot\src\share\vm\classfile\systemDictionary.cpp, line 210]
Event: 3.209 Thread 0x000000001af77800 Exception <a 'java/lang/ClassNotFoundException': org/gradle/api/tasks/Delete_DecoratedCustomizer> (0x00000000e152d760) thrown at [D:\src\AOSP-openjdk-cygwin\jdk8u\hotspot\src\share\vm\classfile\systemDictionary.cpp, line 210]
Event: 3.231 Thread 0x000000001af77800 Exception <a 'java/lang/ClassNotFoundException': build_9piu0y6owg70lxhi1q1zqbq4zBeanInfo> (0x00000000e167c088) thrown at [D:\src\AOSP-openjdk-cygwin\jdk8u\hotspot\src\share\vm\classfile\systemDictionary.cpp, line 210]
Event: 3.231 Thread 0x000000001af77800 Exception <a 'java/lang/ClassNotFoundException': build_9piu0y6owg70lxhi1q1zqbq4zCustomizer> (0x00000000e1686d70) thrown at [D:\src\AOSP-openjdk-cygwin\jdk8u\hotspot\src\share\vm\classfile\systemDictionary.cpp, line 210]
Event: 3.234 Thread 0x000000001af77800 Exception <a 'java/lang/ClassNotFoundException': org/gradle/api/internal/plugins/DefaultObjectConfigurationActionBeanInfo> (0x00000000e1705be0) thrown at [D:\src\AOSP-openjdk-cygwin\jdk8u\hotspot\src\share\vm\classfile\systemDictionary.cpp, line 210]
Event: 3.235 Thread 0x000000001af77800 Exception <a 'java/lang/ClassNotFoundException': org/gradle/api/internal/plugins/DefaultObjectConfigurationActionCustomizer> (0x00000000e1742328) thrown at [D:\src\AOSP-openjdk-cygwin\jdk8u\hotspot\src\share\vm\classfile\systemDictionary.cpp, line 210]

Events (10 events):
Event: 3.554 loading class com/google/wireless/android/sdk/stats/JavaProcessStatsOrBuilder
Event: 3.554 loading class com/google/wireless/android/sdk/stats/JavaProcessStatsOrBuilder done
Event: 3.554 loading class com/google/wireless/android/sdk/stats/GradleBuildMemorySample$1
Event: 3.554 loading class com/google/wireless/android/sdk/stats/GradleBuildMemorySample$1 done
Event: 3.555 loading class com/google/wireless/android/sdk/stats/GradleBuildMemorySample$Builder
Event: 3.555 loading class com/google/wireless/android/sdk/stats/GradleBuildMemorySample$Builder done
Event: 3.555 loading class com/google/wireless/android/sdk/stats/JavaProcessStats
Event: 3.556 loading class com/google/wireless/android/sdk/stats/JavaProcessStats done
Event: 3.557 loading class com/android/tools/analytics/CommonMetricsData
Event: 3.557 loading class com/android/tools/analytics/CommonMetricsData done


Dynamic libraries:
0x00007ff611ea0000 - 0x00007ff611ed1000 	C:\Program Files\Android\Android Studio\jre\bin\java.exe
0x00007ffa5a740000 - 0x00007ffa5a921000 	C:\WINDOWS\SYSTEM32\ntdll.dll
0x00007ffa5a380000 - 0x00007ffa5a431000 	C:\WINDOWS\System32\KERNEL32.DLL
0x00007ffa577c0000 - 0x00007ffa57a33000 	C:\WINDOWS\System32\KERNELBASE.dll
0x00007ffa59b20000 - 0x00007ffa59bc1000 	C:\WINDOWS\System32\ADVAPI32.dll
0x00007ffa583d0000 - 0x00007ffa5846e000 	C:\WINDOWS\System32\msvcrt.dll
0x00007ffa59bd0000 - 0x00007ffa59c2b000 	C:\WINDOWS\System32\sechost.dll
0x00007ffa59c90000 - 0x00007ffa59db4000 	C:\WINDOWS\System32\RPCRT4.dll
0x00007ffa59920000 - 0x00007ffa59ab0000 	C:\WINDOWS\System32\USER32.dll
0x00007ffa577a0000 - 0x00007ffa577c0000 	C:\WINDOWS\System32\win32u.dll
0x00007ffa5a350000 - 0x00007ffa5a378000 	C:\WINDOWS\System32\GDI32.dll
0x00007ffa57600000 - 0x00007ffa57792000 	C:\WINDOWS\System32\gdi32full.dll
0x00007ffa57560000 - 0x00007ffa575ff000 	C:\WINDOWS\System32\msvcp_win.dll
0x00007ffa56d00000 - 0x00007ffa56df8000 	C:\WINDOWS\System32\ucrtbase.dll
0x00007ffa4e3a0000 - 0x00007ffa4e609000 	C:\WINDOWS\WinSxS\amd64_microsoft.windows.common-controls_6595b64144ccf1df_6.0.17134.706_none_fb43a2cb30647007\COMCTL32.dll
0x00007ffa580a0000 - 0x00007ffa583c2000 	C:\WINDOWS\System32\combase.dll
0x00007ffa57a40000 - 0x00007ffa57aba000 	C:\WINDOWS\System32\bcryptPrimitives.dll
0x00007ffa5a320000 - 0x00007ffa5a34d000 	C:\WINDOWS\System32\IMM32.DLL
0x000000006c4d0000 - 0x000000006c5a2000 	C:\Program Files\Android\Android Studio\jre\jre\bin\msvcr100.dll
0x000000006c760000 - 0x000000006cfa1000 	C:\Program Files\Android\Android Studio\jre\jre\bin\server\jvm.dll
0x00007ffa59910000 - 0x00007ffa59918000 	C:\WINDOWS\System32\PSAPI.DLL
0x00007ffa55350000 - 0x00007ffa5535a000 	C:\WINDOWS\SYSTEM32\VERSION.dll
0x00007ffa45770000 - 0x00007ffa45779000 	C:\WINDOWS\SYSTEM32\WSOCK32.dll
0x00007ffa546b0000 - 0x00007ffa546d3000 	C:\WINDOWS\SYSTEM32\WINMM.dll
0x00007ffa59ab0000 - 0x00007ffa59b1c000 	C:\WINDOWS\System32\WS2_32.dll
0x00007ffa53ad0000 - 0x00007ffa53afa000 	C:\WINDOWS\SYSTEM32\winmmbase.dll
0x00007ffa56e00000 - 0x00007ffa56e49000 	C:\WINDOWS\System32\cfgmgr32.dll
0x00007ffa54710000 - 0x00007ffa5471f000 	C:\Program Files\Android\Android Studio\jre\jre\bin\verify.dll
0x00007ffa3e9e0000 - 0x00007ffa3ea09000 	C:\Program Files\Android\Android Studio\jre\jre\bin\java.dll
0x00007ffa45210000 - 0x00007ffa45226000 	C:\Program Files\Android\Android Studio\jre\jre\bin\zip.dll
0x00007ffa58470000 - 0x00007ffa598b0000 	C:\WINDOWS\System32\SHELL32.dll
0x00007ffa59ff0000 - 0x00007ffa5a099000 	C:\WINDOWS\System32\shcore.dll
0x00007ffa56e50000 - 0x00007ffa5755d000 	C:\WINDOWS\System32\windows.storage.dll
0x00007ffa5a6b0000 - 0x00007ffa5a701000 	C:\WINDOWS\System32\shlwapi.dll
0x00007ffa56af0000 - 0x00007ffa56b01000 	C:\WINDOWS\System32\kernel.appcore.dll
0x00007ffa56ab0000 - 0x00007ffa56acf000 	C:\WINDOWS\System32\profapi.dll
0x00007ffa56a60000 - 0x00007ffa56aac000 	C:\WINDOWS\System32\powrprof.dll
0x00007ffa56a50000 - 0x00007ffa56a5a000 	C:\WINDOWS\System32\FLTLIB.DLL
0x00007ffa3dd30000 - 0x00007ffa3dd4a000 	C:\Program Files\Android\Android Studio\jre\jre\bin\net.dll
0x00007ffa562d0000 - 0x00007ffa56336000 	C:\WINDOWS\system32\mswsock.dll
0x00007ffa3dd10000 - 0x00007ffa3dd21000 	C:\Program Files\Android\Android Studio\jre\jre\bin\nio.dll
0x00007ffa3d910000 - 0x00007ffa3d92e000 	C:\Users\Hp\.gradle\native\25\windows-amd64\native-platform.dll
0x00007ffa526d0000 - 0x00007ffa526dd000 	C:\Program Files\Android\Android Studio\jre\jre\bin\management.dll
0x00007ffa56480000 - 0x00007ffa56497000 	C:\WINDOWS\SYSTEM32\CRYPTSP.dll
0x00007ffa55e50000 - 0x00007ffa55e83000 	C:\WINDOWS\system32\rsaenh.dll
0x00007ffa565b0000 - 0x00007ffa565d5000 	C:\WINDOWS\SYSTEM32\bcrypt.dll
0x00007ffa56980000 - 0x00007ffa569a8000 	C:\WINDOWS\SYSTEM32\USERENV.dll
0x00007ffa564a0000 - 0x00007ffa564ab000 	C:\WINDOWS\SYSTEM32\CRYPTBASE.dll
0x00007ffa55ff0000 - 0x00007ffa56028000 	C:\WINDOWS\SYSTEM32\IPHLPAPI.DLL
0x00007ffa5a0a0000 - 0x00007ffa5a0a8000 	C:\WINDOWS\System32\NSI.dll
0x00007ffa4da30000 - 0x00007ffa4da46000 	C:\WINDOWS\SYSTEM32\dhcpcsvc6.DLL
0x00007ffa4da10000 - 0x00007ffa4da2a000 	C:\WINDOWS\SYSTEM32\dhcpcsvc.DLL

VM Arguments:
jvm_args: -Xmx1536m -Dfile.encoding=windows-1252 -Duser.country=US -Duser.language=en -Duser.variant 
java_command: org.gradle.launcher.daemon.bootstrap.GradleDaemon 4.10.1
java_class_path (initial): C:\Users\Hp\.gradle\wrapper\dists\gradle-4.10.1-all\455itskqi2qtf0v2sja68alqd\gradle-4.10.1\lib\gradle-launcher-4.10.1.jar
Launcher Type: SUN_STANDARD

Environment Variables:
PATH="C:\ProgramData\Oracle\Java\javapath;C:\Program Files\Java\jdk-9.0.1\bin";C:\Program Files (x86)\Intel\Intel(R) Management Engine Components\iCLS\;C:\Program Files\Intel\Intel(R) Management Engine Components\iCLS\;C:\windows\system32;C:\windows;C:\windows\System32\Wbem;C:\windows\System32\WindowsPowerShell\v1.0\;C:\Program Files (x86)\Intel\Intel(R) Management Engine Components\DAL;C:\Program Files\Intel\Intel(R) Management Engine Components\DAL;C:\Program Files (x86)\Intel\Intel(R) Management Engine Components\IPT;C:\Program Files\Intel\Intel(R) Management Engine Components\IPT;C:\Program Files (x86)\NVIDIA Corporation\PhysX\Common;C:\Program Files\Git\cmd;C:\WINDOWS\system32;C:\WINDOWS;C:\WINDOWS\System32\Wbem;C:\WINDOWS\System32\WindowsPowerShell\v1.0\;C:\WINDOWS\System32\OpenSSH\;"C:\Users\Hp\AppData\Local\Microsoft\WindowsApps;C:\Users\Hp\AppData\Local\Android\Sdk\platform-tools";C:\Users\Hp\AppData\Local\atom\bin;%USERPROFILE%\AppData\Local\Microsoft\WindowsApps;
USERNAME=Hp
OS=Windows_NT
PROCESSOR_IDENTIFIER=Intel64 Family 6 Model 142 Stepping 10, GenuineIntel



---------------  S Y S T E M  ---------------

OS: Windows 10.0 , 64 bit Build 17134 (10.0.17134.706)

CPU:total 8 (initial active 8) (4 cores per cpu, 2 threads per core) family 6 model 142 stepping 10, cmov, cx8, fxsr, mmx, sse, sse2, sse3, ssse3, sse4.1, sse4.2, popcnt, avx, avx2, aes, clmul, erms, 3dnowpref, lzcnt, ht, tsc, tscinvbit, bmi1, bmi2, adx

Memory: 4k page, physical 8301668k(1103980k free), swap 8301668k(6892k free)

vm_info: OpenJDK 64-Bit Server VM (25.152-b01) for windows-amd64 JRE (1.8.0_152-release-1248-b01), built by "builder" with MS VC++ 10.0 (VS2010)

time: Sat May 04 13:51:30 2019
elapsed time: 3 seconds (0d 0h 0m 3s)

