#
# There is insufficient memory for the Java Runtime Environment to continue.
# Native memory allocation (malloc) failed to allocate 578496 bytes for Chunk::new
# Possible reasons:
#   The system is out of physical RAM or swap space
#   In 32 bit mode, the process size limit was hit
# Possible solutions:
#   Reduce memory load on the system
#   Increase physical memory or swap space
#   Check if swap backing store is full
#   Use 64 bit Java on a 64 bit OS
#   Decrease Java heap size (-Xmx/-Xms)
#   Decrease number of Java threads
#   Decrease Java thread stack sizes (-Xss)
#   Set larger code cache with -XX:ReservedCodeCacheSize=
# This output file may be truncated or incomplete.
#
#  Out of Memory Error (allocation.cpp:390), pid=13596, tid=0x00000000000029b4
#
# JRE version: OpenJDK Runtime Environment (8.0_152-b01) (build 1.8.0_152-release-1248-b01)
# Java VM: OpenJDK 64-Bit Server VM (25.152-b01 mixed mode windows-amd64 compressed oops)
# Failed to write core dump. Minidumps are not enabled by default on client versions of Windows
#

---------------  T H R E A D  ---------------

Current thread (0x0000000018b1c000):  JavaThread "C2 CompilerThread0" daemon [_thread_in_native, id=10676, stack(0x00000000192e0000,0x00000000193e0000)]

Stack: [0x00000000192e0000,0x00000000193e0000]
[error occurred during error reporting (printing stack bounds), id 0xc0000005]

Native frames: (J=compiled Java code, j=interpreted, Vv=VM code, C=native code)


Current CompileTask:
C2:  17944 8904   !   4       com.android.utils.PositionXmlParser$DomBuilder::startElement (272 bytes)


---------------  P R O C E S S  ---------------

Java Threads: ( => current thread )
  0x0000000019d5b800 JavaThread "Cache worker for Build Output Cleanup Cache (G:\AndroidStudioProjects\Traffic\TrafficLive\.gradle\buildOutputCleanup)" [_thread_blocked, id=14600, stack(0x0000000028f00000,0x0000000029000000)]
  0x0000000019d55800 JavaThread "Cache worker for task history cache (G:\AndroidStudioProjects\Traffic\TrafficLive\.gradle\4.10.1\taskHistory)" [_thread_blocked, id=8924, stack(0x0000000028e00000,0x0000000028f00000)]
  0x0000000019d57000 JavaThread "Task worker for ':' Thread 7" [_thread_blocked, id=13816, stack(0x0000000028d00000,0x0000000028e00000)]
  0x0000000019d5b000 JavaThread "Task worker for ':' Thread 6" [_thread_blocked, id=8388, stack(0x0000000028c00000,0x0000000028d00000)]
  0x000000001b019000 JavaThread "Task worker for ':' Thread 5" [_thread_blocked, id=8484, stack(0x0000000028b00000,0x0000000028c00000)]
  0x000000001b017800 JavaThread "Task worker for ':' Thread 4" [_thread_blocked, id=15300, stack(0x0000000028a00000,0x0000000028b00000)]
  0x000000001b014800 JavaThread "Task worker for ':' Thread 3" [_thread_blocked, id=18288, stack(0x0000000028900000,0x0000000028a00000)]
  0x000000001b014000 JavaThread "Task worker for ':' Thread 2" [_thread_blocked, id=16952, stack(0x0000000028800000,0x0000000028900000)]
  0x000000001b017000 JavaThread "Task worker for ':'" [_thread_in_Java, id=6152, stack(0x0000000028700000,0x0000000028800000)]
  0x000000001b016000 JavaThread "Cache worker for file content cache (G:\AndroidStudioProjects\Traffic\TrafficLive\.gradle\4.10.1\fileContent)" [_thread_blocked, id=14612, stack(0x0000000028600000,0x0000000028700000)]
  0x000000001ca0d000 JavaThread "Cache worker for file content cache (C:\Users\Hp\.gradle\caches\4.10.1\fileContent)" [_thread_blocked, id=16772, stack(0x0000000028500000,0x0000000028600000)]
  0x000000001ca0b000 JavaThread "Memory manager" [_thread_blocked, id=17584, stack(0x0000000028400000,0x0000000028500000)]
  0x000000001ca0c800 JavaThread "Build operations Thread 8" [_thread_blocked, id=17752, stack(0x0000000028300000,0x0000000028400000)]
  0x000000001ca0a000 JavaThread "Build operations Thread 7" [_thread_blocked, id=7728, stack(0x0000000028200000,0x0000000028300000)]
  0x000000001ca09800 JavaThread "Build operations Thread 6" [_thread_blocked, id=17864, stack(0x0000000028100000,0x0000000028200000)]
  0x000000001ca0b800 JavaThread "Build operations Thread 5" [_thread_blocked, id=10748, stack(0x0000000028000000,0x0000000028100000)]
  0x000000001ca02000 JavaThread "Build operations Thread 4" [_thread_blocked, id=5332, stack(0x0000000027f00000,0x0000000028000000)]
  0x000000001ca08800 JavaThread "Build operations Thread 3" [_thread_blocked, id=10444, stack(0x0000000027e00000,0x0000000027f00000)]
  0x000000001ca00800 JavaThread "Build operations Thread 2" [_thread_blocked, id=18344, stack(0x0000000027d00000,0x0000000027e00000)]
  0x000000001ca01000 JavaThread "Build operations" [_thread_blocked, id=17524, stack(0x0000000027c00000,0x0000000027d00000)]
  0x000000001ca07000 JavaThread "Cache worker for cache directory md-rule (C:\Users\Hp\.gradle\caches\4.10.1\md-rule)" [_thread_blocked, id=6944, stack(0x0000000027b00000,0x0000000027c00000)]
  0x000000001ca03800 JavaThread "Cache worker for cache directory md-supplier (C:\Users\Hp\.gradle\caches\4.10.1\md-supplier)" [_thread_blocked, id=9404, stack(0x0000000027a00000,0x0000000027b00000)]
  0x000000001c9ff800 JavaThread "Cache worker for file hash cache (G:\AndroidStudioProjects\Traffic\TrafficLive\.gradle\4.10.1\fileHashes)" [_thread_blocked, id=16104, stack(0x0000000027900000,0x0000000027a00000)]
  0x000000001ca04000 JavaThread "Stdin handler" [_thread_blocked, id=17048, stack(0x0000000027800000,0x0000000027900000)]
  0x000000001ca06800 JavaThread "Asynchronous log dispatcher for DefaultDaemonConnection: socket connection from /127.0.0.1:58927 to /127.0.0.1:58933" [_thread_blocked, id=16748, stack(0x0000000027700000,0x0000000027800000)]
  0x000000001ca02800 JavaThread "Cancel handler" [_thread_blocked, id=15816, stack(0x0000000027600000,0x0000000027700000)]
  0x000000001c9ff000 JavaThread "Handler for socket connection from /127.0.0.1:58927 to /127.0.0.1:58933" [_thread_in_native, id=9832, stack(0x0000000027500000,0x0000000027600000)]
  0x000000001b015800 JavaThread "Cache worker for Artifact transforms cache (C:\Users\Hp\.gradle\caches\transforms-1)" [_thread_blocked, id=2972, stack(0x00000000228c0000,0x00000000229c0000)]
  0x000000001b01a000 JavaThread "Cache worker for journal cache (C:\Users\Hp\.gradle\caches\journal-1)" [_thread_blocked, id=10244, stack(0x000000001e6d0000,0x000000001e7d0000)]
  0x000000001c2c6000 JavaThread "File lock request listener" [_thread_in_native, id=14128, stack(0x000000001d500000,0x000000001d600000)]
  0x000000001acef800 JavaThread "Cache worker for file hash cache (C:\Users\Hp\.gradle\caches\4.10.1\fileHashes)" [_thread_blocked, id=17220, stack(0x000000001d400000,0x000000001d500000)]
  0x000000001ab28800 JavaThread "Daemon worker" [_thread_blocked, id=15688, stack(0x000000001bc30000,0x000000001bd30000)]
  0x000000001a84b000 JavaThread "Daemon" [_thread_blocked, id=13268, stack(0x000000001b930000,0x000000001ba30000)]
  0x0000000019967800 JavaThread "Daemon periodic checks" [_thread_blocked, id=7440, stack(0x000000001b830000,0x000000001b930000)]
  0x000000001a820800 JavaThread "Incoming local TCP Connector on port 58927" [_thread_in_native, id=7120, stack(0x000000001b5f0000,0x000000001b6f0000)]
  0x0000000018bb1000 JavaThread "Service Thread" daemon [_thread_blocked, id=17628, stack(0x00000000196e0000,0x00000000197e0000)]
  0x0000000016c0e800 JavaThread "C1 CompilerThread3" daemon [_thread_in_native, id=17792, stack(0x00000000195e0000,0x00000000196e0000)]
  0x0000000018b20800 JavaThread "C2 CompilerThread2" daemon [_thread_in_native, id=2232, stack(0x00000000194e0000,0x00000000195e0000)]
  0x0000000018b1f000 JavaThread "C2 CompilerThread1" daemon [_thread_in_native, id=14720, stack(0x00000000193e0000,0x00000000194e0000)]
=>0x0000000018b1c000 JavaThread "C2 CompilerThread0" daemon [_thread_in_native, id=10676, stack(0x00000000192e0000,0x00000000193e0000)]
  0x0000000018b1b000 JavaThread "Attach Listener" daemon [_thread_blocked, id=14188, stack(0x00000000191e0000,0x00000000192e0000)]
  0x0000000018b26000 JavaThread "Signal Dispatcher" daemon [_thread_blocked, id=12460, stack(0x00000000190e0000,0x00000000191e0000)]
  0x0000000002e3e000 JavaThread "Finalizer" daemon [_thread_blocked, id=10716, stack(0x0000000018ef0000,0x0000000018ff0000)]
  0x0000000002e35000 JavaThread "Reference Handler" daemon [_thread_blocked, id=16756, stack(0x00000000189f0000,0x0000000018af0000)]
  0x0000000002d1e000 JavaThread "main" [_thread_blocked, id=10440, stack(0x0000000002bd0000,0x0000000002cd0000)]

Other Threads:
  0x0000000016bf6000 VMThread [stack: 0x00000000188f0000,0x00000000189f0000] [id=8880]
  0x0000000018bb1800 WatcherThread [stack: 0x00000000197e0000,0x00000000198e0000] [id=17036]

VM state:not at safepoint (normal execution)

VM Mutex/Monitor currently owned by a thread: None

Heap:
 PSYoungGen      total 224768K, used 93054K [0x00000000e0000000, 0x00000000f3c80000, 0x0000000100000000)
  eden space 209920K, 38% used [0x00000000e0000000,0x00000000e4f368b8,0x00000000ecd00000)
  from space 14848K, 80% used [0x00000000ee280000,0x00000000eee29190,0x00000000ef100000)
  to   space 22016K, 0% used [0x00000000ecd00000,0x00000000ecd00000,0x00000000ee280000)
 ParOldGen       total 118784K, used 38949K [0x00000000a0000000, 0x00000000a7400000, 0x00000000e0000000)
  object space 118784K, 32% used [0x00000000a0000000,0x00000000a26095f8,0x00000000a7400000)
 Metaspace       used 63686K, capacity 65264K, committed 65408K, reserved 1105920K
  class space    used 8342K, capacity 8744K, committed 8832K, reserved 1048576K

Card table byte_map: [0x0000000012200000,0x0000000012510000] byte_map_base: 0x0000000011d00000

Marking Bits: (ParMarkBitMap*) 0x000000006cf25aa0
 Begin Bits: [0x0000000012f10000, 0x0000000014710000)
 End Bits:   [0x0000000014710000, 0x0000000015f10000)

Polling page: 0x0000000000f20000

CodeCache: size=245760Kb used=26806Kb max_used=26806Kb free=218953Kb
 bounds [0x0000000002e40000, 0x0000000004890000, 0x0000000011e40000]
 total_blobs=8748 nmethods=7961 adapters=700
 compilation: enabled

Compilation events (10 events):
Event: 17.907 Thread 0x0000000018b1c000 8904   !   4       com.android.utils.PositionXmlParser$DomBuilder::startElement (272 bytes)
Event: 17.912 Thread 0x0000000018b1f000 nmethod 8899 0x000000000487dd90 code [0x000000000487df40, 0x000000000487eb28]
Event: 17.912 Thread 0x0000000018b1f000 8905       4       com.sun.org.apache.xerces.internal.dom.CoreDocumentImpl::createElementNS (11 bytes)
Event: 17.917 Thread 0x0000000016c0e800 8908       1       com.sun.org.apache.xerces.internal.parsers.XML11Configuration::setDTDHandler (6 bytes)
Event: 17.917 Thread 0x0000000016c0e800 nmethod 8908 0x0000000004870650 code [0x00000000048707a0, 0x00000000048708d0]
Event: 17.917 Thread 0x0000000016c0e800 8909       1       com.sun.org.apache.xerces.internal.parsers.XML11Configuration::setDTDContentModelHandler (6 bytes)
Event: 17.917 Thread 0x0000000016c0e800 nmethod 8909 0x0000000004876990 code [0x0000000004876ae0, 0x0000000004876c10]
Event: 17.917 Thread 0x0000000016c0e800 8910       3       com.android.ide.common.resources.configuration.LocaleQualifier::<init> (147 bytes)
Event: 17.919 Thread 0x0000000016c0e800 nmethod 8910 0x000000000487a8d0 code [0x000000000487ac20, 0x000000000487cb88]
Event: 17.935 Thread 0x0000000016c0e800 8914       3       com.sun.org.apache.xerces.internal.parsers.DOMParser::<init> (73 bytes)

GC Heap History (10 events):
Event: 5.957 GC heap before
{Heap before GC invocations=11 (full 2):
 PSYoungGen      total 162304K, used 148992K [0x00000000e0000000, 0x00000000f0400000, 0x0000000100000000)
  eden space 148992K, 100% used [0x00000000e0000000,0x00000000e9180000,0x00000000e9180000)
  from space 13312K, 0% used [0x00000000e9e00000,0x00000000e9e00000,0x00000000eab00000)
  to   space 12800K, 0% used [0x00000000e9180000,0x00000000e9180000,0x00000000e9e00000)
 ParOldGen       total 77824K, used 14223K [0x00000000a0000000, 0x00000000a4c00000, 0x00000000e0000000)
  object space 77824K, 18% used [0x00000000a0000000,0x00000000a0de3ee8,0x00000000a4c00000)
 Metaspace       used 42856K, capacity 43618K, committed 43776K, reserved 1087488K
  class space    used 5811K, capacity 6072K, committed 6144K, reserved 1048576K
Event: 5.966 GC heap after
Heap after GC invocations=11 (full 2):
 PSYoungGen      total 161792K, used 12773K [0x00000000e0000000, 0x00000000ef100000, 0x0000000100000000)
  eden space 148992K, 0% used [0x00000000e0000000,0x00000000e0000000,0x00000000e9180000)
  from space 12800K, 99% used [0x00000000e9180000,0x00000000e9df9618,0x00000000e9e00000)
  to   space 14848K, 0% used [0x00000000ee280000,0x00000000ee280000,0x00000000ef100000)
 ParOldGen       total 77824K, used 16114K [0x00000000a0000000, 0x00000000a4c00000, 0x00000000e0000000)
  object space 77824K, 20% used [0x00000000a0000000,0x00000000a0fbcaa0,0x00000000a4c00000)
 Metaspace       used 42856K, capacity 43618K, committed 43776K, reserved 1087488K
  class space    used 5811K, capacity 6072K, committed 6144K, reserved 1048576K
}
Event: 7.583 GC heap before
{Heap before GC invocations=12 (full 2):
 PSYoungGen      total 161792K, used 161765K [0x00000000e0000000, 0x00000000ef100000, 0x0000000100000000)
  eden space 148992K, 100% used [0x00000000e0000000,0x00000000e9180000,0x00000000e9180000)
  from space 12800K, 99% used [0x00000000e9180000,0x00000000e9df9618,0x00000000e9e00000)
  to   space 14848K, 0% used [0x00000000ee280000,0x00000000ee280000,0x00000000ef100000)
 ParOldGen       total 77824K, used 16114K [0x00000000a0000000, 0x00000000a4c00000, 0x00000000e0000000)
  object space 77824K, 20% used [0x00000000a0000000,0x00000000a0fbcaa0,0x00000000a4c00000)
 Metaspace       used 50942K, capacity 52010K, committed 52224K, reserved 1093632K
  class space    used 6851K, capacity 7154K, committed 7168K, reserved 1048576K
Event: 7.594 GC heap after
Heap after GC invocations=12 (full 2):
 PSYoungGen      total 227328K, used 14820K [0x00000000e0000000, 0x00000000ef180000, 0x0000000100000000)
  eden space 212480K, 0% used [0x00000000e0000000,0x00000000e0000000,0x00000000ecf80000)
  from space 14848K, 99% used [0x00000000ee280000,0x00000000ef0f9288,0x00000000ef100000)
  to   space 17408K, 0% used [0x00000000ecf80000,0x00000000ecf80000,0x00000000ee080000)
 ParOldGen       total 77824K, used 18326K [0x00000000a0000000, 0x00000000a4c00000, 0x00000000e0000000)
  object space 77824K, 23% used [0x00000000a0000000,0x00000000a11e5940,0x00000000a4c00000)
 Metaspace       used 50942K, capacity 52010K, committed 52224K, reserved 1093632K
  class space    used 6851K, capacity 7154K, committed 7168K, reserved 1048576K
}
Event: 9.508 GC heap before
{Heap before GC invocations=13 (full 2):
 PSYoungGen      total 227328K, used 186146K [0x00000000e0000000, 0x00000000ef180000, 0x0000000100000000)
  eden space 212480K, 80% used [0x00000000e0000000,0x00000000ea74f7a0,0x00000000ecf80000)
  from space 14848K, 99% used [0x00000000ee280000,0x00000000ef0f9288,0x00000000ef100000)
  to   space 17408K, 0% used [0x00000000ecf80000,0x00000000ecf80000,0x00000000ee080000)
 ParOldGen       total 77824K, used 18326K [0x00000000a0000000, 0x00000000a4c00000, 0x00000000e0000000)
  object space 77824K, 23% used [0x00000000a0000000,0x00000000a11e5940,0x00000000a4c00000)
 Metaspace       used 57647K, capacity 59006K, committed 59028K, reserved 1099776K
  class space    used 7801K, capacity 8173K, committed 8192K, reserved 1048576K
Event: 9.531 GC heap after
Heap after GC invocations=13 (full 2):
 PSYoungGen      total 229888K, used 17388K [0x00000000e0000000, 0x00000000ef180000, 0x0000000100000000)
  eden space 212480K, 0% used [0x00000000e0000000,0x00000000e0000000,0x00000000ecf80000)
  from space 17408K, 99% used [0x00000000ecf80000,0x00000000ee07b180,0x00000000ee080000)
  to   space 14848K, 0% used [0x00000000ee280000,0x00000000ee280000,0x00000000ef100000)
 ParOldGen       total 77824K, used 26958K [0x00000000a0000000, 0x00000000a4c00000, 0x00000000e0000000)
  object space 77824K, 34% used [0x00000000a0000000,0x00000000a1a53a00,0x00000000a4c00000)
 Metaspace       used 57647K, capacity 59006K, committed 59028K, reserved 1099776K
  class space    used 7801K, capacity 8173K, committed 8192K, reserved 1048576K
}
Event: 9.531 GC heap before
{Heap before GC invocations=14 (full 3):
 PSYoungGen      total 229888K, used 17388K [0x00000000e0000000, 0x00000000ef180000, 0x0000000100000000)
  eden space 212480K, 0% used [0x00000000e0000000,0x00000000e0000000,0x00000000ecf80000)
  from space 17408K, 99% used [0x00000000ecf80000,0x00000000ee07b180,0x00000000ee080000)
  to   space 14848K, 0% used [0x00000000ee280000,0x00000000ee280000,0x00000000ef100000)
 ParOldGen       total 77824K, used 26958K [0x00000000a0000000, 0x00000000a4c00000, 0x00000000e0000000)
  object space 77824K, 34% used [0x00000000a0000000,0x00000000a1a53a00,0x00000000a4c00000)
 Metaspace       used 57647K, capacity 59006K, committed 59028K, reserved 1099776K
  class space    used 7801K, capacity 8173K, committed 8192K, reserved 1048576K
Event: 9.731 GC heap after
Heap after GC invocations=14 (full 3):
 PSYoungGen      total 229888K, used 0K [0x00000000e0000000, 0x00000000ef180000, 0x0000000100000000)
  eden space 212480K, 0% used [0x00000000e0000000,0x00000000e0000000,0x00000000ecf80000)
  from space 17408K, 0% used [0x00000000ecf80000,0x00000000ecf80000,0x00000000ee080000)
  to   space 14848K, 0% used [0x00000000ee280000,0x00000000ee280000,0x00000000ef100000)
 ParOldGen       total 118784K, used 38941K [0x00000000a0000000, 0x00000000a7400000, 0x00000000e0000000)
  object space 118784K, 32% used [0x00000000a0000000,0x00000000a26075f8,0x00000000a7400000)
 Metaspace       used 57647K, capacity 59006K, committed 59028K, reserved 1099776K
  class space    used 7801K, capacity 8173K, committed 8192K, reserved 1048576K
}
Event: 17.281 GC heap before
{Heap before GC invocations=15 (full 3):
 PSYoungGen      total 229888K, used 212480K [0x00000000e0000000, 0x00000000ef180000, 0x0000000100000000)
  eden space 212480K, 100% used [0x00000000e0000000,0x00000000ecf80000,0x00000000ecf80000)
  from space 17408K, 0% used [0x00000000ecf80000,0x00000000ecf80000,0x00000000ee080000)
  to   space 14848K, 0% used [0x00000000ee280000,0x00000000ee280000,0x00000000ef100000)
 ParOldGen       total 118784K, used 38941K [0x00000000a0000000, 0x00000000a7400000, 0x00000000e0000000)
  object space 118784K, 32% used [0x00000000a0000000,0x00000000a26075f8,0x00000000a7400000)
 Metaspace       used 63305K, capacity 64876K, committed 65152K, reserved 1105920K
  class space    used 8333K, capacity 8744K, committed 8832K, reserved 1048576K
Event: 17.288 GC heap after
Heap after GC invocations=15 (full 3):
 PSYoungGen      total 224768K, used 11940K [0x00000000e0000000, 0x00000000f3c80000, 0x0000000100000000)
  eden space 209920K, 0% used [0x00000000e0000000,0x00000000e0000000,0x00000000ecd00000)
  from space 14848K, 80% used [0x00000000ee280000,0x00000000eee29190,0x00000000ef100000)
  to   space 22016K, 0% used [0x00000000ecd00000,0x00000000ecd00000,0x00000000ee280000)
 ParOldGen       total 118784K, used 38949K [0x00000000a0000000, 0x00000000a7400000, 0x00000000e0000000)
  object space 118784K, 32% used [0x00000000a0000000,0x00000000a26095f8,0x00000000a7400000)
 Metaspace       used 63305K, capacity 64876K, committed 65152K, reserved 1105920K
  class space    used 8333K, capacity 8744K, committed 8832K, reserved 1048576K
}

Deoptimization events (10 events):
Event: 17.385 Thread 0x000000001b017000 Uncommon trap: reason=speculate_class_check action=maybe_recompile pc=0x0000000004098b5c method=java.util.AbstractList.listIterator()Ljava/util/ListIterator; @ 2
Event: 17.386 Thread 0x000000001b017000 Uncommon trap: reason=speculate_class_check action=maybe_recompile pc=0x0000000004098b5c method=java.util.AbstractList.listIterator()Ljava/util/ListIterator; @ 2
Event: 17.386 Thread 0x000000001b017000 Uncommon trap: reason=speculate_class_check action=maybe_recompile pc=0x0000000004098b5c method=java.util.AbstractList.listIterator()Ljava/util/ListIterator; @ 2
Event: 17.557 Thread 0x000000001b017000 Uncommon trap: reason=unstable_if action=reinterpret pc=0x0000000004797248 method=sun.nio.cs.UTF_8$Decoder.decode([BII[C)I @ 90
Event: 17.562 Thread 0x000000001b017000 Uncommon trap: reason=unstable_if action=reinterpret pc=0x0000000004767940 method=sun.nio.cs.UTF_8$Decoder.decode([BII[C)I @ 90
Event: 17.675 Thread 0x000000001b017000 Uncommon trap: reason=unstable_if action=reinterpret pc=0x0000000003e7cb94 method=com.sun.org.apache.xerces.internal.util.SymbolTable.addSymbol([CII)Ljava/lang/String; @ 64
Event: 17.723 Thread 0x000000001b017000 Uncommon trap: reason=class_check action=maybe_recompile pc=0x000000000482aa28 method=com.sun.org.apache.xerces.internal.dom.NamedNodeMapImpl.findNamePoint(Ljava/lang/String;I)I @ 54
Event: 17.723 Thread 0x000000001b017000 Uncommon trap: reason=class_check action=maybe_recompile pc=0x000000000482aa28 method=com.sun.org.apache.xerces.internal.dom.NamedNodeMapImpl.findNamePoint(Ljava/lang/String;I)I @ 54
Event: 17.723 Thread 0x000000001b017000 Uncommon trap: reason=class_check action=maybe_recompile pc=0x000000000482aa28 method=com.sun.org.apache.xerces.internal.dom.NamedNodeMapImpl.findNamePoint(Ljava/lang/String;I)I @ 54
Event: 17.723 Thread 0x000000001b017000 Uncommon trap: reason=class_check action=maybe_recompile pc=0x000000000482aa28 method=com.sun.org.apache.xerces.internal.dom.NamedNodeMapImpl.findNamePoint(Ljava/lang/String;I)I @ 54

Classes redefined (0 events):
No events

Internal exceptions (10 events):
Event: 16.707 Thread 0x000000001b017000 Exception <a 'sun/nio/fs/WindowsException'> (0x00000000ead872f0) thrown at [D:\src\AOSP-openjdk-cygwin\jdk8u\hotspot\src\share\vm\prims\jni.cpp, line 709]
Event: 16.707 Thread 0x000000001b017000 Exception <a 'sun/nio/fs/WindowsException'> (0x00000000ead87880) thrown at [D:\src\AOSP-openjdk-cygwin\jdk8u\hotspot\src\share\vm\prims\jni.cpp, line 709]
Event: 16.707 Thread 0x000000001b017000 Exception <a 'sun/nio/fs/WindowsException'> (0x00000000ead88840) thrown at [D:\src\AOSP-openjdk-cygwin\jdk8u\hotspot\src\share\vm\prims\jni.cpp, line 709]
Event: 16.707 Thread 0x000000001b017000 Exception <a 'sun/nio/fs/WindowsException'> (0x00000000ead88dd0) thrown at [D:\src\AOSP-openjdk-cygwin\jdk8u\hotspot\src\share\vm\prims\jni.cpp, line 709]
Event: 16.900 Thread 0x000000001b017000 Exception <a 'sun/nio/fs/WindowsException'> (0x00000000eb735f10) thrown at [D:\src\AOSP-openjdk-cygwin\jdk8u\hotspot\src\share\vm\prims\jni.cpp, line 709]
Event: 16.908 Thread 0x000000001b017000 Exception <a 'java/lang/NoSuchMethodError': <clinit>> (0x00000000eb7687a0) thrown at [D:\src\AOSP-openjdk-cygwin\jdk8u\hotspot\src\share\vm\prims\jni.cpp, line 1613]
Event: 16.908 Thread 0x000000001b017000 Exception <a 'java/lang/NoSuchMethodError': <clinit>> (0x00000000eb7722e8) thrown at [D:\src\AOSP-openjdk-cygwin\jdk8u\hotspot\src\share\vm\prims\jni.cpp, line 1613]
Event: 16.910 Thread 0x000000001b017000 Exception <a 'java/lang/NoSuchMethodError': <clinit>> (0x00000000eb7f29e0) thrown at [D:\src\AOSP-openjdk-cygwin\jdk8u\hotspot\src\share\vm\prims\jni.cpp, line 1613]
Event: 16.911 Thread 0x000000001b017000 Exception <a 'java/lang/NoSuchMethodError': <clinit>> (0x00000000eb7fdc70) thrown at [D:\src\AOSP-openjdk-cygwin\jdk8u\hotspot\src\share\vm\prims\jni.cpp, line 1613]
Event: 16.913 Thread 0x000000001b017000 Exception <a 'sun/nio/fs/WindowsException'> (0x00000000eb807228) thrown at [D:\src\AOSP-openjdk-cygwin\jdk8u\hotspot\src\share\vm\prims\jni.cpp, line 709]

Events (10 events):
Event: 17.723 Thread 0x000000001b017000 DEOPT PACKING pc=0x000000000482aa28 sp=0x00000000287fbf30
Event: 17.723 Thread 0x000000001b017000 DEOPT UNPACKING pc=0x0000000002e8557b sp=0x00000000287fbee8 mode 2
Event: 17.723 Thread 0x000000001b017000 Uncommon trap: trap_request=0xffffffde fr.pc=0x000000000482aa28
Event: 17.723 Thread 0x000000001b017000 DEOPT PACKING pc=0x000000000482aa28 sp=0x00000000287fbf30
Event: 17.723 Thread 0x000000001b017000 DEOPT UNPACKING pc=0x0000000002e8557b sp=0x00000000287fbee8 mode 2
Event: 17.723 Thread 0x000000001b017000 Uncommon trap: trap_request=0xffffffde fr.pc=0x000000000482aa28
Event: 17.723 Thread 0x000000001b017000 DEOPT PACKING pc=0x000000000482aa28 sp=0x00000000287fbf30
Event: 17.723 Thread 0x000000001b017000 DEOPT UNPACKING pc=0x0000000002e8557b sp=0x00000000287fbee8 mode 2
Event: 17.735 Executing VM operation: ForceSafepoint
Event: 17.736 Executing VM operation: ForceSafepoint done


Dynamic libraries:
0x00007ff611ea0000 - 0x00007ff611ed1000 	C:\Program Files\Android\Android Studio\jre\bin\java.exe
0x00007ffa5a740000 - 0x00007ffa5a921000 	C:\WINDOWS\SYSTEM32\ntdll.dll
0x00007ffa5a380000 - 0x00007ffa5a431000 	C:\WINDOWS\System32\KERNEL32.DLL
0x00007ffa577c0000 - 0x00007ffa57a33000 	C:\WINDOWS\System32\KERNELBASE.dll
0x00007ffa59b20000 - 0x00007ffa59bc1000 	C:\WINDOWS\System32\ADVAPI32.dll
0x00007ffa583d0000 - 0x00007ffa5846e000 	C:\WINDOWS\System32\msvcrt.dll
0x00007ffa59bd0000 - 0x00007ffa59c2b000 	C:\WINDOWS\System32\sechost.dll
0x00007ffa59c90000 - 0x00007ffa59db4000 	C:\WINDOWS\System32\RPCRT4.dll
0x00007ffa59920000 - 0x00007ffa59ab0000 	C:\WINDOWS\System32\USER32.dll
0x00007ffa577a0000 - 0x00007ffa577c0000 	C:\WINDOWS\System32\win32u.dll
0x00007ffa5a350000 - 0x00007ffa5a378000 	C:\WINDOWS\System32\GDI32.dll
0x00007ffa57600000 - 0x00007ffa57792000 	C:\WINDOWS\System32\gdi32full.dll
0x00007ffa57560000 - 0x00007ffa575ff000 	C:\WINDOWS\System32\msvcp_win.dll
0x00007ffa56d00000 - 0x00007ffa56df8000 	C:\WINDOWS\System32\ucrtbase.dll
0x00007ffa4e3a0000 - 0x00007ffa4e609000 	C:\WINDOWS\WinSxS\amd64_microsoft.windows.common-controls_6595b64144ccf1df_6.0.17134.706_none_fb43a2cb30647007\COMCTL32.dll
0x00007ffa580a0000 - 0x00007ffa583c2000 	C:\WINDOWS\System32\combase.dll
0x00007ffa57a40000 - 0x00007ffa57aba000 	C:\WINDOWS\System32\bcryptPrimitives.dll
0x00007ffa5a320000 - 0x00007ffa5a34d000 	C:\WINDOWS\System32\IMM32.DLL
0x000000006c3a0000 - 0x000000006c472000 	C:\Program Files\Android\Android Studio\jre\jre\bin\msvcr100.dll
0x000000006c760000 - 0x000000006cfa1000 	C:\Program Files\Android\Android Studio\jre\jre\bin\server\jvm.dll
0x00007ffa59910000 - 0x00007ffa59918000 	C:\WINDOWS\System32\PSAPI.DLL
0x00007ffa546b0000 - 0x00007ffa546d3000 	C:\WINDOWS\SYSTEM32\WINMM.dll
0x00007ffa55350000 - 0x00007ffa5535a000 	C:\WINDOWS\SYSTEM32\VERSION.dll
0x00007ffa45770000 - 0x00007ffa45779000 	C:\WINDOWS\SYSTEM32\WSOCK32.dll
0x00007ffa59ab0000 - 0x00007ffa59b1c000 	C:\WINDOWS\System32\WS2_32.dll
0x00007ffa53ad0000 - 0x00007ffa53afa000 	C:\WINDOWS\SYSTEM32\WINMMBASE.dll
0x00007ffa56e00000 - 0x00007ffa56e49000 	C:\WINDOWS\System32\cfgmgr32.dll
0x00007ffa54710000 - 0x00007ffa5471f000 	C:\Program Files\Android\Android Studio\jre\jre\bin\verify.dll
0x00007ffa3e9e0000 - 0x00007ffa3ea09000 	C:\Program Files\Android\Android Studio\jre\jre\bin\java.dll
0x00007ffa45210000 - 0x00007ffa45226000 	C:\Program Files\Android\Android Studio\jre\jre\bin\zip.dll
0x00007ffa58470000 - 0x00007ffa598b0000 	C:\WINDOWS\System32\SHELL32.dll
0x00007ffa59ff0000 - 0x00007ffa5a099000 	C:\WINDOWS\System32\shcore.dll
0x00007ffa56e50000 - 0x00007ffa5755d000 	C:\WINDOWS\System32\windows.storage.dll
0x00007ffa5a6b0000 - 0x00007ffa5a701000 	C:\WINDOWS\System32\shlwapi.dll
0x00007ffa56af0000 - 0x00007ffa56b01000 	C:\WINDOWS\System32\kernel.appcore.dll
0x00007ffa56ab0000 - 0x00007ffa56acf000 	C:\WINDOWS\System32\profapi.dll
0x00007ffa56a60000 - 0x00007ffa56aac000 	C:\WINDOWS\System32\powrprof.dll
0x00007ffa56a50000 - 0x00007ffa56a5a000 	C:\WINDOWS\System32\FLTLIB.DLL
0x00007ffa3dd30000 - 0x00007ffa3dd4a000 	C:\Program Files\Android\Android Studio\jre\jre\bin\net.dll
0x00007ffa562d0000 - 0x00007ffa56336000 	C:\WINDOWS\system32\mswsock.dll
0x00007ffa3dd10000 - 0x00007ffa3dd21000 	C:\Program Files\Android\Android Studio\jre\jre\bin\nio.dll
0x00007ffa3d910000 - 0x00007ffa3d92e000 	C:\Users\Hp\.gradle\native\25\windows-amd64\native-platform.dll
0x00007ffa526d0000 - 0x00007ffa526dd000 	C:\Program Files\Android\Android Studio\jre\jre\bin\management.dll
0x00007ffa56480000 - 0x00007ffa56497000 	C:\WINDOWS\SYSTEM32\CRYPTSP.dll
0x00007ffa55e50000 - 0x00007ffa55e83000 	C:\WINDOWS\system32\rsaenh.dll
0x00007ffa565b0000 - 0x00007ffa565d5000 	C:\WINDOWS\SYSTEM32\bcrypt.dll
0x00007ffa56980000 - 0x00007ffa569a8000 	C:\WINDOWS\SYSTEM32\USERENV.dll
0x00007ffa564a0000 - 0x00007ffa564ab000 	C:\WINDOWS\SYSTEM32\CRYPTBASE.dll
0x00007ffa55ff0000 - 0x00007ffa56028000 	C:\WINDOWS\SYSTEM32\IPHLPAPI.DLL
0x00007ffa5a0a0000 - 0x00007ffa5a0a8000 	C:\WINDOWS\System32\NSI.dll
0x00007ffa4da30000 - 0x00007ffa4da46000 	C:\WINDOWS\SYSTEM32\dhcpcsvc6.DLL
0x00007ffa4da10000 - 0x00007ffa4da2a000 	C:\WINDOWS\SYSTEM32\dhcpcsvc.DLL

VM Arguments:
jvm_args: -Xmx1536m -Dfile.encoding=windows-1252 -Duser.country=US -Duser.language=en -Duser.variant 
java_command: org.gradle.launcher.daemon.bootstrap.GradleDaemon 4.10.1
java_class_path (initial): C:\Users\Hp\.gradle\wrapper\dists\gradle-4.10.1-all\455itskqi2qtf0v2sja68alqd\gradle-4.10.1\lib\gradle-launcher-4.10.1.jar
Launcher Type: SUN_STANDARD

Environment Variables:
PATH="C:\ProgramData\Oracle\Java\javapath;C:\Program Files\Java\jdk-9.0.1\bin";C:\Program Files (x86)\Intel\Intel(R) Management Engine Components\iCLS\;C:\Program Files\Intel\Intel(R) Management Engine Components\iCLS\;C:\windows\system32;C:\windows;C:\windows\System32\Wbem;C:\windows\System32\WindowsPowerShell\v1.0\;C:\Program Files (x86)\Intel\Intel(R) Management Engine Components\DAL;C:\Program Files\Intel\Intel(R) Management Engine Components\DAL;C:\Program Files (x86)\Intel\Intel(R) Management Engine Components\IPT;C:\Program Files\Intel\Intel(R) Management Engine Components\IPT;C:\Program Files (x86)\NVIDIA Corporation\PhysX\Common;C:\Program Files\Git\cmd;C:\WINDOWS\system32;C:\WINDOWS;C:\WINDOWS\System32\Wbem;C:\WINDOWS\System32\WindowsPowerShell\v1.0\;C:\WINDOWS\System32\OpenSSH\;"C:\Users\Hp\AppData\Local\Microsoft\WindowsApps;C:\Users\Hp\AppData\Local\Android\Sdk\platform-tools";C:\Users\Hp\AppData\Local\atom\bin;%USERPROFILE%\AppData\Local\Microsoft\WindowsApps;
USERNAME=Hp
OS=Windows_NT
PROCESSOR_IDENTIFIER=Intel64 Family 6 Model 142 Stepping 10, GenuineIntel



---------------  S Y S T E M  ---------------

OS: Windows 10.0 , 64 bit Build 17134 (10.0.17134.706)

CPU:total 8 (initial active 8) (4 cores per cpu, 2 threads per core) family 6 model 142 stepping 10, cmov, cx8, fxsr, mmx, sse, sse2, sse3, ssse3, sse4.1, sse4.2, popcnt, avx, avx2, aes, clmul, erms, 3dnowpref, lzcnt, ht, tsc, tscinvbit, bmi1, bmi2, adx

Memory: 4k page, physical 8301668k(1054788k free), swap 8301668k(4132k free)

vm_info: OpenJDK 64-Bit Server VM (25.152-b01) for windows-amd64 JRE (1.8.0_152-release-1248-b01), built by "builder" with MS VC++ 10.0 (VS2010)

time: Sat May 04 15:57:52 2019
elapsed time: 17 seconds (0d 0h 0m 17s)

