#
# There is insufficient memory for the Java Runtime Environment to continue.
# Native memory allocation (malloc) failed to allocate 1137136 bytes for Chunk::new
# Possible reasons:
#   The system is out of physical RAM or swap space
#   In 32 bit mode, the process size limit was hit
# Possible solutions:
#   Reduce memory load on the system
#   Increase physical memory or swap space
#   Check if swap backing store is full
#   Use 64 bit Java on a 64 bit OS
#   Decrease Java heap size (-Xmx/-Xms)
#   Decrease number of Java threads
#   Decrease Java thread stack sizes (-Xss)
#   Set larger code cache with -XX:ReservedCodeCacheSize=
# This output file may be truncated or incomplete.
#
#  Out of Memory Error (allocation.cpp:390), pid=13156, tid=0x0000000000001f54
#
# JRE version: OpenJDK Runtime Environment (8.0_152-b01) (build 1.8.0_152-release-1248-b01)
# Java VM: OpenJDK 64-Bit Server VM (25.152-b01 mixed mode windows-amd64 compressed oops)
# Failed to write core dump. Minidumps are not enabled by default on client versions of Windows
#

---------------  T H R E A D  ---------------

Current thread (0x000000001855e800):  JavaThread "C2 CompilerThread2" daemon [_thread_in_native, id=8020, stack(0x0000000018f20000,0x0000000019020000)]

Stack: [0x0000000018f20000,0x0000000019020000]
[error occurred during error reporting (printing stack bounds), id 0xc0000005]

Native frames: (J=compiled Java code, j=interpreted, Vv=VM code, C=native code)


Current CompileTask:
C2:   3083 2596       4       java.io.WinNTFileSystem::normalize (143 bytes)


---------------  P R O C E S S  ---------------

Java Threads: ( => current thread )
  0x00000000213d9000 JavaThread "Build operations Thread 8" [_thread_blocked, id=11552, stack(0x0000000022af0000,0x0000000022bf0000)]
  0x00000000213d6000 JavaThread "Build operations Thread 7" [_thread_blocked, id=11812, stack(0x00000000229f0000,0x0000000022af0000)]
  0x00000000213d7800 JavaThread "Build operations Thread 6" [_thread_blocked, id=10080, stack(0x00000000228f0000,0x00000000229f0000)]
  0x00000000213d7000 JavaThread "Build operations Thread 5" [_thread_blocked, id=14780, stack(0x00000000227f0000,0x00000000228f0000)]
  0x000000001aacf000 JavaThread "Build operations Thread 4" [_thread_blocked, id=15224, stack(0x00000000226f0000,0x00000000227f0000)]
  0x000000001aace000 JavaThread "Build operations Thread 3" [_thread_blocked, id=15260, stack(0x00000000225f0000,0x00000000226f0000)]
  0x000000001aacd800 JavaThread "Build operations Thread 2" [_thread_blocked, id=5216, stack(0x00000000224f0000,0x00000000225f0000)]
  0x000000001aacc800 JavaThread "Build operations" [_thread_blocked, id=12460, stack(0x00000000223f0000,0x00000000224f0000)]
  0x000000001aac9000 JavaThread "Cache worker for Artifact transforms cache (C:\Users\Hp\.gradle\caches\transforms-1)" [_thread_blocked, id=5616, stack(0x00000000222f0000,0x00000000223f0000)]
  0x000000001aacb000 JavaThread "Cache worker for cache directory md-rule (C:\Users\Hp\.gradle\caches\4.10.1\md-rule)" [_thread_blocked, id=4832, stack(0x0000000020b40000,0x0000000020c40000)]
  0x000000001aacc000 JavaThread "Cache worker for cache directory md-supplier (C:\Users\Hp\.gradle\caches\4.10.1\md-supplier)" [_thread_blocked, id=13972, stack(0x0000000020a40000,0x0000000020b40000)]
  0x000000001aac9800 JavaThread "Cache worker for journal cache (C:\Users\Hp\.gradle\caches\journal-1)" [_thread_blocked, id=1564, stack(0x000000001e110000,0x000000001e210000)]
  0x000000001c076800 JavaThread "Cache worker for file hash cache (G:\AndroidStudioProjects\Traffic\TrafficLive\.gradle\4.10.1\fileHashes)" [_thread_blocked, id=12920, stack(0x000000001d040000,0x000000001d140000)]
  0x000000001bd88800 JavaThread "File lock request listener" [_thread_in_native, id=9252, stack(0x000000001cf40000,0x000000001d040000)]
  0x000000001be78000 JavaThread "Cache worker for file hash cache (C:\Users\Hp\.gradle\caches\4.10.1\fileHashes)" [_thread_in_Java, id=17248, stack(0x000000001ce40000,0x000000001cf40000)]
  0x000000001a286000 JavaThread "Stdin handler" [_thread_blocked, id=17868, stack(0x000000001b870000,0x000000001b970000)]
  0x000000001a27c800 JavaThread "Asynchronous log dispatcher for DefaultDaemonConnection: socket connection from /127.0.0.1:58660 to /127.0.0.1:58661" [_thread_blocked, id=13372, stack(0x000000001b770000,0x000000001b870000)]
  0x000000001a274000 JavaThread "Daemon worker" [_thread_in_Java, id=15636, stack(0x000000001b670000,0x000000001b770000)]
  0x000000001a4e1800 JavaThread "Cancel handler" [_thread_blocked, id=9188, stack(0x000000001b570000,0x000000001b670000)]
  0x000000001a4da800 JavaThread "Handler for socket connection from /127.0.0.1:58660 to /127.0.0.1:58661" [_thread_in_native, id=18104, stack(0x000000001b470000,0x000000001b570000)]
  0x000000001a24c800 JavaThread "Daemon" [_thread_blocked, id=15772, stack(0x000000001b370000,0x000000001b470000)]
  0x000000001a23a800 JavaThread "Daemon periodic checks" [_thread_blocked, id=4408, stack(0x000000001b270000,0x000000001b370000)]
  0x000000001a325800 JavaThread "Incoming local TCP Connector on port 58660" [_thread_in_native, id=10656, stack(0x000000001b030000,0x000000001b130000)]
  0x00000000185f0000 JavaThread "Service Thread" daemon [_thread_blocked, id=15368, stack(0x0000000019120000,0x0000000019220000)]
  0x0000000018565800 JavaThread "C1 CompilerThread3" daemon [_thread_in_vm, id=16364, stack(0x0000000019020000,0x0000000019120000)]
=>0x000000001855e800 JavaThread "C2 CompilerThread2" daemon [_thread_in_native, id=8020, stack(0x0000000018f20000,0x0000000019020000)]
  0x000000001855d000 JavaThread "C2 CompilerThread1" daemon [_thread_blocked, id=4524, stack(0x0000000018e20000,0x0000000018f20000)]
  0x000000001855a000 JavaThread "C2 CompilerThread0" daemon [_thread_blocked, id=3408, stack(0x0000000018d20000,0x0000000018e20000)]
  0x0000000018559000 JavaThread "Attach Listener" daemon [_thread_blocked, id=10196, stack(0x0000000018c20000,0x0000000018d20000)]
  0x0000000018556000 JavaThread "Signal Dispatcher" daemon [_thread_blocked, id=10872, stack(0x0000000018b20000,0x0000000018c20000)]
  0x000000000288e000 JavaThread "Finalizer" daemon [_thread_blocked, id=1456, stack(0x0000000018930000,0x0000000018a30000)]
  0x0000000002885000 JavaThread "Reference Handler" daemon [_thread_blocked, id=11572, stack(0x0000000018430000,0x0000000018530000)]
  0x0000000000dde000 JavaThread "main" [_thread_blocked, id=7344, stack(0x00000000025b0000,0x00000000026b0000)]

Other Threads:
  0x0000000016646000 VMThread [stack: 0x0000000018330000,0x0000000018430000] [id=7180]
  0x00000000185f0800 WatcherThread [stack: 0x0000000019220000,0x0000000019320000] [id=10156]

VM state:not at safepoint (normal execution)

VM Mutex/Monitor currently owned by a thread: None

Heap:
 PSYoungGen      total 71680K, used 7737K [0x00000000e0000000, 0x00000000e7780000, 0x0000000100000000)
  eden space 66560K, 3% used [0x00000000e0000000,0x00000000e028e4d0,0x00000000e4100000)
  from space 5120K, 100% used [0x00000000e4100000,0x00000000e4600000,0x00000000e4600000)
  to   space 10752K, 0% used [0x00000000e6d00000,0x00000000e6d00000,0x00000000e7780000)
 ParOldGen       total 62464K, used 14343K [0x00000000a0000000, 0x00000000a3d00000, 0x00000000e0000000)
  object space 62464K, 22% used [0x00000000a0000000,0x00000000a0e01cc8,0x00000000a3d00000)
 Metaspace       used 30273K, capacity 30610K, committed 30848K, reserved 1075200K
  class space    used 4213K, capacity 4362K, committed 4480K, reserved 1048576K

Card table byte_map: [0x0000000011c50000,0x0000000011f60000] byte_map_base: 0x0000000011750000

Marking Bits: (ParMarkBitMap*) 0x000000006cf25aa0
 Begin Bits: [0x0000000012960000, 0x0000000014160000)
 End Bits:   [0x0000000014160000, 0x0000000015960000)

Polling page: 0x0000000000d50000

CodeCache: size=245760Kb used=10219Kb max_used=10219Kb free=235540Kb
 bounds [0x0000000002890000, 0x00000000032a0000, 0x0000000011890000]
 total_blobs=3548 nmethods=2877 adapters=584
 compilation: enabled

Compilation events (10 events):
Event: 3.080 Thread 0x0000000018565800 nmethod 2865 0x0000000003288950 code [0x0000000003288b40, 0x0000000003289278]
Event: 3.080 Thread 0x0000000018565800 2866       3       org.gradle.internal.io.StreamByteBuffer::chunkSizeInDefaultRange (10 bytes)
Event: 3.080 Thread 0x0000000018565800 nmethod 2866 0x00000000032895d0 code [0x0000000003289740, 0x0000000003289a30]
Event: 3.080 Thread 0x0000000018565800 2867       3       org.gradle.internal.io.StreamByteBuffer::valueInRange (10 bytes)
Event: 3.080 Thread 0x0000000018565800 nmethod 2867 0x0000000003289b50 code [0x0000000003289cc0, 0x0000000003289f50]
Event: 3.080 Thread 0x0000000018565800 2868       3       org.gradle.internal.io.StreamByteBuffer::<init> (76 bytes)
Event: 3.080 Thread 0x0000000018565800 nmethod 2868 0x000000000328a050 code [0x000000000328a240, 0x000000000328abf0]
Event: 3.080 Thread 0x0000000018565800 2869       3       org.gradle.internal.io.StreamByteBuffer$StreamByteBufferChunk::<init> (22 bytes)
Event: 3.080 Thread 0x0000000018565800 nmethod 2869 0x000000000328b110 code [0x000000000328b280, 0x000000000328b4f0]
Event: 3.080 Thread 0x0000000018565800 2860       1       org.gradle.api.internal.changedetection.state.InMemoryDecoratedCache::access$000 (5 bytes)

GC Heap History (10 events):
Event: 1.763 GC heap before
{Heap before GC invocations=4 (full 0):
 PSYoungGen      total 38400K, used 38400K [0x00000000e0000000, 0x00000000e4b00000, 0x0000000100000000)
  eden space 33280K, 100% used [0x00000000e0000000,0x00000000e2080000,0x00000000e2080000)
  from space 5120K, 100% used [0x00000000e2080000,0x00000000e2580000,0x00000000e2580000)
  to   space 5120K, 0% used [0x00000000e4600000,0x00000000e4600000,0x00000000e4b00000)
 ParOldGen       total 87552K, used 2104K [0x00000000a0000000, 0x00000000a5580000, 0x00000000e0000000)
  object space 87552K, 2% used [0x00000000a0000000,0x00000000a020e250,0x00000000a5580000)
 Metaspace       used 16781K, capacity 17198K, committed 17536K, reserved 1064960K
  class space    used 2420K, capacity 2573K, committed 2688K, reserved 1048576K
Event: 1.770 GC heap after
Heap after GC invocations=4 (full 0):
 PSYoungGen      total 71680K, used 5120K [0x00000000e0000000, 0x00000000e4b00000, 0x0000000100000000)
  eden space 66560K, 0% used [0x00000000e0000000,0x00000000e0000000,0x00000000e4100000)
  from space 5120K, 100% used [0x00000000e4600000,0x00000000e4b00000,0x00000000e4b00000)
  to   space 5120K, 0% used [0x00000000e4100000,0x00000000e4100000,0x00000000e4600000)
 ParOldGen       total 87552K, used 5420K [0x00000000a0000000, 0x00000000a5580000, 0x00000000e0000000)
  object space 87552K, 6% used [0x00000000a0000000,0x00000000a054b1f8,0x00000000a5580000)
 Metaspace       used 16781K, capacity 17198K, committed 17536K, reserved 1064960K
  class space    used 2420K, capacity 2573K, committed 2688K, reserved 1048576K
}
Event: 2.010 GC heap before
{Heap before GC invocations=5 (full 0):
 PSYoungGen      total 71680K, used 29392K [0x00000000e0000000, 0x00000000e4b00000, 0x0000000100000000)
  eden space 66560K, 36% used [0x00000000e0000000,0x00000000e17b4218,0x00000000e4100000)
  from space 5120K, 100% used [0x00000000e4600000,0x00000000e4b00000,0x00000000e4b00000)
  to   space 5120K, 0% used [0x00000000e4100000,0x00000000e4100000,0x00000000e4600000)
 ParOldGen       total 87552K, used 5420K [0x00000000a0000000, 0x00000000a5580000, 0x00000000e0000000)
  object space 87552K, 6% used [0x00000000a0000000,0x00000000a054b1f8,0x00000000a5580000)
 Metaspace       used 20859K, capacity 21176K, committed 21248K, reserved 1067008K
  class space    used 2920K, capacity 3060K, committed 3072K, reserved 1048576K
Event: 2.017 GC heap after
Heap after GC invocations=5 (full 0):
 PSYoungGen      total 71680K, used 5108K [0x00000000e0000000, 0x00000000e4b00000, 0x0000000100000000)
  eden space 66560K, 0% used [0x00000000e0000000,0x00000000e0000000,0x00000000e4100000)
  from space 5120K, 99% used [0x00000000e4100000,0x00000000e45fd040,0x00000000e4600000)
  to   space 5120K, 0% used [0x00000000e4600000,0x00000000e4600000,0x00000000e4b00000)
 ParOldGen       total 87552K, used 8798K [0x00000000a0000000, 0x00000000a5580000, 0x00000000e0000000)
  object space 87552K, 10% used [0x00000000a0000000,0x00000000a0897ae0,0x00000000a5580000)
 Metaspace       used 20859K, capacity 21176K, committed 21248K, reserved 1067008K
  class space    used 2920K, capacity 3060K, committed 3072K, reserved 1048576K
}
Event: 2.017 GC heap before
{Heap before GC invocations=6 (full 1):
 PSYoungGen      total 71680K, used 5108K [0x00000000e0000000, 0x00000000e4b00000, 0x0000000100000000)
  eden space 66560K, 0% used [0x00000000e0000000,0x00000000e0000000,0x00000000e4100000)
  from space 5120K, 99% used [0x00000000e4100000,0x00000000e45fd040,0x00000000e4600000)
  to   space 5120K, 0% used [0x00000000e4600000,0x00000000e4600000,0x00000000e4b00000)
 ParOldGen       total 87552K, used 8798K [0x00000000a0000000, 0x00000000a5580000, 0x00000000e0000000)
  object space 87552K, 10% used [0x00000000a0000000,0x00000000a0897ae0,0x00000000a5580000)
 Metaspace       used 20859K, capacity 21176K, committed 21248K, reserved 1067008K
  class space    used 2920K, capacity 3060K, committed 3072K, reserved 1048576K
Event: 2.047 GC heap after
Heap after GC invocations=6 (full 1):
 PSYoungGen      total 71680K, used 0K [0x00000000e0000000, 0x00000000e4b00000, 0x0000000100000000)
  eden space 66560K, 0% used [0x00000000e0000000,0x00000000e0000000,0x00000000e4100000)
  from space 5120K, 0% used [0x00000000e4100000,0x00000000e4100000,0x00000000e4600000)
  to   space 5120K, 0% used [0x00000000e4600000,0x00000000e4600000,0x00000000e4b00000)
 ParOldGen       total 62464K, used 8707K [0x00000000a0000000, 0x00000000a3d00000, 0x00000000e0000000)
  object space 62464K, 13% used [0x00000000a0000000,0x00000000a0880cb8,0x00000000a3d00000)
 Metaspace       used 20859K, capacity 21176K, committed 21248K, reserved 1067008K
  class space    used 2920K, capacity 3060K, committed 3072K, reserved 1048576K
}
Event: 2.594 GC heap before
{Heap before GC invocations=7 (full 1):
 PSYoungGen      total 71680K, used 66560K [0x00000000e0000000, 0x00000000e4b00000, 0x0000000100000000)
  eden space 66560K, 100% used [0x00000000e0000000,0x00000000e4100000,0x00000000e4100000)
  from space 5120K, 0% used [0x00000000e4100000,0x00000000e4100000,0x00000000e4600000)
  to   space 5120K, 0% used [0x00000000e4600000,0x00000000e4600000,0x00000000e4b00000)
 ParOldGen       total 62464K, used 8707K [0x00000000a0000000, 0x00000000a3d00000, 0x00000000e0000000)
  object space 62464K, 13% used [0x00000000a0000000,0x00000000a0880cb8,0x00000000a3d00000)
 Metaspace       used 26741K, capacity 27110K, committed 27392K, reserved 1073152K
  class space    used 3643K, capacity 3815K, committed 3840K, reserved 1048576K
Event: 2.600 GC heap after
Heap after GC invocations=7 (full 1):
 PSYoungGen      total 71680K, used 5095K [0x00000000e0000000, 0x00000000e4b00000, 0x0000000100000000)
  eden space 66560K, 0% used [0x00000000e0000000,0x00000000e0000000,0x00000000e4100000)
  from space 5120K, 99% used [0x00000000e4600000,0x00000000e4af9dd8,0x00000000e4b00000)
  to   space 5120K, 0% used [0x00000000e4100000,0x00000000e4100000,0x00000000e4600000)
 ParOldGen       total 62464K, used 10884K [0x00000000a0000000, 0x00000000a3d00000, 0x00000000e0000000)
  object space 62464K, 17% used [0x00000000a0000000,0x00000000a0aa1288,0x00000000a3d00000)
 Metaspace       used 26741K, capacity 27110K, committed 27392K, reserved 1073152K
  class space    used 3643K, capacity 3815K, committed 3840K, reserved 1048576K
}
Event: 3.041 GC heap before
{Heap before GC invocations=8 (full 1):
 PSYoungGen      total 71680K, used 71655K [0x00000000e0000000, 0x00000000e4b00000, 0x0000000100000000)
  eden space 66560K, 100% used [0x00000000e0000000,0x00000000e4100000,0x00000000e4100000)
  from space 5120K, 99% used [0x00000000e4600000,0x00000000e4af9dd8,0x00000000e4b00000)
  to   space 5120K, 0% used [0x00000000e4100000,0x00000000e4100000,0x00000000e4600000)
 ParOldGen       total 62464K, used 10884K [0x00000000a0000000, 0x00000000a3d00000, 0x00000000e0000000)
  object space 62464K, 17% used [0x00000000a0000000,0x00000000a0aa1288,0x00000000a3d00000)
 Metaspace       used 30175K, capacity 30546K, committed 30848K, reserved 1075200K
  class space    used 4209K, capacity 4362K, committed 4480K, reserved 1048576K
Event: 3.046 GC heap after
Heap after GC invocations=8 (full 1):
 PSYoungGen      total 71680K, used 5120K [0x00000000e0000000, 0x00000000e7780000, 0x0000000100000000)
  eden space 66560K, 0% used [0x00000000e0000000,0x00000000e0000000,0x00000000e4100000)
  from space 5120K, 100% used [0x00000000e4100000,0x00000000e4600000,0x00000000e4600000)
  to   space 10752K, 0% used [0x00000000e6d00000,0x00000000e6d00000,0x00000000e7780000)
 ParOldGen       total 62464K, used 14343K [0x00000000a0000000, 0x00000000a3d00000, 0x00000000e0000000)
  object space 62464K, 22% used [0x00000000a0000000,0x00000000a0e01cc8,0x00000000a3d00000)
 Metaspace       used 30175K, capacity 30546K, committed 30848K, reserved 1075200K
  class space    used 4209K, capacity 4362K, committed 4480K, reserved 1048576K
}

Deoptimization events (10 events):
Event: 2.334 Thread 0x000000001a274000 Uncommon trap: reason=unstable_if action=reinterpret pc=0x0000000002b0c6f0 method=java.util.HashMap.hash(Ljava/lang/Object;)I @ 1
Event: 2.334 Thread 0x000000001a274000 Uncommon trap: reason=unstable_if action=reinterpret pc=0x0000000002cc7a1c method=java.util.HashMap.putVal(ILjava/lang/Object;Ljava/lang/Object;ZZ)Ljava/lang/Object; @ 85
Event: 2.343 Thread 0x000000001a274000 Uncommon trap: reason=unstable_if action=reinterpret pc=0x0000000002b4ea70 method=java.util.LinkedHashMap.afterNodeInsertion(Z)V @ 1
Event: 2.466 Thread 0x000000001a274000 Uncommon trap: reason=class_check action=maybe_recompile pc=0x0000000002df30ec method=sun.misc.URLClassPath.getLoader(I)Lsun/misc/URLClassPath$Loader; @ 94
Event: 2.541 Thread 0x000000001a274000 Uncommon trap: reason=unstable_if action=reinterpret pc=0x0000000002b1210c method=java.io.WinNTFileSystem.resolve(Ljava/lang/String;Ljava/lang/String;)Ljava/lang/String; @ 49
Event: 2.601 Thread 0x0000000002885000 Uncommon trap: reason=unstable_if action=reinterpret pc=0x0000000002db01f8 method=java.lang.ref.Reference.tryHandlePending(Z)Z @ 104
Event: 2.935 Thread 0x000000001a274000 Uncommon trap: reason=unstable_if action=reinterpret pc=0x00000000031bcc18 method=java.util.concurrent.ConcurrentHashMap.get(Ljava/lang/Object;)Ljava/lang/Object; @ 152
Event: 2.935 Thread 0x000000001a274000 Uncommon trap: reason=class_check action=maybe_recompile pc=0x0000000002d8c8a0 method=java.util.concurrent.ConcurrentHashMap.putVal(Ljava/lang/Object;Ljava/lang/Object;Z)Ljava/lang/Object; @ 192
Event: 2.940 Thread 0x000000001a274000 Uncommon trap: reason=class_check action=maybe_recompile pc=0x0000000002d8c8a0 method=java.util.concurrent.ConcurrentHashMap.putVal(Ljava/lang/Object;Ljava/lang/Object;Z)Ljava/lang/Object; @ 192
Event: 2.940 Thread 0x000000001a274000 Uncommon trap: reason=class_check action=maybe_recompile pc=0x0000000002d8c8a0 method=java.util.concurrent.ConcurrentHashMap.putVal(Ljava/lang/Object;Ljava/lang/Object;Z)Ljava/lang/Object; @ 192

Classes redefined (0 events):
No events

Internal exceptions (10 events):
Event: 2.580 Thread 0x000000001a274000 Exception <a 'java/lang/ClassNotFoundException': org/gradle/api/internal/DefaultDomainObjectCollectionCustomizer> (0x00000000e3e45f18) thrown at [D:\src\AOSP-openjdk-cygwin\jdk8u\hotspot\src\share\vm\classfile\systemDictionary.cpp, line 210]
Event: 2.582 Thread 0x000000001a274000 Exception <a 'java/lang/ClassNotFoundException': org/gradle/api/internal/DefaultNamedDomainObjectCollectionCustomizer> (0x00000000e3ea10a8) thrown at [D:\src\AOSP-openjdk-cygwin\jdk8u\hotspot\src\share\vm\classfile\systemDictionary.cpp, line 210]
Event: 2.585 Thread 0x000000001a274000 Exception <a 'java/lang/ClassNotFoundException': org/gradle/api/internal/DefaultNamedDomainObjectListCustomizer> (0x00000000e3f17450) thrown at [D:\src\AOSP-openjdk-cygwin\jdk8u\hotspot\src\share\vm\classfile\systemDictionary.cpp, line 210]
Event: 2.587 Thread 0x000000001a274000 Exception <a 'java/lang/ClassNotFoundException': org/gradle/api/internal/artifacts/DefaultArtifactRepositoryContainerCustomizer> (0x00000000e3f8afa0) thrown at [D:\src\AOSP-openjdk-cygwin\jdk8u\hotspot\src\share\vm\classfile\systemDictionary.cpp, line 210
Event: 2.588 Thread 0x000000001a274000 Exception <a 'java/lang/ClassNotFoundException': org/gradle/api/internal/artifacts/dsl/DefaultRepositoryHandlerCustomizer> (0x00000000e3ff1130) thrown at [D:\src\AOSP-openjdk-cygwin\jdk8u\hotspot\src\share\vm\classfile\systemDictionary.cpp, line 210]
Event: 2.590 Thread 0x000000001a274000 Exception <a 'java/lang/ClassNotFoundException': org/gradle/api/internal/artifacts/dsl/DefaultRepositoryHandler_DecoratedCustomizer> (0x00000000e4060598) thrown at [D:\src\AOSP-openjdk-cygwin\jdk8u\hotspot\src\share\vm\classfile\systemDictionary.cpp, line
Event: 2.758 Thread 0x000000001a274000 Exception <a 'java/lang/ClassNotFoundException': org/gradle/api/internal/artifacts/dsl/dependencies/DefaultDependencyHandler_DecoratedBeanInfo> (0x00000000e1983228) thrown at [D:\src\AOSP-openjdk-cygwin\jdk8u\hotspot\src\share\vm\classfile\systemDictionar
Event: 2.759 Thread 0x000000001a274000 Exception <a 'java/lang/ClassNotFoundException': org/gradle/api/internal/artifacts/dsl/dependencies/DefaultDependencyHandlerBeanInfo> (0x00000000e19d5628) thrown at [D:\src\AOSP-openjdk-cygwin\jdk8u\hotspot\src\share\vm\classfile\systemDictionary.cpp, lin
Event: 2.759 Thread 0x000000001a274000 Exception <a 'java/lang/ClassNotFoundException': org/gradle/api/internal/artifacts/dsl/dependencies/DefaultDependencyHandlerCustomizer> (0x00000000e1a288a0) thrown at [D:\src\AOSP-openjdk-cygwin\jdk8u\hotspot\src\share\vm\classfile\systemDictionary.cpp, l
Event: 2.761 Thread 0x000000001a274000 Exception <a 'java/lang/ClassNotFoundException': org/gradle/api/internal/artifacts/dsl/dependencies/DefaultDependencyHandler_DecoratedCustomizer> (0x00000000e1aa2cc0) thrown at [D:\src\AOSP-openjdk-cygwin\jdk8u\hotspot\src\share\vm\classfile\systemDiction

Events (10 events):
Event: 3.072 loading class org/gradle/internal/fingerprint/impl/ClasspathFingerprintingStrategy$ClasspathContentSnapshottingVisitor
Event: 3.072 loading class org/gradle/internal/fingerprint/impl/ClasspathFingerprintingStrategy$ClasspathContentSnapshottingVisitor done
Event: 3.072 loading class org/gradle/api/internal/changedetection/state/mirror/RelativePathSegmentsTracker
Event: 3.072 loading class org/gradle/api/internal/changedetection/state/mirror/RelativePathSegmentsTracker done
Event: 3.072 loading class org/gradle/internal/fingerprint/impl/ClasspathFingerprintingStrategy$ClasspathContentSnapshottingVisitor$1
Event: 3.072 loading class org/gradle/internal/fingerprint/impl/ClasspathFingerprintingStrategy$ClasspathContentSnapshottingVisitor$1 done
Event: 3.073 loading class org/gradle/internal/fingerprint/impl/IgnoredPathFingerprint
Event: 3.073 loading class org/gradle/internal/fingerprint/impl/IgnoredPathFingerprint done
Event: 3.074 loading class org/gradle/internal/fingerprint/impl/IgnoredPathFingerprint$1
Event: 3.074 loading class org/gradle/internal/fingerprint/impl/IgnoredPathFingerprint$1 done


Dynamic libraries:
0x00007ff611ea0000 - 0x00007ff611ed1000 	C:\Program Files\Android\Android Studio\jre\bin\java.exe
0x00007ffa5a740000 - 0x00007ffa5a921000 	C:\WINDOWS\SYSTEM32\ntdll.dll
0x00007ffa5a380000 - 0x00007ffa5a431000 	C:\WINDOWS\System32\KERNEL32.DLL
0x00007ffa577c0000 - 0x00007ffa57a33000 	C:\WINDOWS\System32\KERNELBASE.dll
0x00007ffa59b20000 - 0x00007ffa59bc1000 	C:\WINDOWS\System32\ADVAPI32.dll
0x00007ffa583d0000 - 0x00007ffa5846e000 	C:\WINDOWS\System32\msvcrt.dll
0x00007ffa59bd0000 - 0x00007ffa59c2b000 	C:\WINDOWS\System32\sechost.dll
0x00007ffa59c90000 - 0x00007ffa59db4000 	C:\WINDOWS\System32\RPCRT4.dll
0x00007ffa59920000 - 0x00007ffa59ab0000 	C:\WINDOWS\System32\USER32.dll
0x00007ffa577a0000 - 0x00007ffa577c0000 	C:\WINDOWS\System32\win32u.dll
0x00007ffa5a350000 - 0x00007ffa5a378000 	C:\WINDOWS\System32\GDI32.dll
0x00007ffa57600000 - 0x00007ffa57792000 	C:\WINDOWS\System32\gdi32full.dll
0x00007ffa57560000 - 0x00007ffa575ff000 	C:\WINDOWS\System32\msvcp_win.dll
0x00007ffa56d00000 - 0x00007ffa56df8000 	C:\WINDOWS\System32\ucrtbase.dll
0x00007ffa4e3a0000 - 0x00007ffa4e609000 	C:\WINDOWS\WinSxS\amd64_microsoft.windows.common-controls_6595b64144ccf1df_6.0.17134.706_none_fb43a2cb30647007\COMCTL32.dll
0x00007ffa580a0000 - 0x00007ffa583c2000 	C:\WINDOWS\System32\combase.dll
0x00007ffa57a40000 - 0x00007ffa57aba000 	C:\WINDOWS\System32\bcryptPrimitives.dll
0x00007ffa5a320000 - 0x00007ffa5a34d000 	C:\WINDOWS\System32\IMM32.DLL
0x000000006c4d0000 - 0x000000006c5a2000 	C:\Program Files\Android\Android Studio\jre\jre\bin\msvcr100.dll
0x000000006c760000 - 0x000000006cfa1000 	C:\Program Files\Android\Android Studio\jre\jre\bin\server\jvm.dll
0x00007ffa59910000 - 0x00007ffa59918000 	C:\WINDOWS\System32\PSAPI.DLL
0x00007ffa45770000 - 0x00007ffa45779000 	C:\WINDOWS\SYSTEM32\WSOCK32.dll
0x00007ffa55350000 - 0x00007ffa5535a000 	C:\WINDOWS\SYSTEM32\VERSION.dll
0x00007ffa546b0000 - 0x00007ffa546d3000 	C:\WINDOWS\SYSTEM32\WINMM.dll
0x00007ffa59ab0000 - 0x00007ffa59b1c000 	C:\WINDOWS\System32\WS2_32.dll
0x00007ffa53ad0000 - 0x00007ffa53afa000 	C:\WINDOWS\SYSTEM32\winmmbase.dll
0x00007ffa56e00000 - 0x00007ffa56e49000 	C:\WINDOWS\System32\cfgmgr32.dll
0x00007ffa54710000 - 0x00007ffa5471f000 	C:\Program Files\Android\Android Studio\jre\jre\bin\verify.dll
0x00007ffa3e9e0000 - 0x00007ffa3ea09000 	C:\Program Files\Android\Android Studio\jre\jre\bin\java.dll
0x00007ffa45210000 - 0x00007ffa45226000 	C:\Program Files\Android\Android Studio\jre\jre\bin\zip.dll
0x00007ffa58470000 - 0x00007ffa598b0000 	C:\WINDOWS\System32\SHELL32.dll
0x00007ffa59ff0000 - 0x00007ffa5a099000 	C:\WINDOWS\System32\shcore.dll
0x00007ffa56e50000 - 0x00007ffa5755d000 	C:\WINDOWS\System32\windows.storage.dll
0x00007ffa5a6b0000 - 0x00007ffa5a701000 	C:\WINDOWS\System32\shlwapi.dll
0x00007ffa56af0000 - 0x00007ffa56b01000 	C:\WINDOWS\System32\kernel.appcore.dll
0x00007ffa56ab0000 - 0x00007ffa56acf000 	C:\WINDOWS\System32\profapi.dll
0x00007ffa56a60000 - 0x00007ffa56aac000 	C:\WINDOWS\System32\powrprof.dll
0x00007ffa56a50000 - 0x00007ffa56a5a000 	C:\WINDOWS\System32\FLTLIB.DLL
0x00007ffa3dd30000 - 0x00007ffa3dd4a000 	C:\Program Files\Android\Android Studio\jre\jre\bin\net.dll
0x00007ffa562d0000 - 0x00007ffa56336000 	C:\WINDOWS\system32\mswsock.dll
0x00007ffa3dd10000 - 0x00007ffa3dd21000 	C:\Program Files\Android\Android Studio\jre\jre\bin\nio.dll
0x00007ffa3d910000 - 0x00007ffa3d92e000 	C:\Users\Hp\.gradle\native\25\windows-amd64\native-platform.dll
0x00007ffa526d0000 - 0x00007ffa526dd000 	C:\Program Files\Android\Android Studio\jre\jre\bin\management.dll
0x00007ffa56480000 - 0x00007ffa56497000 	C:\WINDOWS\SYSTEM32\CRYPTSP.dll
0x00007ffa55e50000 - 0x00007ffa55e83000 	C:\WINDOWS\system32\rsaenh.dll
0x00007ffa565b0000 - 0x00007ffa565d5000 	C:\WINDOWS\SYSTEM32\bcrypt.dll
0x00007ffa56980000 - 0x00007ffa569a8000 	C:\WINDOWS\SYSTEM32\USERENV.dll
0x00007ffa564a0000 - 0x00007ffa564ab000 	C:\WINDOWS\SYSTEM32\CRYPTBASE.dll
0x00007ffa55ff0000 - 0x00007ffa56028000 	C:\WINDOWS\SYSTEM32\IPHLPAPI.DLL
0x00007ffa5a0a0000 - 0x00007ffa5a0a8000 	C:\WINDOWS\System32\NSI.dll
0x00007ffa4da30000 - 0x00007ffa4da46000 	C:\WINDOWS\SYSTEM32\dhcpcsvc6.DLL
0x00007ffa4da10000 - 0x00007ffa4da2a000 	C:\WINDOWS\SYSTEM32\dhcpcsvc.DLL

VM Arguments:
jvm_args: -Xmx1536m -Dfile.encoding=windows-1252 -Duser.country=US -Duser.language=en -Duser.variant 
java_command: org.gradle.launcher.daemon.bootstrap.GradleDaemon 4.10.1
java_class_path (initial): C:\Users\Hp\.gradle\wrapper\dists\gradle-4.10.1-all\455itskqi2qtf0v2sja68alqd\gradle-4.10.1\lib\gradle-launcher-4.10.1.jar
Launcher Type: SUN_STANDARD

Environment Variables:
PATH="C:\ProgramData\Oracle\Java\javapath;C:\Program Files\Java\jdk-9.0.1\bin";C:\Program Files (x86)\Intel\Intel(R) Management Engine Components\iCLS\;C:\Program Files\Intel\Intel(R) Management Engine Components\iCLS\;C:\windows\system32;C:\windows;C:\windows\System32\Wbem;C:\windows\System32\WindowsPowerShell\v1.0\;C:\Program Files (x86)\Intel\Intel(R) Management Engine Components\DAL;C:\Program Files\Intel\Intel(R) Management Engine Components\DAL;C:\Program Files (x86)\Intel\Intel(R) Management Engine Components\IPT;C:\Program Files\Intel\Intel(R) Management Engine Components\IPT;C:\Program Files (x86)\NVIDIA Corporation\PhysX\Common;C:\Program Files\Git\cmd;C:\WINDOWS\system32;C:\WINDOWS;C:\WINDOWS\System32\Wbem;C:\WINDOWS\System32\WindowsPowerShell\v1.0\;C:\WINDOWS\System32\OpenSSH\;"C:\Users\Hp\AppData\Local\Microsoft\WindowsApps;C:\Users\Hp\AppData\Local\Android\Sdk\platform-tools";C:\Users\Hp\AppData\Local\atom\bin;%USERPROFILE%\AppData\Local\Microsoft\WindowsApps;
USERNAME=Hp
OS=Windows_NT
PROCESSOR_IDENTIFIER=Intel64 Family 6 Model 142 Stepping 10, GenuineIntel



---------------  S Y S T E M  ---------------

OS: Windows 10.0 , 64 bit Build 17134 (10.0.17134.706)

CPU:total 8 (initial active 8) (4 cores per cpu, 2 threads per core) family 6 model 142 stepping 10, cmov, cx8, fxsr, mmx, sse, sse2, sse3, ssse3, sse4.1, sse4.2, popcnt, avx, avx2, aes, clmul, erms, 3dnowpref, lzcnt, ht, tsc, tscinvbit, bmi1, bmi2, adx

Memory: 4k page, physical 8301668k(1119572k free), swap 8301668k(5940k free)

vm_info: OpenJDK 64-Bit Server VM (25.152-b01) for windows-amd64 JRE (1.8.0_152-release-1248-b01), built by "builder" with MS VC++ 10.0 (VS2010)

time: Sat May 04 13:50:15 2019
elapsed time: 3 seconds (0d 0h 0m 3s)

