#
# There is insufficient memory for the Java Runtime Environment to continue.
# Native memory allocation (malloc) failed to allocate 992896 bytes for Chunk::new
# Possible reasons:
#   The system is out of physical RAM or swap space
#   In 32 bit mode, the process size limit was hit
# Possible solutions:
#   Reduce memory load on the system
#   Increase physical memory or swap space
#   Check if swap backing store is full
#   Use 64 bit Java on a 64 bit OS
#   Decrease Java heap size (-Xmx/-Xms)
#   Decrease number of Java threads
#   Decrease Java thread stack sizes (-Xss)
#   Set larger code cache with -XX:ReservedCodeCacheSize=
# This output file may be truncated or incomplete.
#
#  Out of Memory Error (allocation.cpp:390), pid=15916, tid=0x00000000000030d0
#
# JRE version: OpenJDK Runtime Environment (8.0_152-b01) (build 1.8.0_152-release-1248-b01)
# Java VM: OpenJDK 64-Bit Server VM (25.152-b01 mixed mode windows-amd64 compressed oops)
# Failed to write core dump. Minidumps are not enabled by default on client versions of Windows
#

---------------  T H R E A D  ---------------

Current thread (0x0000000016c3e000):  JavaThread "C2 CompilerThread2" daemon [_thread_in_native, id=12496, stack(0x0000000019500000,0x0000000019600000)]

Stack: [0x0000000019500000,0x0000000019600000]
[error occurred during error reporting (printing stack bounds), id 0xc0000005]

Native frames: (J=compiled Java code, j=interpreted, Vv=VM code, C=native code)


Current CompileTask:
C2: 512396 24231   !   4       org.gradle.api.internal.AbstractClassGenerator::generateUnderLock (1171 bytes)


---------------  P R O C E S S  ---------------

Java Threads: ( => current thread )
  0x000000001d18f000 JavaThread "Cache worker for Build Output Cleanup Cache (G:\AndroidStudioProjects\Traffic\TrafficLive\.gradle\buildOutputCleanup)" [_thread_blocked, id=7288, stack(0x000000003b690000,0x000000003b790000)]
  0x000000001d195000 JavaThread "Cache worker for task history cache (G:\AndroidStudioProjects\Traffic\TrafficLive\.gradle\4.10.1\taskHistory)" [_thread_blocked, id=16172, stack(0x000000003b590000,0x000000003b690000)]
  0x000000001d18e000 JavaThread "Task worker for ':' Thread 7" [_thread_blocked, id=4132, stack(0x000000003b490000,0x000000003b590000)]
  0x000000001f34e000 JavaThread "Task worker for ':' Thread 6" [_thread_blocked, id=16856, stack(0x000000003b390000,0x000000003b490000)]
  0x000000001f34d000 JavaThread "Task worker for ':' Thread 5" [_thread_blocked, id=5776, stack(0x000000003b290000,0x000000003b390000)]
  0x000000001f351800 JavaThread "Task worker for ':' Thread 4" [_thread_blocked, id=17136, stack(0x000000003b190000,0x000000003b290000)]
  0x000000001f34e800 JavaThread "Task worker for ':' Thread 3" [_thread_blocked, id=7972, stack(0x000000003b090000,0x000000003b190000)]
  0x000000001f34c800 JavaThread "Task worker for ':' Thread 2" [_thread_blocked, id=3988, stack(0x000000003af90000,0x000000003b090000)]
  0x000000001f350000 JavaThread "Task worker for ':'" [_thread_blocked, id=13688, stack(0x000000003ae90000,0x000000003af90000)]
  0x000000001f351000 JavaThread "Cache worker for file content cache (G:\AndroidStudioProjects\Traffic\TrafficLive\.gradle\4.10.1\fileContent)" [_thread_blocked, id=12404, stack(0x000000003ad90000,0x000000003ae90000)]
  0x000000001f345000 JavaThread "Build operations Thread 8" [_thread_blocked, id=16912, stack(0x000000003ac90000,0x000000003ad90000)]
  0x000000001f34b800 JavaThread "Build operations Thread 7" [_thread_blocked, id=12432, stack(0x000000003ab90000,0x000000003ac90000)]
  0x000000001f344000 JavaThread "Build operations Thread 6" [_thread_blocked, id=17012, stack(0x000000003aa90000,0x000000003ab90000)]
  0x000000001f34b000 JavaThread "Build operations Thread 5" [_thread_blocked, id=12200, stack(0x000000003a990000,0x000000003aa90000)]
  0x000000001f345800 JavaThread "Build operations Thread 4" [_thread_blocked, id=15876, stack(0x000000003a890000,0x000000003a990000)]
  0x000000001f342800 JavaThread "Build operations Thread 3" [_thread_blocked, id=11300, stack(0x000000003a790000,0x000000003a890000)]
  0x000000001f348000 JavaThread "Build operations Thread 2" [_thread_blocked, id=92, stack(0x000000003a690000,0x000000003a790000)]
  0x000000001f349800 JavaThread "Build operations" [_thread_blocked, id=10532, stack(0x000000003a590000,0x000000003a690000)]
  0x000000001f348800 JavaThread "Cache worker for cache directory md-rule (C:\Users\Hp\.gradle\caches\4.10.1\md-rule)" [_thread_blocked, id=5484, stack(0x000000003a490000,0x000000003a590000)]
  0x000000001f346800 JavaThread "Cache worker for cache directory md-supplier (C:\Users\Hp\.gradle\caches\4.10.1\md-supplier)" [_thread_blocked, id=10696, stack(0x000000003a390000,0x000000003a490000)]
  0x0000000020bb6800 JavaThread "Cache worker for file hash cache (G:\AndroidStudioProjects\Traffic\TrafficLive\.gradle\4.10.1\fileHashes)" [_thread_blocked, id=17260, stack(0x000000003a290000,0x000000003a390000)]
  0x0000000020bbb000 JavaThread "Stdin handler" [_thread_blocked, id=7712, stack(0x000000003a190000,0x000000003a290000)]
  0x0000000020bb9800 JavaThread "Asynchronous log dispatcher for DefaultDaemonConnection: socket connection from /127.0.0.1:62080 to /127.0.0.1:62435" [_thread_blocked, id=16428, stack(0x000000003a090000,0x000000003a190000)]
  0x0000000020bb8000 JavaThread "Daemon worker Thread 4" [_thread_blocked, id=15800, stack(0x0000000039f90000,0x000000003a090000)]
  0x0000000020bbc800 JavaThread "Cancel handler" [_thread_blocked, id=16480, stack(0x0000000039e90000,0x0000000039f90000)]
  0x0000000020bb8800 JavaThread "Handler for socket connection from /127.0.0.1:62080 to /127.0.0.1:62435" [_thread_in_native, id=16104, stack(0x0000000039d90000,0x0000000039e90000)]
  0x0000000020bbb800 JavaThread "Daemon Thread 4" [_thread_blocked, id=12272, stack(0x0000000039c90000,0x0000000039d90000)]
  0x0000000020bb7000 JavaThread "Cache worker for Java compile cache (C:\Users\Hp\.gradle\caches\4.10.1\javaCompile)" [_thread_blocked, id=13788, stack(0x0000000033390000,0x0000000033490000)]
  0x000000002205e800 JavaThread "MarlinRenderer Disposer" daemon [_thread_blocked, id=12100, stack(0x000000002c890000,0x000000002c990000)]
  0x000000001ac62800 JavaThread "Java2D Disposer" daemon [_thread_blocked, id=16864, stack(0x000000002c790000,0x000000002c890000)]
  0x000000001ef69000 JavaThread "Cache worker for file content cache (C:\Users\Hp\.gradle\caches\4.10.1\fileContent)" [_thread_blocked, id=15816, stack(0x000000002b390000,0x000000002b490000)]
  0x000000001ef61000 JavaThread "Memory manager" [_thread_blocked, id=3832, stack(0x00000000249c0000,0x0000000024ac0000)]
  0x000000001ac62000 JavaThread "Cache worker for Artifact transforms cache (C:\Users\Hp\.gradle\caches\transforms-1)" [_thread_blocked, id=13164, stack(0x0000000022880000,0x0000000022980000)]
  0x000000001ac64000 JavaThread "Cache worker for journal cache (C:\Users\Hp\.gradle\caches\journal-1)" [_thread_blocked, id=16468, stack(0x000000001e6f0000,0x000000001e7f0000)]
  0x000000001ae41000 JavaThread "File lock request listener" [_thread_in_native, id=672, stack(0x000000001d520000,0x000000001d620000)]
  0x000000001c34a800 JavaThread "Cache worker for file hash cache (C:\Users\Hp\.gradle\caches\4.10.1\fileHashes)" [_thread_blocked, id=16472, stack(0x000000001d420000,0x000000001d520000)]
  0x000000001ac1a000 JavaThread "Daemon periodic checks" [_thread_blocked, id=16152, stack(0x000000001b850000,0x000000001b950000)]
  0x000000001ac18800 JavaThread "Incoming local TCP Connector on port 62080" [_thread_in_native, id=15792, stack(0x000000001b610000,0x000000001b710000)]
  0x0000000018bd1000 JavaThread "Service Thread" daemon [_thread_blocked, id=2416, stack(0x0000000019700000,0x0000000019800000)]
  0x0000000018b4b000 JavaThread "C1 CompilerThread3" daemon [_thread_blocked, id=5032, stack(0x0000000019600000,0x0000000019700000)]
=>0x0000000016c3e000 JavaThread "C2 CompilerThread2" daemon [_thread_in_native, id=12496, stack(0x0000000019500000,0x0000000019600000)]
  0x0000000018b3f800 JavaThread "C2 CompilerThread1" daemon [_thread_in_native, id=4700, stack(0x0000000019400000,0x0000000019500000)]
  0x0000000018b3c000 JavaThread "C2 CompilerThread0" daemon [_thread_blocked, id=1924, stack(0x0000000019300000,0x0000000019400000)]
  0x0000000018b3a800 JavaThread "Attach Listener" daemon [_thread_blocked, id=9156, stack(0x0000000019200000,0x0000000019300000)]
  0x0000000018b46000 JavaThread "Signal Dispatcher" daemon [_thread_blocked, id=2180, stack(0x0000000019100000,0x0000000019200000)]
  0x0000000002e6e000 JavaThread "Finalizer" daemon [_thread_blocked, id=9804, stack(0x0000000018f10000,0x0000000019010000)]
  0x0000000002e65000 JavaThread "Reference Handler" daemon [_thread_blocked, id=17176, stack(0x0000000018a10000,0x0000000018b10000)]
  0x0000000002d6e000 JavaThread "main" [_thread_blocked, id=16096, stack(0x0000000002ba0000,0x0000000002ca0000)]

Other Threads:
  0x0000000016c26000 VMThread [stack: 0x0000000018910000,0x0000000018a10000] [id=16088]
  0x0000000018bd1800 WatcherThread [stack: 0x0000000019800000,0x0000000019900000] [id=9564]

VM state:not at safepoint (normal execution)

VM Mutex/Monitor currently owned by a thread: None

Heap:
 PSYoungGen      total 396288K, used 62752K [0x00000000e0000000, 0x0000000100000000, 0x0000000100000000)
  eden space 324608K, 18% used [0x00000000e0000000,0x00000000e3ae9828,0x00000000f3d00000)
  from space 71680K, 3% used [0x00000000f3d00000,0x00000000f3f5e8d8,0x00000000f8300000)
  to   space 116224K, 0% used [0x00000000f8e80000,0x00000000f8e80000,0x0000000100000000)
 ParOldGen       total 158208K, used 71088K [0x00000000a0000000, 0x00000000a9a80000, 0x00000000e0000000)
  object space 158208K, 44% used [0x00000000a0000000,0x00000000a456c0e0,0x00000000a9a80000)
 Metaspace       used 98164K, capacity 102420K, committed 102656K, reserved 1138688K
  class space    used 12297K, capacity 13224K, committed 13312K, reserved 1048576K

Card table byte_map: [0x0000000012230000,0x0000000012540000] byte_map_base: 0x0000000011d30000

Marking Bits: (ParMarkBitMap*) 0x00000000591e5aa0
 Begin Bits: [0x0000000012f40000, 0x0000000014740000)
 End Bits:   [0x0000000014740000, 0x0000000015f40000)

Polling page: 0x0000000001340000

CodeCache: size=245760Kb used=63928Kb max_used=64640Kb free=181831Kb
 bounds [0x0000000002e70000, 0x0000000006e20000, 0x0000000011e70000]
 total_blobs=19483 nmethods=18483 adapters=909
 compilation: enabled

Compilation events (10 events):
Event: 511.841 Thread 0x0000000018b3c000 24322       4       org.gradle.api.internal.artifacts.DefaultImmutableModuleIdentifierFactory::moduleWithVersion (89 bytes)
Event: 511.866 Thread 0x0000000018b3f800 nmethod 24317 0x0000000003c10a10 code [0x0000000003c10c60, 0x0000000003c11880]
Event: 511.867 Thread 0x0000000018b3f800 24323       4       kotlin.text.StringsKt__StringsKt::indexOf (61 bytes)
Event: 511.880 Thread 0x0000000018b3f800 nmethod 24323 0x00000000057a8710 code [0x00000000057a8860, 0x00000000057a8d38]
Event: 511.880 Thread 0x0000000018b3f800 24324       4       com.google.android.gms.dependencies.ArtifactVersion::equals (63 bytes)
Event: 511.883 Thread 0x0000000018b3f800 nmethod 24324 0x000000000598b110 code [0x000000000598b260, 0x000000000598b678]
Event: 511.883 Thread 0x0000000018b3f800 24325       4       org.gradle.api.internal.artifacts.transform.ConsumerProvidedVariantFinder::collectConsumerVariants (66 bytes)
Event: 511.891 Thread 0x0000000018b3c000 nmethod 24322 0x00000000069f8590 code [0x00000000069f87a0, 0x00000000069f9880]
Event: 512.155 Thread 0x0000000018b3c000 24326       4       java.util.Collections$SingletonSet::iterator (8 bytes)
Event: 512.156 Thread 0x0000000018b3c000 nmethod 24326 0x00000000066770d0 code [0x0000000006677220, 0x00000000066772f8]

GC Heap History (10 events):
Event: 378.918 GC heap before
{Heap before GC invocations=47 (full 5):
 PSYoungGen      total 396288K, used 396270K [0x00000000e0000000, 0x00000000fc900000, 0x0000000100000000)
  eden space 324608K, 100% used [0x00000000e0000000,0x00000000f3d00000,0x00000000f3d00000)
  from space 71680K, 99% used [0x00000000f3d00000,0x00000000f82fb8f0,0x00000000f8300000)
  to   space 64000K, 0% used [0x00000000f8a80000,0x00000000f8a80000,0x00000000fc900000)
 ParOldGen       total 158208K, used 104928K [0x00000000a0000000, 0x00000000a9a80000, 0x00000000e0000000)
  object space 158208K, 66% used [0x00000000a0000000,0x00000000a6678070,0x00000000a9a80000)
 Metaspace       used 97446K, capacity 101582K, committed 101760K, reserved 1138688K
  class space    used 12193K, capacity 13135K, committed 13184K, reserved 1048576K
Event: 379.022 GC heap after
Heap after GC invocations=47 (full 5):
 PSYoungGen      total 388608K, used 63999K [0x00000000e0000000, 0x00000000fc900000, 0x0000000100000000)
  eden space 324608K, 0% used [0x00000000e0000000,0x00000000e0000000,0x00000000f3d00000)
  from space 64000K, 99% used [0x00000000f8a80000,0x00000000fc8fff30,0x00000000fc900000)
  to   space 71680K, 0% used [0x00000000f3d00000,0x00000000f3d00000,0x00000000f8300000)
 ParOldGen       total 158208K, used 139047K [0x00000000a0000000, 0x00000000a9a80000, 0x00000000e0000000)
  object space 158208K, 87% used [0x00000000a0000000,0x00000000a87c9f50,0x00000000a9a80000)
 Metaspace       used 97446K, capacity 101582K, committed 101760K, reserved 1138688K
  class space    used 12193K, capacity 13135K, committed 13184K, reserved 1048576K
}
Event: 379.022 GC heap before
{Heap before GC invocations=48 (full 6):
 PSYoungGen      total 388608K, used 63999K [0x00000000e0000000, 0x00000000fc900000, 0x0000000100000000)
  eden space 324608K, 0% used [0x00000000e0000000,0x00000000e0000000,0x00000000f3d00000)
  from space 64000K, 99% used [0x00000000f8a80000,0x00000000fc8fff30,0x00000000fc900000)
  to   space 71680K, 0% used [0x00000000f3d00000,0x00000000f3d00000,0x00000000f8300000)
 ParOldGen       total 158208K, used 139047K [0x00000000a0000000, 0x00000000a9a80000, 0x00000000e0000000)
  object space 158208K, 87% used [0x00000000a0000000,0x00000000a87c9f50,0x00000000a9a80000)
 Metaspace       used 97446K, capacity 101582K, committed 101760K, reserved 1138688K
  class space    used 12193K, capacity 13135K, committed 13184K, reserved 1048576K
Event: 379.564 GC heap after
Heap after GC invocations=48 (full 6):
 PSYoungGen      total 388608K, used 0K [0x00000000e0000000, 0x00000000fc900000, 0x0000000100000000)
  eden space 324608K, 0% used [0x00000000e0000000,0x00000000e0000000,0x00000000f3d00000)
  from space 64000K, 0% used [0x00000000f8a80000,0x00000000f8a80000,0x00000000fc900000)
  to   space 71680K, 0% used [0x00000000f3d00000,0x00000000f3d00000,0x00000000f8300000)
 ParOldGen       total 158208K, used 126891K [0x00000000a0000000, 0x00000000a9a80000, 0x00000000e0000000)
  object space 158208K, 80% used [0x00000000a0000000,0x00000000a7beaec0,0x00000000a9a80000)
 Metaspace       used 97333K, capacity 101378K, committed 101760K, reserved 1138688K
  class space    used 12172K, capacity 13077K, committed 13184K, reserved 1048576K
}
Event: 385.961 GC heap before
{Heap before GC invocations=49 (full 7):
 PSYoungGen      total 388608K, used 323918K [0x00000000e0000000, 0x00000000fc900000, 0x0000000100000000)
  eden space 324608K, 99% used [0x00000000e0000000,0x00000000f3c538d0,0x00000000f3d00000)
  from space 64000K, 0% used [0x00000000f8a80000,0x00000000f8a80000,0x00000000fc900000)
  to   space 71680K, 0% used [0x00000000f3d00000,0x00000000f3d00000,0x00000000f8300000)
 ParOldGen       total 158208K, used 127915K [0x00000000a0000000, 0x00000000a9a80000, 0x00000000e0000000)
  object space 158208K, 80% used [0x00000000a0000000,0x00000000a7ceaed0,0x00000000a9a80000)
 Metaspace       used 97430K, capacity 101594K, committed 101760K, reserved 1138688K
  class space    used 12183K, capacity 13093K, committed 13184K, reserved 1048576K
Event: 386.191 GC heap after
Heap after GC invocations=49 (full 7):
 PSYoungGen      total 388608K, used 0K [0x00000000e0000000, 0x00000000fc900000, 0x0000000100000000)
  eden space 324608K, 0% used [0x00000000e0000000,0x00000000e0000000,0x00000000f3d00000)
  from space 64000K, 0% used [0x00000000f8a80000,0x00000000f8a80000,0x00000000fc900000)
  to   space 71680K, 0% used [0x00000000f3d00000,0x00000000f3d00000,0x00000000f8300000)
 ParOldGen       total 158208K, used 68055K [0x00000000a0000000, 0x00000000a9a80000, 0x00000000e0000000)
  object space 158208K, 43% used [0x00000000a0000000,0x00000000a4275e70,0x00000000a9a80000)
 Metaspace       used 97415K, capacity 101570K, committed 101760K, reserved 1138688K
  class space    used 12181K, capacity 13089K, committed 13184K, reserved 1048576K
}
Event: 386.826 GC heap before
{Heap before GC invocations=50 (full 8):
 PSYoungGen      total 388608K, used 323644K [0x00000000e0000000, 0x00000000fc900000, 0x0000000100000000)
  eden space 324608K, 99% used [0x00000000e0000000,0x00000000f3c0f2b0,0x00000000f3d00000)
  from space 64000K, 0% used [0x00000000f8a80000,0x00000000f8a80000,0x00000000fc900000)
  to   space 71680K, 0% used [0x00000000f3d00000,0x00000000f3d00000,0x00000000f8300000)
 ParOldGen       total 158208K, used 132568K [0x00000000a0000000, 0x00000000a9a80000, 0x00000000e0000000)
  object space 158208K, 83% used [0x00000000a0000000,0x00000000a8176260,0x00000000a9a80000)
 Metaspace       used 97442K, capacity 101580K, committed 101760K, reserved 1138688K
  class space    used 12182K, capacity 13090K, committed 13184K, reserved 1048576K
Event: 386.985 GC heap after
Heap after GC invocations=50 (full 8):
 PSYoungGen      total 388608K, used 0K [0x00000000e0000000, 0x00000000fc900000, 0x0000000100000000)
  eden space 324608K, 0% used [0x00000000e0000000,0x00000000e0000000,0x00000000f3d00000)
  from space 64000K, 0% used [0x00000000f8a80000,0x00000000f8a80000,0x00000000fc900000)
  to   space 71680K, 0% used [0x00000000f3d00000,0x00000000f3d00000,0x00000000f8300000)
 ParOldGen       total 158208K, used 71080K [0x00000000a0000000, 0x00000000a9a80000, 0x00000000e0000000)
  object space 158208K, 44% used [0x00000000a0000000,0x00000000a456a0e0,0x00000000a9a80000)
 Metaspace       used 97442K, capacity 101580K, committed 101760K, reserved 1138688K
  class space    used 12182K, capacity 13090K, committed 13184K, reserved 1048576K
}
Event: 510.995 GC heap before
{Heap before GC invocations=51 (full 8):
 PSYoungGen      total 388608K, used 324608K [0x00000000e0000000, 0x00000000fc900000, 0x0000000100000000)
  eden space 324608K, 100% used [0x00000000e0000000,0x00000000f3d00000,0x00000000f3d00000)
  from space 64000K, 0% used [0x00000000f8a80000,0x00000000f8a80000,0x00000000fc900000)
  to   space 71680K, 0% used [0x00000000f3d00000,0x00000000f3d00000,0x00000000f8300000)
 ParOldGen       total 158208K, used 71080K [0x00000000a0000000, 0x00000000a9a80000, 0x00000000e0000000)
  object space 158208K, 44% used [0x00000000a0000000,0x00000000a456a0e0,0x00000000a9a80000)
 Metaspace       used 98119K, capacity 102326K, committed 102656K, reserved 1138688K
  class space    used 12294K, capacity 13219K, committed 13312K, reserved 1048576K
Event: 511.000 GC heap after
Heap after GC invocations=51 (full 8):
 PSYoungGen      total 396288K, used 2426K [0x00000000e0000000, 0x0000000100000000, 0x0000000100000000)
  eden space 324608K, 0% used [0x00000000e0000000,0x00000000e0000000,0x00000000f3d00000)
  from space 71680K, 3% used [0x00000000f3d00000,0x00000000f3f5e8d8,0x00000000f8300000)
  to   space 116224K, 0% used [0x00000000f8e80000,0x00000000f8e80000,0x0000000100000000)
 ParOldGen       total 158208K, used 71088K [0x00000000a0000000, 0x00000000a9a80000, 0x00000000e0000000)
  object space 158208K, 44% used [0x00000000a0000000,0x00000000a456c0e0,0x00000000a9a80000)
 Metaspace       used 98119K, capacity 102326K, committed 102656K, reserved 1138688K
  class space    used 12294K, capacity 13219K, committed 13312K, reserved 1048576K
}

Deoptimization events (10 events):
Event: 380.770 Thread 0x000000001d194000 Uncommon trap: reason=bimorphic action=maybe_recompile pc=0x00000000040f1eac method=java.util.stream.AbstractPipeline.copyIntoWithCancel(Ljava/util/stream/Sink;Ljava/util/Spliterator;)V @ 24
Event: 380.770 Thread 0x000000001d194000 Uncommon trap: reason=bimorphic action=maybe_recompile pc=0x000000000573bf34 method=java.util.stream.ReferencePipeline.forEachWithCancel(Ljava/util/Spliterator;Ljava/util/stream/Sink;)V @ 1
Event: 380.770 Thread 0x000000001d194000 Uncommon trap: reason=bimorphic action=maybe_recompile pc=0x00000000031e1000 method=java.util.Collections$2.tryAdvance(Ljava/util/function/Consumer;)Z @ 29
Event: 381.174 Thread 0x000000001d194000 Uncommon trap: reason=bimorphic action=maybe_recompile pc=0x0000000003c11894 method=java.io.DataInputStream.readUnsignedShort()I @ 4
Event: 381.174 Thread 0x000000001d194000 Uncommon trap: reason=bimorphic action=maybe_recompile pc=0x0000000003c11894 method=java.io.DataInputStream.readUnsignedShort()I @ 4
Event: 386.455 Thread 0x000000001d194000 Uncommon trap: reason=unstable_if action=reinterpret pc=0x0000000004b0c384 method=com.android.builder.files.RelativeFile.equals(Ljava/lang/Object;)Z @ 25
Event: 386.483 Thread 0x000000001d194000 Uncommon trap: reason=unstable_if action=reinterpret pc=0x00000000064d7d28 method=com.google.common.collect.RegularImmutableMap.makeImmutable(Ljava/util/Map$Entry;Ljava/lang/Object;Ljava/lang/Object;)Lcom/google/common/collect/ImmutableMapEntry; @ 4
Event: 386.483 Thread 0x000000001d194000 Uncommon trap: reason=unstable_if action=reinterpret pc=0x000000000551ec14 method=com.google.common.collect.RegularImmutableMap.makeImmutable(Ljava/util/Map$Entry;Ljava/lang/Object;Ljava/lang/Object;)Lcom/google/common/collect/ImmutableMapEntry; @ 4
Event: 387.725 Thread 0x000000001ef5f000 Uncommon trap: reason=bimorphic action=maybe_recompile pc=0x00000000031e1000 method=java.util.Collections$2.tryAdvance(Ljava/util/function/Consumer;)Z @ 29
Event: 387.725 Thread 0x000000001ef5f000 Uncommon trap: reason=predicate action=maybe_recompile pc=0x0000000004bd513c method=com.google.common.collect.Lists.indexOfRandomAccess(Ljava/util/List;Ljava/lang/Object;)I @ 46

Classes redefined (0 events):
No events

Internal exceptions (10 events):
Event: 511.582 Thread 0x0000000020bb8000 Exception <a 'sun/nio/fs/WindowsException'> (0x00000000e11341a0) thrown at [D:\src\AOSP-openjdk-cygwin\jdk8u\hotspot\src\share\vm\prims\jni.cpp, line 709]
Event: 511.582 Thread 0x0000000020bb8000 Exception <a 'sun/nio/fs/WindowsException'> (0x00000000e1134d08) thrown at [D:\src\AOSP-openjdk-cygwin\jdk8u\hotspot\src\share\vm\prims\jni.cpp, line 709]
Event: 511.582 Thread 0x0000000020bb8000 Exception <a 'sun/nio/fs/WindowsException'> (0x00000000e1137880) thrown at [D:\src\AOSP-openjdk-cygwin\jdk8u\hotspot\src\share\vm\prims\jni.cpp, line 709]
Event: 511.582 Thread 0x0000000020bb8000 Exception <a 'sun/nio/fs/WindowsException'> (0x00000000e11383f8) thrown at [D:\src\AOSP-openjdk-cygwin\jdk8u\hotspot\src\share\vm\prims\jni.cpp, line 709]
Event: 511.582 Thread 0x0000000020bb8000 Exception <a 'sun/nio/fs/WindowsException'> (0x00000000e113a580) thrown at [D:\src\AOSP-openjdk-cygwin\jdk8u\hotspot\src\share\vm\prims\jni.cpp, line 709]
Event: 511.582 Thread 0x0000000020bb8000 Exception <a 'sun/nio/fs/WindowsException'> (0x00000000e113b118) thrown at [D:\src\AOSP-openjdk-cygwin\jdk8u\hotspot\src\share\vm\prims\jni.cpp, line 709]
Event: 511.583 Thread 0x0000000020bb8000 Exception <a 'sun/nio/fs/WindowsException'> (0x00000000e113ddd0) thrown at [D:\src\AOSP-openjdk-cygwin\jdk8u\hotspot\src\share\vm\prims\jni.cpp, line 709]
Event: 511.583 Thread 0x0000000020bb8000 Exception <a 'sun/nio/fs/WindowsException'> (0x00000000e113e978) thrown at [D:\src\AOSP-openjdk-cygwin\jdk8u\hotspot\src\share\vm\prims\jni.cpp, line 709]
Event: 511.583 Thread 0x0000000020bb8000 Exception <a 'sun/nio/fs/WindowsException'> (0x00000000e1140b78) thrown at [D:\src\AOSP-openjdk-cygwin\jdk8u\hotspot\src\share\vm\prims\jni.cpp, line 709]
Event: 511.583 Thread 0x0000000020bb8000 Exception <a 'sun/nio/fs/WindowsException'> (0x00000000e1141740) thrown at [D:\src\AOSP-openjdk-cygwin\jdk8u\hotspot\src\share\vm\prims\jni.cpp, line 709]

Events (10 events):
Event: 511.692 Executing VM operation: RevokeBias
Event: 511.692 Executing VM operation: RevokeBias done
Event: 511.692 Executing VM operation: RevokeBias
Event: 511.692 Executing VM operation: RevokeBias done
Event: 511.693 Executing VM operation: RevokeBias
Event: 511.693 Executing VM operation: RevokeBias done
Event: 511.694 Executing VM operation: RevokeBias
Event: 511.694 Executing VM operation: RevokeBias done
Event: 511.697 Executing VM operation: RevokeBias
Event: 511.697 Executing VM operation: RevokeBias done


Dynamic libraries:
0x00007ff645160000 - 0x00007ff645191000 	C:\Program Files\Android\Android Studio\jre\bin\java.exe
0x00007ff934060000 - 0x00007ff934241000 	C:\WINDOWS\SYSTEM32\ntdll.dll
0x00007ff9317c0000 - 0x00007ff931871000 	C:\WINDOWS\System32\KERNEL32.DLL
0x00007ff9309b0000 - 0x00007ff930c23000 	C:\WINDOWS\System32\KERNELBASE.dll
0x00007ff9338d0000 - 0x00007ff933971000 	C:\WINDOWS\System32\ADVAPI32.dll
0x00007ff933ce0000 - 0x00007ff933d7e000 	C:\WINDOWS\System32\msvcrt.dll
0x00007ff9314f0000 - 0x00007ff93154b000 	C:\WINDOWS\System32\sechost.dll
0x00007ff931690000 - 0x00007ff9317b4000 	C:\WINDOWS\System32\RPCRT4.dll
0x00007ff933ea0000 - 0x00007ff934030000 	C:\WINDOWS\System32\USER32.dll
0x00007ff930620000 - 0x00007ff930640000 	C:\WINDOWS\System32\win32u.dll
0x00007ff933d80000 - 0x00007ff933da8000 	C:\WINDOWS\System32\GDI32.dll
0x00007ff930810000 - 0x00007ff9309a2000 	C:\WINDOWS\System32\gdi32full.dll
0x00007ff930ce0000 - 0x00007ff930d7f000 	C:\WINDOWS\System32\msvcp_win.dll
0x00007ff930640000 - 0x00007ff930738000 	C:\WINDOWS\System32\ucrtbase.dll
0x00007ff918ca0000 - 0x00007ff918f09000 	C:\WINDOWS\WinSxS\amd64_microsoft.windows.common-controls_6595b64144ccf1df_6.0.17134.765_none_fb42a1a930655896\COMCTL32.dll
0x00007ff9335a0000 - 0x00007ff9338c2000 	C:\WINDOWS\System32\combase.dll
0x00007ff930790000 - 0x00007ff93080a000 	C:\WINDOWS\System32\bcryptPrimitives.dll
0x00007ff931920000 - 0x00007ff93194d000 	C:\WINDOWS\System32\IMM32.DLL
0x0000000058940000 - 0x0000000058a12000 	C:\Program Files\Android\Android Studio\jre\jre\bin\msvcr100.dll
0x0000000058a20000 - 0x0000000059261000 	C:\Program Files\Android\Android Studio\jre\jre\bin\server\jvm.dll
0x00007ff933af0000 - 0x00007ff933af8000 	C:\WINDOWS\System32\PSAPI.DLL
0x00007ff92c500000 - 0x00007ff92c50a000 	C:\WINDOWS\SYSTEM32\VERSION.dll
0x00007ff92e300000 - 0x00007ff92e323000 	C:\WINDOWS\SYSTEM32\WINMM.dll
0x00007ff920220000 - 0x00007ff920229000 	C:\WINDOWS\SYSTEM32\WSOCK32.dll
0x00007ff931bf0000 - 0x00007ff931c5c000 	C:\WINDOWS\System32\WS2_32.dll
0x00007ff92e2d0000 - 0x00007ff92e2fa000 	C:\WINDOWS\SYSTEM32\WINMMBASE.dll
0x00007ff930740000 - 0x00007ff930789000 	C:\WINDOWS\System32\cfgmgr32.dll
0x00007ff92e000000 - 0x00007ff92e00f000 	C:\Program Files\Android\Android Studio\jre\jre\bin\verify.dll
0x00007ff92cf00000 - 0x00007ff92cf29000 	C:\Program Files\Android\Android Studio\jre\jre\bin\java.dll
0x00007ff92cee0000 - 0x00007ff92cef6000 	C:\Program Files\Android\Android Studio\jre\jre\bin\zip.dll
0x00007ff931c60000 - 0x00007ff9330a0000 	C:\WINDOWS\System32\SHELL32.dll
0x00007ff9334f0000 - 0x00007ff933599000 	C:\WINDOWS\System32\shcore.dll
0x00007ff930de0000 - 0x00007ff9314ed000 	C:\WINDOWS\System32\windows.storage.dll
0x00007ff931950000 - 0x00007ff9319a1000 	C:\WINDOWS\System32\shlwapi.dll
0x00007ff930410000 - 0x00007ff930421000 	C:\WINDOWS\System32\kernel.appcore.dll
0x00007ff930390000 - 0x00007ff9303af000 	C:\WINDOWS\System32\profapi.dll
0x00007ff9303c0000 - 0x00007ff93040c000 	C:\WINDOWS\System32\powrprof.dll
0x00007ff9303b0000 - 0x00007ff9303ba000 	C:\WINDOWS\System32\FLTLIB.DLL
0x00007ff92cec0000 - 0x00007ff92ceda000 	C:\Program Files\Android\Android Studio\jre\jre\bin\net.dll
0x00007ff92fbf0000 - 0x00007ff92fc56000 	C:\WINDOWS\system32\mswsock.dll
0x00007ff91f150000 - 0x00007ff91f161000 	C:\Program Files\Android\Android Studio\jre\jre\bin\nio.dll
0x00007ff92e170000 - 0x00007ff92e18e000 	C:\Users\Hp\.gradle\native\25\windows-amd64\native-platform.dll
0x00007ff92cf50000 - 0x00007ff92cf5d000 	C:\Program Files\Android\Android Studio\jre\jre\bin\management.dll
0x00007ff92fdb0000 - 0x00007ff92fdc7000 	C:\WINDOWS\SYSTEM32\CRYPTSP.dll
0x00007ff92f770000 - 0x00007ff92f7a3000 	C:\WINDOWS\system32\rsaenh.dll
0x00007ff92fed0000 - 0x00007ff92fef5000 	C:\WINDOWS\SYSTEM32\bcrypt.dll
0x00007ff930270000 - 0x00007ff930298000 	C:\WINDOWS\SYSTEM32\USERENV.dll
0x00007ff92fda0000 - 0x00007ff92fdab000 	C:\WINDOWS\SYSTEM32\CRYPTBASE.dll
0x00007ff92f910000 - 0x00007ff92f948000 	C:\WINDOWS\SYSTEM32\IPHLPAPI.DLL
0x00007ff933ae0000 - 0x00007ff933ae8000 	C:\WINDOWS\System32\NSI.dll
0x00007ff929a30000 - 0x00007ff929a46000 	C:\WINDOWS\SYSTEM32\dhcpcsvc6.DLL
0x00007ff92a140000 - 0x00007ff92a15a000 	C:\WINDOWS\SYSTEM32\dhcpcsvc.DLL
0x00007ff8f92a0000 - 0x00007ff8f9437000 	C:\Program Files\Android\Android Studio\jre\jre\bin\awt.dll
0x00007ff931550000 - 0x00007ff931612000 	C:\WINDOWS\System32\OLEAUT32.dll
0x00007ff92d380000 - 0x00007ff92d947000 	C:\WINDOWS\SYSTEM32\d2d1.dll
0x00007ff92e440000 - 0x00007ff92e4cb000 	C:\WINDOWS\SYSTEM32\apphelp.dll
0x00007ff92e9f0000 - 0x00007ff92ea19000 	C:\WINDOWS\system32\DWMAPI.DLL
0x00007ff92e6a0000 - 0x00007ff92e738000 	C:\WINDOWS\system32\uxtheme.dll
0x00007ff92f4e0000 - 0x00007ff92f511000 	C:\WINDOWS\SYSTEM32\ntmarta.dll

VM Arguments:
jvm_args: -Xmx1536m -Dfile.encoding=windows-1252 -Duser.country=US -Duser.language=en -Duser.variant 
java_command: org.gradle.launcher.daemon.bootstrap.GradleDaemon 4.10.1
java_class_path (initial): C:\Users\Hp\.gradle\wrapper\dists\gradle-4.10.1-all\455itskqi2qtf0v2sja68alqd\gradle-4.10.1\lib\gradle-launcher-4.10.1.jar
Launcher Type: SUN_STANDARD

Environment Variables:
PATH="C:\ProgramData\Oracle\Java\javapath;C:\Program Files\Java\jdk-9.0.1\bin";C:\Program Files (x86)\Intel\Intel(R) Management Engine Components\iCLS\;C:\Program Files\Intel\Intel(R) Management Engine Components\iCLS\;C:\windows\system32;C:\windows;C:\windows\System32\Wbem;C:\windows\System32\WindowsPowerShell\v1.0\;C:\Program Files (x86)\Intel\Intel(R) Management Engine Components\DAL;C:\Program Files\Intel\Intel(R) Management Engine Components\DAL;C:\Program Files (x86)\Intel\Intel(R) Management Engine Components\IPT;C:\Program Files\Intel\Intel(R) Management Engine Components\IPT;C:\Program Files (x86)\NVIDIA Corporation\PhysX\Common;C:\Program Files\Git\cmd;C:\WINDOWS\system32;C:\WINDOWS;C:\WINDOWS\System32\Wbem;C:\WINDOWS\System32\WindowsPowerShell\v1.0\;C:\WINDOWS\System32\OpenSSH\;"C:\Users\Hp\AppData\Local\Microsoft\WindowsApps;C:\Users\Hp\AppData\Local\Android\Sdk\platform-tools";C:\Users\Hp\AppData\Local\atom\bin;%USERPROFILE%\AppData\Local\Microsoft\WindowsApps
USERNAME=Hp
OS=Windows_NT
PROCESSOR_IDENTIFIER=Intel64 Family 6 Model 142 Stepping 10, GenuineIntel



---------------  S Y S T E M  ---------------

OS: Windows 10.0 , 64 bit Build 17134 (10.0.17134.753)

CPU:total 8 (initial active 8) (4 cores per cpu, 2 threads per core) family 6 model 142 stepping 10, cmov, cx8, fxsr, mmx, sse, sse2, sse3, ssse3, sse4.1, sse4.2, popcnt, avx, avx2, aes, clmul, erms, 3dnowpref, lzcnt, ht, tsc, tscinvbit, bmi1, bmi2, adx

Memory: 4k page, physical 8301668k(1272896k free), swap 8301668k(6264k free)

vm_info: OpenJDK 64-Bit Server VM (25.152-b01) for windows-amd64 JRE (1.8.0_152-release-1248-b01), built by "builder" with MS VC++ 10.0 (VS2010)

time: Sat May 18 14:23:01 2019
elapsed time: 512 seconds (0d 0h 8m 32s)

