#
# There is insufficient memory for the Java Runtime Environment to continue.
# Native memory allocation (malloc) failed to allocate 1297536 bytes for Chunk::new
# Possible reasons:
#   The system is out of physical RAM or swap space
#   In 32 bit mode, the process size limit was hit
# Possible solutions:
#   Reduce memory load on the system
#   Increase physical memory or swap space
#   Check if swap backing store is full
#   Use 64 bit Java on a 64 bit OS
#   Decrease Java heap size (-Xmx/-Xms)
#   Decrease number of Java threads
#   Decrease Java thread stack sizes (-Xss)
#   Set larger code cache with -XX:ReservedCodeCacheSize=
# This output file may be truncated or incomplete.
#
#  Out of Memory Error (allocation.cpp:390), pid=15688, tid=0x0000000000002a54
#
# JRE version: OpenJDK Runtime Environment (8.0_152-b01) (build 1.8.0_152-release-1248-b01)
# Java VM: OpenJDK 64-Bit Server VM (25.152-b01 mixed mode windows-amd64 compressed oops)
# Failed to write core dump. Minidumps are not enabled by default on client versions of Windows
#

---------------  T H R E A D  ---------------

Current thread (0x0000000017e0c000):  JavaThread "C2 CompilerThread0" daemon [_thread_in_native, id=10836, stack(0x00000000185d0000,0x00000000186d0000)]

Stack: [0x00000000185d0000,0x00000000186d0000]
[error occurred during error reporting (printing stack bounds), id 0xc0000005]

Native frames: (J=compiled Java code, j=interpreted, Vv=VM code, C=native code)


Current CompileTask:
C2:   9434 7241   !   4       java.io.ObjectOutputStream::writeObject0 (619 bytes)


---------------  P R O C E S S  ---------------

Java Threads: ( => current thread )
  0x000000002365a000 JavaThread "Cache worker for Build Output Cleanup Cache (G:\AndroidStudioProjects\Traffic\TrafficLive\.gradle\buildOutputCleanup)" [_thread_blocked, id=16472, stack(0x0000000026970000,0x0000000026a70000)]
  0x0000000023659000 JavaThread "Cache worker for task history cache (G:\AndroidStudioProjects\Traffic\TrafficLive\.gradle\4.10.1\taskHistory)" [_thread_blocked, id=9244, stack(0x0000000026870000,0x0000000026970000)]
  0x0000000023657000 JavaThread "Task worker for ':' Thread 7" [_thread_blocked, id=17604, stack(0x0000000026770000,0x0000000026870000)]
  0x000000001c0a1000 JavaThread "Task worker for ':' Thread 6" [_thread_blocked, id=7400, stack(0x0000000026670000,0x0000000026770000)]
  0x000000001c0a7000 JavaThread "Task worker for ':' Thread 5" [_thread_blocked, id=17572, stack(0x0000000026570000,0x0000000026670000)]
  0x000000001c0a6000 JavaThread "Task worker for ':' Thread 4" [_thread_in_native, id=236, stack(0x0000000025200000,0x0000000025300000)]
  0x000000001c0a5800 JavaThread "Task worker for ':' Thread 3" [_thread_blocked, id=14128, stack(0x0000000025100000,0x0000000025200000)]
  0x000000001c0a4800 JavaThread "Task worker for ':' Thread 2" [_thread_blocked, id=5332, stack(0x0000000025000000,0x0000000025100000)]
  0x000000001c0a3000 JavaThread "Task worker for ':'" [_thread_blocked, id=17524, stack(0x0000000024f00000,0x0000000025000000)]
  0x000000001c0a0000 JavaThread "Cache worker for file content cache (G:\AndroidStudioProjects\Traffic\TrafficLive\.gradle\4.10.1\fileContent)" [_thread_blocked, id=8516, stack(0x0000000024e00000,0x0000000024f00000)]
  0x0000000020bf9000 JavaThread "Cache worker for file content cache (C:\Users\Hp\.gradle\caches\4.10.1\fileContent)" [_thread_blocked, id=15172, stack(0x0000000024d00000,0x0000000024e00000)]
  0x0000000020bfa800 JavaThread "Memory manager" [_thread_blocked, id=9180, stack(0x0000000024a00000,0x0000000024b00000)]
  0x0000000020bf5000 JavaThread "Build operations Thread 8" [_thread_blocked, id=1200, stack(0x0000000022b30000,0x0000000022c30000)]
  0x0000000020bed800 JavaThread "Build operations Thread 7" [_thread_blocked, id=4516, stack(0x0000000022a30000,0x0000000022b30000)]
  0x0000000020bf4800 JavaThread "Build operations Thread 6" [_thread_blocked, id=17672, stack(0x0000000022930000,0x0000000022a30000)]
  0x0000000020bed000 JavaThread "Build operations Thread 5" [_thread_blocked, id=5612, stack(0x0000000022830000,0x0000000022930000)]
  0x0000000020bf3800 JavaThread "Build operations Thread 4" [_thread_blocked, id=9524, stack(0x0000000022730000,0x0000000022830000)]
  0x0000000020bec000 JavaThread "Build operations Thread 3" [_thread_blocked, id=4740, stack(0x0000000022630000,0x0000000022730000)]
  0x0000000020bf3000 JavaThread "Build operations Thread 2" [_thread_blocked, id=8828, stack(0x0000000022530000,0x0000000022630000)]
  0x0000000020bf0800 JavaThread "Build operations" [_thread_blocked, id=16296, stack(0x0000000022430000,0x0000000022530000)]
  0x0000000017e19800 JavaThread "Cache worker for Artifact transforms cache (C:\Users\Hp\.gradle\caches\transforms-1)" [_thread_blocked, id=1936, stack(0x0000000022330000,0x0000000022430000)]
  0x0000000017e19000 JavaThread "Cache worker for cache directory md-rule (C:\Users\Hp\.gradle\caches\4.10.1\md-rule)" [_thread_blocked, id=2924, stack(0x0000000022230000,0x0000000022330000)]
  0x0000000017e18000 JavaThread "Cache worker for cache directory md-supplier (C:\Users\Hp\.gradle\caches\4.10.1\md-supplier)" [_thread_blocked, id=14152, stack(0x0000000021f20000,0x0000000022020000)]
  0x0000000017e1c000 JavaThread "Cache worker for journal cache (C:\Users\Hp\.gradle\caches\journal-1)" [_thread_blocked, id=5848, stack(0x000000001d9c0000,0x000000001dac0000)]
  0x000000001c03f800 JavaThread "Cache worker for file hash cache (G:\AndroidStudioProjects\Traffic\TrafficLive\.gradle\4.10.1\fileHashes)" [_thread_blocked, id=14476, stack(0x000000001c8f0000,0x000000001c9f0000)]
  0x000000001b529000 JavaThread "File lock request listener" [_thread_in_native, id=11640, stack(0x000000001c7f0000,0x000000001c8f0000)]
  0x000000001b528800 JavaThread "Cache worker for file hash cache (C:\Users\Hp\.gradle\caches\4.10.1\fileHashes)" [_thread_blocked, id=16104, stack(0x000000001c6f0000,0x000000001c7f0000)]
  0x0000000019f58800 JavaThread "Stdin handler" [_thread_blocked, id=11040, stack(0x000000001b120000,0x000000001b220000)]
  0x0000000019f61000 JavaThread "Asynchronous log dispatcher for DefaultDaemonConnection: socket connection from /127.0.0.1:58987 to /127.0.0.1:58988" [_thread_blocked, id=17640, stack(0x000000001b020000,0x000000001b120000)]
  0x0000000019f59800 JavaThread "Daemon worker" [_thread_blocked, id=14280, stack(0x000000001af20000,0x000000001b020000)]
  0x0000000019f4f000 JavaThread "Cancel handler" [_thread_blocked, id=4720, stack(0x000000001ae20000,0x000000001af20000)]
  0x0000000019f84800 JavaThread "Handler for socket connection from /127.0.0.1:58987 to /127.0.0.1:58988" [_thread_in_native, id=12748, stack(0x000000001ad20000,0x000000001ae20000)]
  0x0000000019f84000 JavaThread "Daemon" [_thread_blocked, id=11972, stack(0x000000001ac20000,0x000000001ad20000)]
  0x0000000018c72800 JavaThread "Daemon periodic checks" [_thread_blocked, id=2416, stack(0x000000001ab20000,0x000000001ac20000)]
  0x0000000019f48000 JavaThread "Incoming local TCP Connector on port 58987" [_thread_in_native, id=12096, stack(0x000000001a8e0000,0x000000001a9e0000)]
  0x0000000017eac800 JavaThread "Service Thread" daemon [_thread_blocked, id=15900, stack(0x00000000189d0000,0x0000000018ad0000)]
  0x0000000017e1c800 JavaThread "C1 CompilerThread3" daemon [_thread_blocked, id=6372, stack(0x00000000188d0000,0x00000000189d0000)]
  0x0000000017e12800 JavaThread "C2 CompilerThread2" daemon [_thread_in_vm, id=11712, stack(0x00000000187d0000,0x00000000188d0000)]
  0x0000000017e0f000 JavaThread "C2 CompilerThread1" daemon [_thread_blocked, id=15720, stack(0x00000000186d0000,0x00000000187d0000)]
=>0x0000000017e0c000 JavaThread "C2 CompilerThread0" daemon [_thread_in_native, id=10836, stack(0x00000000185d0000,0x00000000186d0000)]
  0x0000000017e0b000 JavaThread "Attach Listener" daemon [_thread_blocked, id=14992, stack(0x00000000184d0000,0x00000000185d0000)]
  0x0000000017e16000 JavaThread "Signal Dispatcher" daemon [_thread_blocked, id=3892, stack(0x00000000183d0000,0x00000000184d0000)]
  0x00000000033de000 JavaThread "Finalizer" daemon [_thread_blocked, id=8952, stack(0x00000000181e0000,0x00000000182e0000)]
  0x00000000033d5000 JavaThread "Reference Handler" daemon [_thread_blocked, id=6540, stack(0x0000000017ce0000,0x0000000017de0000)]
  0x000000000324e000 JavaThread "main" [_thread_blocked, id=17896, stack(0x0000000003100000,0x0000000003200000)]

Other Threads:
  0x0000000015ef6000 VMThread [stack: 0x0000000017be0000,0x0000000017ce0000] [id=5140]
  0x0000000017ead800 WatcherThread [stack: 0x0000000018ad0000,0x0000000018bd0000] [id=10304]

VM state:not at safepoint (normal execution)

VM Mutex/Monitor currently owned by a thread: None

Heap:
 PSYoungGen      total 148480K, used 113336K [0x00000000eab00000, 0x00000000f5c80000, 0x0000000100000000)
  eden space 129024K, 87% used [0x00000000eab00000,0x00000000f19ae378,0x00000000f2900000)
  from space 19456K, 0% used [0x00000000f3e80000,0x00000000f3e80000,0x00000000f5180000)
  to   space 22016K, 0% used [0x00000000f2900000,0x00000000f2900000,0x00000000f3e80000)
 ParOldGen       total 148992K, used 33150K [0x00000000c0000000, 0x00000000c9180000, 0x00000000eab00000)
  object space 148992K, 22% used [0x00000000c0000000,0x00000000c205f878,0x00000000c9180000)
 Metaspace       used 58984K, capacity 60508K, committed 60672K, reserved 1101824K
  class space    used 8004K, capacity 8420K, committed 8448K, reserved 1048576K

Card table byte_map: [0x00000000127a0000,0x00000000129b0000] byte_map_base: 0x00000000121a0000

Marking Bits: (ParMarkBitMap*) 0x000000006cf25aa0
 Begin Bits: [0x0000000013310000, 0x0000000014310000)
 End Bits:   [0x0000000014310000, 0x0000000015310000)

Polling page: 0x00000000013e0000

CodeCache: size=245760Kb used=21344Kb max_used=21368Kb free=224415Kb
 bounds [0x00000000033e0000, 0x00000000048e0000, 0x00000000123e0000]
 total_blobs=7234 nmethods=6453 adapters=694
 compilation: enabled

Compilation events (10 events):
Event: 9.412 Thread 0x0000000017e12800 7292       4       java.nio.charset.CharsetEncoder::<init> (113 bytes)
Event: 9.414 Thread 0x0000000017e1c800 7293       1       org.gradle.internal.fingerprint.impl.AbsolutePathFingerprintingStrategy::access$000 (5 bytes)
Event: 9.414 Thread 0x0000000017e1c800 nmethod 7293 0x00000000048b8ad0 code [0x00000000048b8c20, 0x00000000048b8d10]
Event: 9.415 Thread 0x0000000017e12800 nmethod 7292 0x00000000048ba410 code [0x00000000048ba580, 0x00000000048bab18]
Event: 9.422 Thread 0x0000000017e0f000 7294   !   4       org.gradle.internal.concurrent.ExecutorPolicy$CatchAndRecordFailures::onExecute (29 bytes)
Event: 9.423 Thread 0x0000000017e12800 7295   !   4       org.gradle.internal.serialize.kryo.KryoBackedDecoder::readBytes (23 bytes)
Event: 9.423 Thread 0x0000000017e0f000 nmethod 7294 0x00000000048b9fd0 code [0x00000000048ba140, 0x00000000048ba298]
Event: 9.426 Thread 0x0000000017e12800 nmethod 7295 0x00000000048b9750 code [0x00000000048b98c0, 0x00000000048b9cf8]
Event: 9.427 Thread 0x0000000017e0f000 7296       4       sun.nio.cs.UTF_8::newEncoder (10 bytes)
Event: 9.428 Thread 0x0000000017e0f000 nmethod 7296 0x00000000048c3990 code [0x00000000048c3ae0, 0x00000000048c3be8]

GC Heap History (10 events):
Event: 5.612 GC heap before
{Heap before GC invocations=13 (full 2):
 PSYoungGen      total 102912K, used 102895K [0x00000000eab00000, 0x00000000f2000000, 0x0000000100000000)
  eden space 91136K, 100% used [0x00000000eab00000,0x00000000f0400000,0x00000000f0400000)
  from space 11776K, 99% used [0x00000000f1480000,0x00000000f1ffbf78,0x00000000f2000000)
  to   space 13312K, 0% used [0x00000000f0600000,0x00000000f0600000,0x00000000f1300000)
 ParOldGen       total 100352K, used 16423K [0x00000000c0000000, 0x00000000c6200000, 0x00000000eab00000)
  object space 100352K, 16% used [0x00000000c0000000,0x00000000c1009cb0,0x00000000c6200000)
 Metaspace       used 44192K, capacity 44942K, committed 45312K, reserved 1087488K
  class space    used 6038K, capacity 6298K, committed 6400K, reserved 1048576K
Event: 5.619 GC heap after
Heap after GC invocations=13 (full 2):
 PSYoungGen      total 106496K, used 10773K [0x00000000eab00000, 0x00000000f3200000, 0x0000000100000000)
  eden space 93184K, 0% used [0x00000000eab00000,0x00000000eab00000,0x00000000f0600000)
  from space 13312K, 80% used [0x00000000f0600000,0x00000000f1085708,0x00000000f1300000)
  to   space 13824K, 0% used [0x00000000f2480000,0x00000000f2480000,0x00000000f3200000)
 ParOldGen       total 100352K, used 16431K [0x00000000c0000000, 0x00000000c6200000, 0x00000000eab00000)
  object space 100352K, 16% used [0x00000000c0000000,0x00000000c100bcb0,0x00000000c6200000)
 Metaspace       used 44192K, capacity 44942K, committed 45312K, reserved 1087488K
  class space    used 6038K, capacity 6298K, committed 6400K, reserved 1048576K
}
Event: 6.397 GC heap before
{Heap before GC invocations=14 (full 2):
 PSYoungGen      total 106496K, used 103957K [0x00000000eab00000, 0x00000000f3200000, 0x0000000100000000)
  eden space 93184K, 100% used [0x00000000eab00000,0x00000000f0600000,0x00000000f0600000)
  from space 13312K, 80% used [0x00000000f0600000,0x00000000f1085708,0x00000000f1300000)
  to   space 13824K, 0% used [0x00000000f2480000,0x00000000f2480000,0x00000000f3200000)
 ParOldGen       total 100352K, used 16431K [0x00000000c0000000, 0x00000000c6200000, 0x00000000eab00000)
  object space 100352K, 16% used [0x00000000c0000000,0x00000000c100bcb0,0x00000000c6200000)
 Metaspace       used 48124K, capacity 48932K, committed 49024K, reserved 1091584K
  class space    used 6476K, capacity 6747K, committed 6784K, reserved 1048576K
Event: 6.405 GC heap after
Heap after GC invocations=14 (full 2):
 PSYoungGen      total 122880K, used 13023K [0x00000000eab00000, 0x00000000f3700000, 0x0000000100000000)
  eden space 109056K, 0% used [0x00000000eab00000,0x00000000eab00000,0x00000000f1580000)
  from space 13824K, 94% used [0x00000000f2480000,0x00000000f3137f58,0x00000000f3200000)
  to   space 15360K, 0% used [0x00000000f1580000,0x00000000f1580000,0x00000000f2480000)
 ParOldGen       total 100352K, used 16503K [0x00000000c0000000, 0x00000000c6200000, 0x00000000eab00000)
  object space 100352K, 16% used [0x00000000c0000000,0x00000000c101dcc0,0x00000000c6200000)
 Metaspace       used 48124K, capacity 48932K, committed 49024K, reserved 1091584K
  class space    used 6476K, capacity 6747K, committed 6784K, reserved 1048576K
}
Event: 7.598 GC heap before
{Heap before GC invocations=15 (full 2):
 PSYoungGen      total 122880K, used 122079K [0x00000000eab00000, 0x00000000f3700000, 0x0000000100000000)
  eden space 109056K, 100% used [0x00000000eab00000,0x00000000f1580000,0x00000000f1580000)
  from space 13824K, 94% used [0x00000000f2480000,0x00000000f3137f58,0x00000000f3200000)
  to   space 15360K, 0% used [0x00000000f1580000,0x00000000f1580000,0x00000000f2480000)
 ParOldGen       total 100352K, used 16503K [0x00000000c0000000, 0x00000000c6200000, 0x00000000eab00000)
  object space 100352K, 16% used [0x00000000c0000000,0x00000000c101dcc0,0x00000000c6200000)
 Metaspace       used 54827K, capacity 55994K, committed 56192K, reserved 1097728K
  class space    used 7442K, capacity 7777K, committed 7808K, reserved 1048576K
Event: 7.611 GC heap after
Heap after GC invocations=15 (full 2):
 PSYoungGen      total 124416K, used 15328K [0x00000000eab00000, 0x00000000f5180000, 0x0000000100000000)
  eden space 109056K, 0% used [0x00000000eab00000,0x00000000eab00000,0x00000000f1580000)
  from space 15360K, 99% used [0x00000000f1580000,0x00000000f2478090,0x00000000f2480000)
  to   space 19456K, 0% used [0x00000000f3e80000,0x00000000f3e80000,0x00000000f5180000)
 ParOldGen       total 100352K, used 22103K [0x00000000c0000000, 0x00000000c6200000, 0x00000000eab00000)
  object space 100352K, 22% used [0x00000000c0000000,0x00000000c1595d68,0x00000000c6200000)
 Metaspace       used 54827K, capacity 55994K, committed 56192K, reserved 1097728K
  class space    used 7442K, capacity 7777K, committed 7808K, reserved 1048576K
}
Event: 8.001 GC heap before
{Heap before GC invocations=16 (full 2):
 PSYoungGen      total 124416K, used 59680K [0x00000000eab00000, 0x00000000f5180000, 0x0000000100000000)
  eden space 109056K, 40% used [0x00000000eab00000,0x00000000ed6501c0,0x00000000f1580000)
  from space 15360K, 99% used [0x00000000f1580000,0x00000000f2478090,0x00000000f2480000)
  to   space 19456K, 0% used [0x00000000f3e80000,0x00000000f3e80000,0x00000000f5180000)
 ParOldGen       total 100352K, used 22103K [0x00000000c0000000, 0x00000000c6200000, 0x00000000eab00000)
  object space 100352K, 22% used [0x00000000c0000000,0x00000000c1595d68,0x00000000c6200000)
 Metaspace       used 57534K, capacity 59000K, committed 59008K, reserved 1099776K
  class space    used 7866K, capacity 8312K, committed 8320K, reserved 1048576K
Event: 8.015 GC heap after
Heap after GC invocations=16 (full 2):
 PSYoungGen      total 148480K, used 19443K [0x00000000eab00000, 0x00000000f5c80000, 0x0000000100000000)
  eden space 129024K, 0% used [0x00000000eab00000,0x00000000eab00000,0x00000000f2900000)
  from space 19456K, 99% used [0x00000000f3e80000,0x00000000f517cf10,0x00000000f5180000)
  to   space 22016K, 0% used [0x00000000f2900000,0x00000000f2900000,0x00000000f3e80000)
 ParOldGen       total 100352K, used 22353K [0x00000000c0000000, 0x00000000c6200000, 0x00000000eab00000)
  object space 100352K, 22% used [0x00000000c0000000,0x00000000c15d4518,0x00000000c6200000)
 Metaspace       used 57534K, capacity 59000K, committed 59008K, reserved 1099776K
  class space    used 7866K, capacity 8312K, committed 8320K, reserved 1048576K
}
Event: 8.015 GC heap before
{Heap before GC invocations=17 (full 3):
 PSYoungGen      total 148480K, used 19443K [0x00000000eab00000, 0x00000000f5c80000, 0x0000000100000000)
  eden space 129024K, 0% used [0x00000000eab00000,0x00000000eab00000,0x00000000f2900000)
  from space 19456K, 99% used [0x00000000f3e80000,0x00000000f517cf10,0x00000000f5180000)
  to   space 22016K, 0% used [0x00000000f2900000,0x00000000f2900000,0x00000000f3e80000)
 ParOldGen       total 100352K, used 22353K [0x00000000c0000000, 0x00000000c6200000, 0x00000000eab00000)
  object space 100352K, 22% used [0x00000000c0000000,0x00000000c15d4518,0x00000000c6200000)
 Metaspace       used 57534K, capacity 59000K, committed 59008K, reserved 1099776K
  class space    used 7866K, capacity 8312K, committed 8320K, reserved 1048576K
Event: 8.210 GC heap after
Heap after GC invocations=17 (full 3):
 PSYoungGen      total 148480K, used 0K [0x00000000eab00000, 0x00000000f5c80000, 0x0000000100000000)
  eden space 129024K, 0% used [0x00000000eab00000,0x00000000eab00000,0x00000000f2900000)
  from space 19456K, 0% used [0x00000000f3e80000,0x00000000f3e80000,0x00000000f5180000)
  to   space 22016K, 0% used [0x00000000f2900000,0x00000000f2900000,0x00000000f3e80000)
 ParOldGen       total 148992K, used 33150K [0x00000000c0000000, 0x00000000c9180000, 0x00000000eab00000)
  object space 148992K, 22% used [0x00000000c0000000,0x00000000c205f878,0x00000000c9180000)
 Metaspace       used 57534K, capacity 59000K, committed 59008K, reserved 1099776K
  class space    used 7866K, capacity 8312K, committed 8320K, reserved 1048576K
}

Deoptimization events (10 events):
Event: 9.168 Thread 0x000000001c0a6000 Uncommon trap: reason=class_check action=maybe_recompile pc=0x00000000047a3324 method=java.io.ObjectOutputStream$BlockDataOutputStream.drain()V @ 36
Event: 9.168 Thread 0x000000001c0a6000 Uncommon trap: reason=class_check action=maybe_recompile pc=0x00000000047a3324 method=java.io.ObjectOutputStream$BlockDataOutputStream.drain()V @ 36
Event: 9.168 Thread 0x000000001c0a6000 Uncommon trap: reason=class_check action=maybe_recompile pc=0x00000000047be948 method=java.io.ObjectOutputStream$BlockDataOutputStream.drain()V @ 36
Event: 9.168 Thread 0x000000001c0a6000 Uncommon trap: reason=class_check action=maybe_recompile pc=0x00000000047a3324 method=java.io.ObjectOutputStream$BlockDataOutputStream.drain()V @ 36
Event: 9.168 Thread 0x000000001c0a6000 Uncommon trap: reason=class_check action=maybe_recompile pc=0x00000000047ae464 method=java.io.ObjectOutputStream$BlockDataOutputStream.drain()V @ 36
Event: 9.169 Thread 0x000000001c0a6000 Uncommon trap: reason=class_check action=maybe_recompile pc=0x0000000003e8d278 method=java.io.ObjectOutputStream$BlockDataOutputStream.drain()V @ 36
Event: 9.169 Thread 0x000000001c0a6000 Uncommon trap: reason=unstable_if action=reinterpret pc=0x000000000475561c method=java.io.ObjectStreamClass.writeNonProxy(Ljava/io/ObjectOutputStream;)V @ 65
Event: 9.169 Thread 0x000000001c0a6000 Uncommon trap: reason=unstable_if action=reinterpret pc=0x0000000003c3dfb0 method=java.io.ObjectStreamClass.hasWriteObjectMethod()Z @ 8
Event: 9.169 Thread 0x000000001c0a6000 Uncommon trap: reason=class_check action=maybe_recompile pc=0x00000000044c9a64 method=java.io.ObjectOutputStream$BlockDataOutputStream.drain()V @ 36
Event: 9.176 Thread 0x0000000023659000 Uncommon trap: reason=bimorphic action=maybe_recompile pc=0x0000000003d86728 method=java.io.BufferedInputStream.read1([BII)I @ 39

Classes redefined (0 events):
No events

Internal exceptions (10 events):
Event: 8.509 Thread 0x0000000020bed000 Implicit null exception at 0x00000000041f8e44 to 0x00000000041f90ec
Event: 8.509 Thread 0x0000000020bf3800 Implicit null exception at 0x00000000041f8e44 to 0x00000000041f90ec
Event: 8.509 Thread 0x0000000020bec000 Implicit null exception at 0x00000000041f8e44 to 0x00000000041f90ec
Event: 8.579 Thread 0x0000000020bed000 Implicit null exception at 0x000000000367ebdd to 0x000000000367ed49
Event: 9.014 Thread 0x000000001c0a6000 Exception <a 'java/lang/NoSuchMethodError': <clinit>> (0x00000000ef98ca50) thrown at [D:\src\AOSP-openjdk-cygwin\jdk8u\hotspot\src\share\vm\prims\jni.cpp, line 1613]
Event: 9.088 Thread 0x0000000019f61000 Implicit null exception at 0x00000000047e0e0d to 0x00000000047e25b1
Event: 9.167 Thread 0x000000001c0a6000 Exception <a 'java/lang/NoSuchMethodError': <clinit>> (0x00000000f09aadb0) thrown at [D:\src\AOSP-openjdk-cygwin\jdk8u\hotspot\src\share\vm\prims\jni.cpp, line 1613]
Event: 9.168 Thread 0x000000001c0a6000 Exception <a 'java/lang/NoSuchMethodError': <clinit>> (0x00000000f09b48e0) thrown at [D:\src\AOSP-openjdk-cygwin\jdk8u\hotspot\src\share\vm\prims\jni.cpp, line 1613]
Event: 9.168 Thread 0x000000001c0a6000 Exception <a 'java/lang/NoSuchMethodError': <clinit>> (0x00000000f09cab88) thrown at [D:\src\AOSP-openjdk-cygwin\jdk8u\hotspot\src\share\vm\prims\jni.cpp, line 1613]
Event: 9.169 Thread 0x000000001c0a6000 Exception <a 'java/lang/NoSuchMethodError': <clinit>> (0x00000000f09d5e18) thrown at [D:\src\AOSP-openjdk-cygwin\jdk8u\hotspot\src\share\vm\prims\jni.cpp, line 1613]

Events (10 events):
Event: 9.169 Thread 0x000000001c0a6000 DEOPT UNPACKING pc=0x000000000342557b sp=0x00000000252fd738 mode 2
Event: 9.169 Executing VM operation: BulkRevokeBias
Event: 9.169 Executing VM operation: BulkRevokeBias done
Event: 9.176 loading class com/android/build/gradle/tasks/MergeResources$Flag
Event: 9.176 loading class com/android/build/gradle/tasks/MergeResources$Flag done
Event: 9.176 Thread 0x0000000023659000 Uncommon trap: trap_request=0xffffffc6 fr.pc=0x0000000003d86728
Event: 9.176 Thread 0x0000000023659000 DEOPT PACKING pc=0x0000000003d86728 sp=0x000000002696e720
Event: 9.176 Thread 0x0000000023659000 DEOPT UNPACKING pc=0x000000000342557b sp=0x000000002696e678 mode 2
Event: 9.180 loading class org/gradle/api/internal/changedetection/state/SetValueSnapshot
Event: 9.180 loading class org/gradle/api/internal/changedetection/state/SetValueSnapshot done


Dynamic libraries:
0x00007ff611ea0000 - 0x00007ff611ed1000 	C:\Program Files\Android\Android Studio\jre\bin\java.exe
0x00007ffa5a740000 - 0x00007ffa5a921000 	C:\WINDOWS\SYSTEM32\ntdll.dll
0x00007ffa5a380000 - 0x00007ffa5a431000 	C:\WINDOWS\System32\KERNEL32.DLL
0x00007ffa577c0000 - 0x00007ffa57a33000 	C:\WINDOWS\System32\KERNELBASE.dll
0x00007ffa59b20000 - 0x00007ffa59bc1000 	C:\WINDOWS\System32\ADVAPI32.dll
0x00007ffa583d0000 - 0x00007ffa5846e000 	C:\WINDOWS\System32\msvcrt.dll
0x00007ffa59bd0000 - 0x00007ffa59c2b000 	C:\WINDOWS\System32\sechost.dll
0x00007ffa59c90000 - 0x00007ffa59db4000 	C:\WINDOWS\System32\RPCRT4.dll
0x00007ffa59920000 - 0x00007ffa59ab0000 	C:\WINDOWS\System32\USER32.dll
0x00007ffa577a0000 - 0x00007ffa577c0000 	C:\WINDOWS\System32\win32u.dll
0x00007ffa5a350000 - 0x00007ffa5a378000 	C:\WINDOWS\System32\GDI32.dll
0x00007ffa57600000 - 0x00007ffa57792000 	C:\WINDOWS\System32\gdi32full.dll
0x00007ffa57560000 - 0x00007ffa575ff000 	C:\WINDOWS\System32\msvcp_win.dll
0x00007ffa56d00000 - 0x00007ffa56df8000 	C:\WINDOWS\System32\ucrtbase.dll
0x00007ffa4e3a0000 - 0x00007ffa4e609000 	C:\WINDOWS\WinSxS\amd64_microsoft.windows.common-controls_6595b64144ccf1df_6.0.17134.706_none_fb43a2cb30647007\COMCTL32.dll
0x00007ffa580a0000 - 0x00007ffa583c2000 	C:\WINDOWS\System32\combase.dll
0x00007ffa57a40000 - 0x00007ffa57aba000 	C:\WINDOWS\System32\bcryptPrimitives.dll
0x00007ffa5a320000 - 0x00007ffa5a34d000 	C:\WINDOWS\System32\IMM32.DLL
0x000000006c3a0000 - 0x000000006c472000 	C:\Program Files\Android\Android Studio\jre\jre\bin\msvcr100.dll
0x000000006c760000 - 0x000000006cfa1000 	C:\Program Files\Android\Android Studio\jre\jre\bin\server\jvm.dll
0x00007ffa59910000 - 0x00007ffa59918000 	C:\WINDOWS\System32\PSAPI.DLL
0x00007ffa45770000 - 0x00007ffa45779000 	C:\WINDOWS\SYSTEM32\WSOCK32.dll
0x00007ffa59ab0000 - 0x00007ffa59b1c000 	C:\WINDOWS\System32\WS2_32.dll
0x00007ffa546b0000 - 0x00007ffa546d3000 	C:\WINDOWS\SYSTEM32\WINMM.dll
0x00007ffa55350000 - 0x00007ffa5535a000 	C:\WINDOWS\SYSTEM32\VERSION.dll
0x00007ffa53ad0000 - 0x00007ffa53afa000 	C:\WINDOWS\SYSTEM32\WINMMBASE.dll
0x00007ffa56e00000 - 0x00007ffa56e49000 	C:\WINDOWS\System32\cfgmgr32.dll
0x00007ffa54710000 - 0x00007ffa5471f000 	C:\Program Files\Android\Android Studio\jre\jre\bin\verify.dll
0x00007ffa3e9e0000 - 0x00007ffa3ea09000 	C:\Program Files\Android\Android Studio\jre\jre\bin\java.dll
0x00007ffa45210000 - 0x00007ffa45226000 	C:\Program Files\Android\Android Studio\jre\jre\bin\zip.dll
0x00007ffa58470000 - 0x00007ffa598b0000 	C:\WINDOWS\System32\SHELL32.dll
0x00007ffa59ff0000 - 0x00007ffa5a099000 	C:\WINDOWS\System32\shcore.dll
0x00007ffa56e50000 - 0x00007ffa5755d000 	C:\WINDOWS\System32\windows.storage.dll
0x00007ffa5a6b0000 - 0x00007ffa5a701000 	C:\WINDOWS\System32\shlwapi.dll
0x00007ffa56af0000 - 0x00007ffa56b01000 	C:\WINDOWS\System32\kernel.appcore.dll
0x00007ffa56ab0000 - 0x00007ffa56acf000 	C:\WINDOWS\System32\profapi.dll
0x00007ffa56a60000 - 0x00007ffa56aac000 	C:\WINDOWS\System32\powrprof.dll
0x00007ffa56a50000 - 0x00007ffa56a5a000 	C:\WINDOWS\System32\FLTLIB.DLL
0x00007ffa3dd30000 - 0x00007ffa3dd4a000 	C:\Program Files\Android\Android Studio\jre\jre\bin\net.dll
0x00007ffa562d0000 - 0x00007ffa56336000 	C:\WINDOWS\system32\mswsock.dll
0x00007ffa3dd10000 - 0x00007ffa3dd21000 	C:\Program Files\Android\Android Studio\jre\jre\bin\nio.dll
0x00007ffa3d910000 - 0x00007ffa3d92e000 	C:\Users\Hp\.gradle\native\25\windows-amd64\native-platform.dll
0x00007ffa526d0000 - 0x00007ffa526dd000 	C:\Program Files\Android\Android Studio\jre\jre\bin\management.dll
0x00007ffa56480000 - 0x00007ffa56497000 	C:\WINDOWS\SYSTEM32\CRYPTSP.dll
0x00007ffa55e50000 - 0x00007ffa55e83000 	C:\WINDOWS\system32\rsaenh.dll
0x00007ffa565b0000 - 0x00007ffa565d5000 	C:\WINDOWS\SYSTEM32\bcrypt.dll
0x00007ffa56980000 - 0x00007ffa569a8000 	C:\WINDOWS\SYSTEM32\USERENV.dll
0x00007ffa564a0000 - 0x00007ffa564ab000 	C:\WINDOWS\SYSTEM32\CRYPTBASE.dll
0x00007ffa55ff0000 - 0x00007ffa56028000 	C:\WINDOWS\SYSTEM32\IPHLPAPI.DLL
0x00007ffa5a0a0000 - 0x00007ffa5a0a8000 	C:\WINDOWS\System32\NSI.dll
0x00007ffa4da30000 - 0x00007ffa4da46000 	C:\WINDOWS\SYSTEM32\dhcpcsvc6.DLL
0x00007ffa4da10000 - 0x00007ffa4da2a000 	C:\WINDOWS\SYSTEM32\dhcpcsvc.DLL

VM Arguments:
jvm_args: -Xmx1024m -Dfile.encoding=windows-1252 -Duser.country=US -Duser.language=en -Duser.variant 
java_command: org.gradle.launcher.daemon.bootstrap.GradleDaemon 4.10.1
java_class_path (initial): C:\Users\Hp\.gradle\wrapper\dists\gradle-4.10.1-all\455itskqi2qtf0v2sja68alqd\gradle-4.10.1\lib\gradle-launcher-4.10.1.jar
Launcher Type: SUN_STANDARD

Environment Variables:
PATH="C:\ProgramData\Oracle\Java\javapath;C:\Program Files\Java\jdk-9.0.1\bin";C:\Program Files (x86)\Intel\Intel(R) Management Engine Components\iCLS\;C:\Program Files\Intel\Intel(R) Management Engine Components\iCLS\;C:\windows\system32;C:\windows;C:\windows\System32\Wbem;C:\windows\System32\WindowsPowerShell\v1.0\;C:\Program Files (x86)\Intel\Intel(R) Management Engine Components\DAL;C:\Program Files\Intel\Intel(R) Management Engine Components\DAL;C:\Program Files (x86)\Intel\Intel(R) Management Engine Components\IPT;C:\Program Files\Intel\Intel(R) Management Engine Components\IPT;C:\Program Files (x86)\NVIDIA Corporation\PhysX\Common;C:\Program Files\Git\cmd;C:\WINDOWS\system32;C:\WINDOWS;C:\WINDOWS\System32\Wbem;C:\WINDOWS\System32\WindowsPowerShell\v1.0\;C:\WINDOWS\System32\OpenSSH\;"C:\Users\Hp\AppData\Local\Microsoft\WindowsApps;C:\Users\Hp\AppData\Local\Android\Sdk\platform-tools";C:\Users\Hp\AppData\Local\atom\bin;%USERPROFILE%\AppData\Local\Microsoft\WindowsApps;
USERNAME=Hp
OS=Windows_NT
PROCESSOR_IDENTIFIER=Intel64 Family 6 Model 142 Stepping 10, GenuineIntel



---------------  S Y S T E M  ---------------

OS: Windows 10.0 , 64 bit Build 17134 (10.0.17134.706)

CPU:total 8 (initial active 8) (4 cores per cpu, 2 threads per core) family 6 model 142 stepping 10, cmov, cx8, fxsr, mmx, sse, sse2, sse3, ssse3, sse4.1, sse4.2, popcnt, avx, avx2, aes, clmul, erms, 3dnowpref, lzcnt, ht, tsc, tscinvbit, bmi1, bmi2, adx

Memory: 4k page, physical 8301668k(1124420k free), swap 8301668k(5492k free)

vm_info: OpenJDK 64-Bit Server VM (25.152-b01) for windows-amd64 JRE (1.8.0_152-release-1248-b01), built by "builder" with MS VC++ 10.0 (VS2010)

time: Sat May 04 16:02:13 2019
elapsed time: 9 seconds (0d 0h 0m 9s)

